01:47:26.725 [main                     ] DEBUG Logger               - Configured Logger
01:47:26.745 [main                     ] DEBUG GameApplication      - Logging settings
Title: QQBOMBER-704
Version: 0.1
Width: 800
Height: 600
Fullscreen: false
Intro: false
Profiling: false
Single step:false
App Mode: DEVELOPER
Menu Key: ESCAPE
Stage Style: DECORATED
Scene Factory: class com.game.GameApp$1

01:47:27.427 [JavaFX Application Thread] DEBUG FXGLApplication      - Initializing FXGL
01:47:27.431 [JavaFX Application Thread] INFO  Engine               - FXGL-17.2 (20.08.2022 16.50) on WINDOWS (J:17.0.8 FX:18)
01:47:27.431 [JavaFX Application Thread] DEBUG Engine               - JRE Vendor Name: Oracle Corporation
01:47:27.432 [JavaFX Application Thread] DEBUG Engine               - Running on OS: Windows 11 version 10.0
01:47:27.432 [JavaFX Application Thread] DEBUG Engine               - Architecture: amd64
01:47:27.432 [JavaFX Application Thread] INFO  Engine               - Source code and latest versions at: https://github.com/AlmasB/FXGL
01:47:27.432 [JavaFX Application Thread] INFO  Engine               -       Ask questions and discuss at: https://github.com/AlmasB/FXGL/discussions
01:47:27.432 [JavaFX Application Thread] INFO  Engine               -              Join the FXGL chat at: https://gitter.im/AlmasB/FXGL
01:47:27.504 [JavaFX Application Thread] DEBUG PrimaryStageWindow   - Creating a JavaFX scene
01:47:27.533 [JavaFX Application Thread] DEBUG PrimaryStageWindow   - Target settings size: 800.0 x 600.0
01:47:27.534 [JavaFX Application Thread] DEBUG PrimaryStageWindow   - Scaled scene size:    800.0 x 600.0
01:47:27.534 [JavaFX Application Thread] DEBUG PrimaryStageWindow   - Scaled ratio: (1.0, 1.0)
01:47:27.534 [JavaFX Application Thread] DEBUG PrimaryStageWindow   - Set initial scene to FXGLStartupScene
01:47:27.540 [JavaFX Application Thread] DEBUG PrimaryStageWindow   - Opening main window
01:47:27.608 [JavaFX Application Thread] DEBUG PrimaryStageWindow   - Window border size: (14.4000244140625, 37.5999755859375)
01:47:27.608 [JavaFX Application Thread] DEBUG PrimaryStageWindow   - Scaled size: 800.0 x 600.0
01:47:27.609 [JavaFX Application Thread] DEBUG PrimaryStageWindow   - Scaled ratio: (1.0, 1.0)
01:47:27.609 [JavaFX Application Thread] DEBUG PrimaryStageWindow   - Scene size: 800.0 x 600.0
01:47:27.609 [JavaFX Application Thread] DEBUG PrimaryStageWindow   - Stage size: 814.4000244140625 x 637.5999755859375
01:47:27.614 [FXGL Background Thread 1 ] DEBUG Engine               - Initializing environment variables
01:47:27.644 [FXGL Background Thread 1 ] DEBUG FXGLAssetLoaderServi - User app class for loading assets: class com.game.GameApp
01:47:27.644 [FXGL Background Thread 1 ] DEBUG GameApplicationServi - Applying CSS: fxgl_dark.css
01:47:27.645 [FXGL Background Thread 1 ] DEBUG FXGLAssetLoaderServi - Loading from file system: jar:file:/C:/Users/23256/.m2/repository/com/github/almasb/fxgl/17.2/fxgl-17.2.jar!/fxglassets/ui/css/fxgl_dark.css
01:47:27.670 [FXGL Background Thread 1 ] DEBUG GameApplicationServi - Initializing application scenes
01:47:27.719 [FXGL Background Thread 1 ] DEBUG GameWorld            - Game world initialized
01:47:27.772 [FXGL Background Thread 1 ] DEBUG PhysicsWorld         - Physics world initialized: appHeight=600, physics.ppm=50.0
01:47:27.773 [FXGL Background Thread 1 ] DEBUG PhysicsWorld         - Using strategy: BRUTE_FORCE
01:47:27.776 [FXGL Background Thread 1 ] DEBUG GameScene            - Game scene initialized: 800x600
01:47:28.385 [FXGL Background Thread 1 ] DEBUG FXGLAssetLoaderServi - Loading from file system: file:/C:/Users/23256/Desktop/QQBOMB/Game2p_12_26/target/classes/assets/textures/main_musicON.png
01:47:28.394 [FXGL Background Thread 1 ] DEBUG FXGLAssetLoaderServi - Loading from file system: file:/C:/Users/23256/Desktop/QQBOMB/Game2p_12_26/target/classes/assets/textures/main_musicOFF.png
01:47:28.445 [FXGL Background Thread 1 ] DEBUG FXGLAssetLoaderServi - Loading from file system: file:/C:/Users/23256/Desktop/QQBOMB/Game2p_12_26/target/classes/assets/textures/local_mode.png
01:47:28.447 [FXGL Background Thread 1 ] DEBUG FXGLAssetLoaderServi - Loading from file system: file:/C:/Users/23256/Desktop/QQBOMB/Game2p_12_26/target/classes/assets/textures/local_mode_light.png
01:47:28.449 [FXGL Background Thread 1 ] DEBUG FXGLAssetLoaderServi - Loading from file system: file:/C:/Users/23256/Desktop/QQBOMB/Game2p_12_26/target/classes/assets/textures/online_mode.png
01:47:28.450 [FXGL Background Thread 1 ] DEBUG FXGLAssetLoaderServi - Loading from file system: file:/C:/Users/23256/Desktop/QQBOMB/Game2p_12_26/target/classes/assets/textures/online_mode_light.png
01:47:28.452 [FXGL Background Thread 1 ] DEBUG FXGLAssetLoaderServi - Loading from file system: file:/C:/Users/23256/Desktop/QQBOMB/Game2p_12_26/target/classes/assets/textures/help.png
01:47:28.452 [FXGL Background Thread 1 ] DEBUG FXGLAssetLoaderServi - Loading from file system: file:/C:/Users/23256/Desktop/QQBOMB/Game2p_12_26/target/classes/assets/textures/help_light.png
01:47:28.454 [FXGL Background Thread 1 ] DEBUG FXGLAssetLoaderServi - Loading from file system: file:/C:/Users/23256/Desktop/QQBOMB/Game2p_12_26/target/classes/assets/textures/exit.png
01:47:28.455 [FXGL Background Thread 1 ] DEBUG FXGLAssetLoaderServi - Loading from file system: file:/C:/Users/23256/Desktop/QQBOMB/Game2p_12_26/target/classes/assets/textures/exit_light.png
01:47:28.633 [FXGL Background Thread 1 ] DEBUG GameApplicationServi - Application scenes initialized
01:47:28.647 [FXGL Background Thread 1 ] DEBUG SystemBundleService  - Loading FXGL system data
01:47:28.649 [FXGL Background Thread 1 ] DEBUG FileSystemAccess     - Reading from: C:\Users\23256\Desktop\QQBOMB\Game2p_12_26\system\fxgl.bundle
01:47:28.655 [FXGL Background Thread 1 ] DEBUG SystemBundleService  - Bundle FXGL: {}
01:47:28.656 [FXGL Background Thread 1 ] DEBUG UpdaterService       - Checking for updates
01:47:28.660 [FXGL Background Thread 4 ] DEBUG FXGLApplication      - Loading fonts
01:47:28.660 [FXGL Background Thread 1 ] DEBUG FXGLApplication      - Loading default localization
01:47:28.660 [FXGL Background Thread 4 ] DEBUG FXGLAssetLoaderServi - Loading from file system: jar:file:/C:/Users/23256/.m2/repository/com/github/almasb/fxgl/17.2/fxgl-17.2.jar!/fxglassets/ui/fonts/VarelaRound-Regular.ttf
01:47:28.660 [FXGL Background Thread 1 ] DEBUG FXGLAssetLoaderServi - Loading from file system: jar:file:/C:/Users/23256/.m2/repository/com/github/almasb/fxgl/17.2/fxgl-17.2.jar!/fxglassets/languages/english.lang
01:47:28.682 [FXGL Background Thread 1 ] INFO  FXGLApplication      - FXGL initialization took: 1.068 sec
01:47:28.683 [JavaFX Application Thread] DEBUG FXGLAssetLoaderServi - Loading from file system: file:/C:/Users/23256/Desktop/QQBOMB/Game2p_12_26/target/classes/assets/textures/icon.png
01:47:28.699 [FXGL Background Thread 4 ] DEBUG FXGLAssetLoaderServi - Loading from file system: jar:file:/C:/Users/23256/.m2/repository/com/github/almasb/fxgl/17.2/fxgl-17.2.jar!/fxglassets/ui/fonts/Abel-Regular.ttf
01:47:28.700 [FXGL Background Thread 4 ] DEBUG FXGLAssetLoaderServi - Loading from file system: jar:file:/C:/Users/23256/.m2/repository/com/github/almasb/fxgl/17.2/fxgl-17.2.jar!/fxglassets/ui/fonts/TerminalLandMono-Regular.otf
01:47:28.702 [FXGL Background Thread 4 ] DEBUG FXGLAssetLoaderServi - Loading from file system: jar:file:/C:/Users/23256/.m2/repository/com/github/almasb/fxgl/17.2/fxgl-17.2.jar!/fxglassets/ui/fonts/Courier-Prime.ttf
01:47:28.753 [JavaFX Application Thread] DEBUG FXGLAssetLoaderServi - Loading from file system: jar:file:/C:/Users/23256/.m2/repository/com/github/almasb/fxgl/17.2/fxgl-17.2.jar!/fxglassets/textures/fxgl_default_cursor.png
01:47:28.766 [JavaFX Application Thread] DEBUG Input                - Registered new binding: Screenshot - CTRL+8
01:47:28.768 [JavaFX Application Thread] DEBUG Input                - Registered new binding: System info dump - CTRL+9
01:47:28.768 [JavaFX Application Thread] DEBUG Input                - Registered new binding: Restart - CTRL+R
01:47:28.769 [JavaFX Application Thread] DEBUG Input                - Registered new binding: Toggle Debug Camera - CTRL+7
01:47:28.772 [JavaFX Application Thread] DEBUG LoopRunner           - Starting loop
01:47:28.772 [JavaFX Application Thread] DEBUG LoopRunner           - Initializing JavaFX AnimationTimerLoop
01:47:28.774 [JavaFX Application Thread] DEBUG Input                - Clearing active input actions
01:47:28.778 [JavaFX Application Thread] DEBUG GameApplicationServi - Removing overlay from FXGLStartupScene and adding to FXGLMainMenuDummyScene
01:47:28.778 [JavaFX Application Thread] DEBUG PrimaryStageWindow   - FXGLStartupScene -> FXGLMainMenuDummyScene
01:47:28.778 [JavaFX Application Thread] DEBUG PrimaryStageWindow   - Push state: MyMainMenu
01:47:28.779 [JavaFX Application Thread] DEBUG Input                - Clearing active input actions
01:47:28.784 [JavaFX Application Thread] DEBUG GameApplicationServi - Removing overlay from FXGLMainMenuDummyScene and adding to MyMainMenu
01:47:28.785 [JavaFX Application Thread] DEBUG PrimaryStageWindow   - FXGLMainMenuDummyScene -> MyMainMenu
01:47:28.786 [JavaFX Application Thread] DEBUG FXGLApplication      - Registering font factories with UI factory
01:47:29.260 [FXGL Background Thread 2 ] INFO  UpdaterService       - Your current version:  17.2
01:47:29.260 [FXGL Background Thread 2 ] INFO  UpdaterService       - Latest stable version: 17.3
01:47:31.659 [FXGL Background Thread 3 ] DEBUG Engine               - Logging environment variables
01:47:31.659 [FXGL Background Thread 3 ] DEBUG Engine               - achievements: []
01:47:31.659 [FXGL Background Thread 3 ] DEBUG Engine               - actualHeight: 600.0
01:47:31.659 [FXGL Background Thread 3 ] DEBUG Engine               - actualHeightProperty: ReadOnlyDoubleProperty [value: 600.0]
01:47:31.659 [FXGL Background Thread 3 ] DEBUG Engine               - actualWidth: 800.0
01:47:31.659 [FXGL Background Thread 3 ] DEBUG Engine               - actualWidthProperty: ReadOnlyDoubleProperty [value: 800.0]
01:47:31.659 [FXGL Background Thread 3 ] DEBUG Engine               - appIcon: icon.png
01:47:31.659 [FXGL Background Thread 3 ] DEBUG Engine               - applicationMode: DEVELOPER
01:47:31.659 [FXGL Background Thread 3 ] DEBUG Engine               - cSSList: [fxgl_dark.css]
01:47:31.659 [FXGL Background Thread 3 ] DEBUG Engine               - collisionDetectionStrategy: BRUTE_FORCE
01:47:31.659 [FXGL Background Thread 3 ] DEBUG Engine               - configClass: Optional.empty
01:47:31.660 [FXGL Background Thread 3 ] DEBUG Engine               - credits: []
01:47:31.660 [FXGL Background Thread 3 ] DEBUG Engine               - defaultCursor: CursorInfo(imageName=fxgl_default_cursor.png, hotspotX=7.0, hotspotY=6.0)
01:47:31.661 [FXGL Background Thread 3 ] DEBUG Engine               - devBBoxColorProperty: ObjectProperty [value: 0xff0000ff]
01:47:31.661 [FXGL Background Thread 3 ] DEBUG Engine               - devEnableDebugCameraProperty: BooleanProperty [value: false]
01:47:31.661 [FXGL Background Thread 3 ] DEBUG Engine               - devSensorColorProperty: ObjectProperty [value: 0xffff00ff]
01:47:31.661 [FXGL Background Thread 3 ] DEBUG Engine               - devShowBBoxProperty: BooleanProperty [value: false]
01:47:31.661 [FXGL Background Thread 3 ] DEBUG Engine               - devShowPositionProperty: BooleanProperty [value: false]
01:47:31.661 [FXGL Background Thread 3 ] DEBUG Engine               - enabledMenuItems: []
01:47:31.661 [FXGL Background Thread 3 ] DEBUG Engine               - engineServices: [class com.almasb.fxgl.app.services.FXGLAssetLoaderService, class com.almasb.fxgl.app.FXGLApplication$GameApplicationService, class com.almasb.fxgl.app.services.FXGLDialogService, class com.almasb.fxgl.app.services.IOTaskExecutorService, class com.almasb.fxgl.io.FileSystemService, class com.almasb.fxgl.localization.LocalizationService, class com.almasb.fxgl.app.services.SystemBundleService, class com.almasb.fxgl.profile.SaveLoadService, class com.almasb.fxgl.ui.FXGLUIFactoryServiceProvider, class com.almasb.fxgl.ui.FXGLDialogFactoryServiceProvider, class com.almasb.fxgl.audio.AudioPlayer, class com.almasb.fxgl.notification.impl.NotificationServiceProvider, class com.almasb.fxgl.achievement.AchievementService, class com.almasb.fxgl.cutscene.CutsceneService, class com.almasb.fxgl.minigames.MiniGameService, class com.almasb.fxgl.net.NetService, class com.almasb.fxgl.app.services.UpdaterService, class com.almasb.fxgl.dev.DevService]
01:47:31.661 [FXGL Background Thread 3 ] DEBUG Engine               - fontGame: Abel-Regular.ttf
01:47:31.661 [FXGL Background Thread 3 ] DEBUG Engine               - fontMono: TerminalLandMono-Regular.otf
01:47:31.661 [FXGL Background Thread 3 ] DEBUG Engine               - fontText: Courier-Prime.ttf
01:47:31.661 [FXGL Background Thread 3 ] DEBUG Engine               - fontUI: VarelaRound-Regular.ttf
01:47:31.661 [FXGL Background Thread 3 ] DEBUG Engine               - fullScreen: BooleanProperty [value: false]
01:47:31.661 [FXGL Background Thread 3 ] DEBUG Engine               - gameDifficulty: MEDIUM
01:47:31.661 [FXGL Background Thread 3 ] DEBUG Engine               - gameDifficultyProperty: ObjectProperty [value: MEDIUM]
01:47:31.661 [FXGL Background Thread 3 ] DEBUG Engine               - globalMusicVolume: 0.5
01:47:31.661 [FXGL Background Thread 3 ] DEBUG Engine               - globalMusicVolumeProperty: DoubleProperty [value: 0.5]
01:47:31.662 [FXGL Background Thread 3 ] DEBUG Engine               - globalSoundVolume: 0.5
01:47:31.662 [FXGL Background Thread 3 ] DEBUG Engine               - globalSoundVolumeProperty: DoubleProperty [value: 0.5]
01:47:31.662 [FXGL Background Thread 3 ] DEBUG Engine               - height: 600
01:47:31.662 [FXGL Background Thread 3 ] DEBUG Engine               - is3D: false
01:47:31.662 [FXGL Background Thread 3 ] DEBUG Engine               - isAndroid: false
01:47:31.662 [FXGL Background Thread 3 ] DEBUG Engine               - isBrowser: false
01:47:31.662 [FXGL Background Thread 3 ] DEBUG Engine               - isClickFeedbackEnabled: false
01:47:31.662 [FXGL Background Thread 3 ] DEBUG Engine               - isCloseConfirmation: false
01:47:31.662 [FXGL Background Thread 3 ] DEBUG Engine               - isDesktop: true
01:47:31.662 [FXGL Background Thread 3 ] DEBUG Engine               - isDeveloperMenuEnabled: false
01:47:31.662 [FXGL Background Thread 3 ] DEBUG Engine               - isEmbedded: false
01:47:31.662 [FXGL Background Thread 3 ] DEBUG Engine               - isEntityPreloadEnabled: true
01:47:31.662 [FXGL Background Thread 3 ] DEBUG Engine               - isExperimentalTiledLargeMap: false
01:47:31.662 [FXGL Background Thread 3 ] DEBUG Engine               - isFileSystemWriteAllowed: true
01:47:31.662 [FXGL Background Thread 3 ] DEBUG Engine               - isFullScreenAllowed: false
01:47:31.662 [FXGL Background Thread 3 ] DEBUG Engine               - isFullScreenFromStart: false
01:47:31.662 [FXGL Background Thread 3 ] DEBUG Engine               - isGameMenuEnabled: true
01:47:31.662 [FXGL Background Thread 3 ] DEBUG Engine               - isIOS: false
01:47:31.662 [FXGL Background Thread 3 ] DEBUG Engine               - isIntroEnabled: false
01:47:31.662 [FXGL Background Thread 3 ] DEBUG Engine               - isLinux: false
01:47:31.662 [FXGL Background Thread 3 ] DEBUG Engine               - isMac: false
01:47:31.662 [FXGL Background Thread 3 ] DEBUG Engine               - isMainMenuEnabled: true
01:47:31.662 [FXGL Background Thread 3 ] DEBUG Engine               - isManualResizeEnabled: false
01:47:31.662 [FXGL Background Thread 3 ] DEBUG Engine               - isMobile: false
01:47:31.662 [FXGL Background Thread 3 ] DEBUG Engine               - isNative: false
01:47:31.662 [FXGL Background Thread 3 ] DEBUG Engine               - isPauseMusicWhenMinimized: true
01:47:31.662 [FXGL Background Thread 3 ] DEBUG Engine               - isPreserveResizeRatio: false
01:47:31.662 [FXGL Background Thread 3 ] DEBUG Engine               - isProfilingEnabled: false
01:47:31.662 [FXGL Background Thread 3 ] DEBUG Engine               - isScaleAffectedOnResize: true
01:47:31.662 [FXGL Background Thread 3 ] DEBUG Engine               - isSingleStep: false
01:47:31.662 [FXGL Background Thread 3 ] DEBUG Engine               - isUserProfileEnabled: false
01:47:31.662 [FXGL Background Thread 3 ] DEBUG Engine               - isWindows: true
01:47:31.662 [FXGL Background Thread 3 ] DEBUG Engine               - language: ObjectProperty [value: ENGLISH]
01:47:31.662 [FXGL Background Thread 3 ] DEBUG Engine               - menuKey: ESCAPE
01:47:31.662 [FXGL Background Thread 3 ] DEBUG Engine               - mouseSensitivity: 0.2
01:47:31.662 [FXGL Background Thread 3 ] DEBUG Engine               - notificationViewClass: class com.almasb.fxgl.notification.view.XboxNotificationView
01:47:31.662 [FXGL Background Thread 3 ] DEBUG Engine               - pixelsPerMeter: 50.0
01:47:31.662 [FXGL Background Thread 3 ] DEBUG Engine               - platform: WINDOWS
01:47:31.662 [FXGL Background Thread 3 ] DEBUG Engine               - prefHeightProperty: ReadOnlyDoubleProperty [value: 600.0]
01:47:31.662 [FXGL Background Thread 3 ] DEBUG Engine               - prefWidthProperty: ReadOnlyDoubleProperty [value: 800.0]
01:47:31.662 [FXGL Background Thread 3 ] DEBUG Engine               - profileDir: profiles/
01:47:31.662 [FXGL Background Thread 3 ] DEBUG Engine               - profileName: StringProperty [value: DEFAULT]
01:47:31.663 [FXGL Background Thread 3 ] DEBUG Engine               - randomSeed: -1
01:47:31.663 [FXGL Background Thread 3 ] DEBUG Engine               - runtimeInfo: RuntimeInfo(platform=WINDOWS, version=17.2, build=20.08.2022 16.50)
01:47:31.663 [FXGL Background Thread 3 ] DEBUG Engine               - saveFileExt: sav
01:47:31.663 [FXGL Background Thread 3 ] DEBUG Engine               - scaledHeightProp$fxgl: DoubleProperty [bound, value: 600.0]
01:47:31.663 [FXGL Background Thread 3 ] DEBUG Engine               - scaledWidthProp$fxgl: DoubleProperty [bound, value: 800.0]
01:47:31.663 [FXGL Background Thread 3 ] DEBUG Engine               - sceneFactory: com.game.GameApp$1@590dd215
01:47:31.663 [FXGL Background Thread 3 ] DEBUG Engine               - secondsIn24h: 60
01:47:31.663 [FXGL Background Thread 3 ] DEBUG Engine               - soundMenuBack: menu/back.wav
01:47:31.663 [FXGL Background Thread 3 ] DEBUG Engine               - soundMenuPress: menu/press.wav
01:47:31.663 [FXGL Background Thread 3 ] DEBUG Engine               - soundMenuSelect: menu/select.wav
01:47:31.663 [FXGL Background Thread 3 ] DEBUG Engine               - soundNotification: core/notification.wav
01:47:31.663 [FXGL Background Thread 3 ] DEBUG Engine               - stageStyle: DECORATED
01:47:31.663 [FXGL Background Thread 3 ] DEBUG Engine               - supportedLanguages: [ENGLISH, FRENCH, GERMAN, HUNGARIAN, RUSSIAN]
01:47:31.663 [FXGL Background Thread 3 ] DEBUG Engine               - ticksPerSecond: -1
01:47:31.663 [FXGL Background Thread 3 ] DEBUG Engine               - title: QQBOMBER-704
01:47:31.663 [FXGL Background Thread 3 ] DEBUG Engine               - urlGithub: https://github.com/AlmasB/FXGL
01:47:31.663 [FXGL Background Thread 3 ] DEBUG Engine               - urlLeaderboard: http://fxgl-top.herokuapp.com/
01:47:31.663 [FXGL Background Thread 3 ] DEBUG Engine               - urlPOM: https://raw.githubusercontent.com/AlmasB/FXGL/release/README.md
01:47:31.663 [FXGL Background Thread 3 ] DEBUG Engine               - userAppClass: class com.game.GameApp
01:47:31.663 [FXGL Background Thread 3 ] DEBUG Engine               - version: 0.1
01:47:31.663 [FXGL Background Thread 3 ] DEBUG Engine               - versionCheckDays: 7
01:47:31.663 [FXGL Background Thread 3 ] DEBUG Engine               - width: 800
01:47:31.663 [FXGL Background Thread 3 ] DEBUG Engine               - Logging services
01:47:31.663 [FXGL Background Thread 3 ] DEBUG Engine               - class com.almasb.fxgl.app.services.FXGLAssetLoaderService
01:47:31.663 [FXGL Background Thread 3 ] DEBUG Engine               - class com.almasb.fxgl.app.FXGLApplication$GameApplicationService
01:47:31.663 [FXGL Background Thread 3 ] DEBUG Engine               - class com.almasb.fxgl.app.services.FXGLDialogService
01:47:31.663 [FXGL Background Thread 3 ] DEBUG Engine               - class com.almasb.fxgl.app.services.IOTaskExecutorService
01:47:31.664 [FXGL Background Thread 3 ] DEBUG Engine               - class com.almasb.fxgl.io.FileSystemService
01:47:31.664 [FXGL Background Thread 3 ] DEBUG Engine               - class com.almasb.fxgl.localization.LocalizationService
01:47:31.664 [FXGL Background Thread 3 ] DEBUG Engine               - class com.almasb.fxgl.app.services.SystemBundleService
01:47:31.664 [FXGL Background Thread 3 ] DEBUG Engine               - class com.almasb.fxgl.profile.SaveLoadService
01:47:31.664 [FXGL Background Thread 3 ] DEBUG Engine               - class com.almasb.fxgl.ui.FXGLUIFactoryServiceProvider
01:47:31.664 [FXGL Background Thread 3 ] DEBUG Engine               - class com.almasb.fxgl.ui.FXGLDialogFactoryServiceProvider
01:47:31.664 [FXGL Background Thread 3 ] DEBUG Engine               - class com.almasb.fxgl.audio.AudioPlayer
01:47:31.664 [FXGL Background Thread 3 ] DEBUG Engine               - class com.almasb.fxgl.notification.impl.NotificationServiceProvider
01:47:31.664 [FXGL Background Thread 3 ] DEBUG Engine               - class com.almasb.fxgl.achievement.AchievementService
01:47:31.664 [FXGL Background Thread 3 ] DEBUG Engine               - class com.almasb.fxgl.cutscene.CutsceneService
01:47:31.664 [FXGL Background Thread 3 ] DEBUG Engine               - class com.almasb.fxgl.minigames.MiniGameService
01:47:31.664 [FXGL Background Thread 3 ] DEBUG Engine               - class com.almasb.fxgl.net.NetService
01:47:31.664 [FXGL Background Thread 3 ] DEBUG Engine               - class com.almasb.fxgl.app.services.UpdaterService
01:47:31.664 [FXGL Background Thread 3 ] DEBUG Engine               - class com.almasb.fxgl.dev.DevService
01:47:32.896 [JavaFX Application Thread] DEBUG GameApplicationServi - Starting new game
01:47:32.896 [JavaFX Application Thread] DEBUG PrimaryStageWindow   - Pop state: MyMainMenu
01:47:32.896 [JavaFX Application Thread] DEBUG Input                - Clearing active input actions
01:47:32.896 [JavaFX Application Thread] DEBUG GameApplicationServi - Removing overlay from MyMainMenu and adding to FXGLMainMenuDummyScene
01:47:32.896 [JavaFX Application Thread] DEBUG PrimaryStageWindow   - FXGLMainMenuDummyScene <- MyMainMenu
01:47:32.896 [JavaFX Application Thread] DEBUG Input                - Clearing active input actions
01:47:32.899 [JavaFX Application Thread] DEBUG GameApplicationServi - Removing overlay from FXGLMainMenuDummyScene and adding to FXGLLoadingScene
01:47:32.899 [JavaFX Application Thread] DEBUG PrimaryStageWindow   - FXGLMainMenuDummyScene -> FXGLLoadingScene
01:47:32.899 [JavaFX Application Thread] DEBUG GameApplicationServi - Clearing previous game
01:47:32.900 [JavaFX Application Thread] DEBUG GameScene            - Clearing game scene
01:47:32.900 [JavaFX Application Thread] DEBUG GameWorld            - Clearing game world
01:47:32.900 [JavaFX Application Thread] DEBUG PhysicsWorld         - Clearing physics world
01:47:32.901 [FXGL Background Thread 2 ] DEBUG FXGLApplication      - Initializing game
01:47:32.918 [FXGL Background Thread 2 ] DEBUG FXGLAssetLoaderServi - Loading from file system: file:/C:/Users/23256/Desktop/QQBOMB/Game2p_12_26/target/classes/assets/textures/music.png
01:47:32.924 [FXGL Background Thread 2 ] DEBUG FXGLAssetLoaderServi - Loading from file system: file:/C:/Users/23256/Desktop/QQBOMB/Game2p_12_26/target/classes/assets/textures/musicOFF.png
01:47:32.926 [FXGL Background Thread 2 ] DEBUG FXGLAssetLoaderServi - Loading from file system: file:/C:/Users/23256/Desktop/QQBOMB/Game2p_12_26/target/classes/assets/textures/b2.png
01:47:32.935 [FXGL Background Thread 2 ] DEBUG FXGLAssetLoaderServi - Loading from file system: file:/C:/Users/23256/Desktop/QQBOMB/Game2p_12_26/target/classes/assets/textures/f2.png
01:47:33.041 [FXGL Background Thread 2 ] DEBUG FXGLAssetLoaderServi - Loading from file system: file:/C:/Users/23256/Desktop/QQBOMB/Game2p_12_26/target/classes/assets/textures/SnowLevel.png
01:47:33.068 [FXGL Background Thread 2 ] DEBUG FXGLAssetLoaderServi - Loading from file system: file:/C:/Users/23256/Desktop/QQBOMB/Game2p_12_26/target/classes/assets/textures/brownBear.png
01:47:33.069 [FXGL Background Thread 2 ] DEBUG FXGLAssetLoaderServi - Loading from file system: file:/C:/Users/23256/Desktop/QQBOMB/Game2p_12_26/target/classes/assets/textures/blueBear.png
01:47:33.113 [FXGL Background Thread 2 ] DEBUG FXGLAssetLoaderServi - Loading from file system: file:/C:/Users/23256/Desktop/QQBOMB/Game2p_12_26/target/classes/assets/textures/player1.png
01:47:33.125 [FXGL Background Thread 2 ] DEBUG FXGLAssetLoaderServi - Loading from file system: file:/C:/Users/23256/Desktop/QQBOMB/Game2p_12_26/target/classes/assets/textures/player2.png
01:47:33.126 [FXGL Background Thread 2 ] DEBUG Input                - Registered new binding: playBomb_server - Space
01:47:33.127 [FXGL Background Thread 2 ] DEBUG Input                - Registered new binding: moveup - W
01:47:33.127 [FXGL Background Thread 2 ] DEBUG Input                - Registered new binding: movedown - S
01:47:33.127 [FXGL Background Thread 2 ] DEBUG Input                - Registered new binding: moveleft - A
01:47:33.127 [FXGL Background Thread 2 ] DEBUG Input                - Registered new binding: moveright - D
01:47:33.127 [FXGL Background Thread 2 ] DEBUG Input                - Registered new binding: playBomb2 - Enter
01:47:33.128 [FXGL Background Thread 2 ] DEBUG Input                - Registered new binding: action0 - Up
01:47:33.128 [FXGL Background Thread 2 ] DEBUG Input                - Registered new binding: action1 - Down
01:47:33.128 [FXGL Background Thread 2 ] DEBUG Input                - Registered new binding: action2 - Left
01:47:33.128 [FXGL Background Thread 2 ] DEBUG Input                - Registered new binding: action3 - Right
01:47:33.128 [FXGL Background Thread 2 ] DEBUG Input                - Registered new binding: pause - Esc
01:47:33.130 [FXGL Background Thread 2 ] DEBUG FXGLAssetLoaderServi - Loading from file system: file:/C:/Users/23256/Desktop/QQBOMB/Game2p_12_26/target/classes/assets/textures/player1head.png
01:47:33.144 [FXGL Background Thread 2 ] DEBUG FXGLAssetLoaderServi - Loading from file system: file:/C:/Users/23256/Desktop/QQBOMB/Game2p_12_26/target/classes/assets/textures/player2head.png
01:47:33.155 [FXGL Background Thread 2 ] DEBUG FXGLAssetLoaderServi - Loading from file system: file:/C:/Users/23256/Desktop/QQBOMB/Game2p_12_26/target/classes/assets/textures/player3head.png
01:47:33.164 [FXGL Background Thread 2 ] DEBUG FXGLAssetLoaderServi - Loading from file system: file:/C:/Users/23256/Desktop/QQBOMB/Game2p_12_26/target/classes/assets/textures/player4head.png
01:47:33.177 [FXGL Background Thread 2 ] DEBUG FXGLAssetLoaderServi - Loading from file system: file:/C:/Users/23256/Desktop/QQBOMB/Game2p_12_26/target/classes/assets/textures/life.png
01:47:33.182 [FXGL Background Thread 2 ] DEBUG FXGLAssetLoaderServi - Loading from file system: file:/C:/Users/23256/Desktop/QQBOMB/Game2p_12_26/target/classes/assets/textures/imgboob.png
01:47:33.182 [FXGL Background Thread 2 ] DEBUG FXGLAssetLoaderServi - Loading from file system: file:/C:/Users/23256/Desktop/QQBOMB/Game2p_12_26/target/classes/assets/textures/redme.png
01:47:33.183 [FXGL Background Thread 2 ] DEBUG FXGLAssetLoaderServi - Loading from file system: file:/C:/Users/23256/Desktop/QQBOMB/Game2p_12_26/target/classes/assets/textures/moveboot.png
01:47:33.185 [FXGL Background Thread 2 ] INFO  FXGLApplication      - Game initialization took: 0.283 sec
01:47:33.185 [JavaFX Application Thread] DEBUG Input                - Clearing active input actions
01:47:33.191 [JavaFX Application Thread] DEBUG GameApplicationServi - Removing overlay from FXGLLoadingScene and adding to GameScene
01:47:33.191 [JavaFX Application Thread] DEBUG PrimaryStageWindow   - FXGLLoadingScene -> GameScene
01:47:35.154 [JavaFX Application Thread] DEBUG FXGLApplication      - Exiting FXGL
01:47:35.154 [JavaFX Application Thread] DEBUG LoopRunner           - Stopping loop
01:47:35.154 [JavaFX Application Thread] DEBUG SystemBundleService  - Saving FXGL system data
01:47:35.155 [JavaFX Application Thread] DEBUG FileSystemAccess     - Writing to: C:\Users\23256\Desktop\QQBOMB\Game2p_12_26\system\fxgl.bundle
01:47:35.156 [JavaFX Application Thread] DEBUG Async                - Shutting down background threads
01:47:35.156 [JavaFX Application Thread] DEBUG PrimaryStageWindow   - Closing main window
01:47:35.170 [JavaFX Application Thread] DEBUG Logger               - Closing Logger
