11:53:00.455 [main                     ] DEBUG Logger               - Configured Logger
11:53:00.476 [main                     ] DEBUG GameApplication      - Logging settings
Title: QQBOMBER-704
Version: 0.1
Width: 800
Height: 600
Fullscreen: false
Intro: false
Profiling: false
Single step:false
App Mode: DEVELOPER
Menu Key: ESCAPE
Stage Style: DECORATED
Scene Factory: class com.game.GameApp$8

11:53:00.993 [JavaFX Application Thread] DEBUG FXGLApplication      - Initializing FXGL
11:53:00.998 [JavaFX Application Thread] INFO  Engine               - FXGL-17.2 (20.08.2022 16.50) on WINDOWS (J:17.0.8 FX:18)
11:53:00.999 [JavaFX Application Thread] DEBUG Engine               - JRE Vendor Name: Oracle Corporation
11:53:00.999 [JavaFX Application Thread] DEBUG Engine               - Running on OS: Windows 11 version 10.0
11:53:00.999 [JavaFX Application Thread] DEBUG Engine               - Architecture: amd64
11:53:00.999 [JavaFX Application Thread] INFO  Engine               - Source code and latest versions at: https://github.com/AlmasB/FXGL
11:53:00.999 [JavaFX Application Thread] INFO  Engine               -       Ask questions and discuss at: https://github.com/AlmasB/FXGL/discussions
11:53:00.999 [JavaFX Application Thread] INFO  Engine               -              Join the FXGL chat at: https://gitter.im/AlmasB/FXGL
11:53:01.069 [JavaFX Application Thread] DEBUG PrimaryStageWindow   - Creating a JavaFX scene
11:53:01.096 [JavaFX Application Thread] DEBUG PrimaryStageWindow   - Target settings size: 800.0 x 600.0
11:53:01.096 [JavaFX Application Thread] DEBUG PrimaryStageWindow   - Scaled scene size:    800.0 x 600.0
11:53:01.096 [JavaFX Application Thread] DEBUG PrimaryStageWindow   - Scaled ratio: (1.0, 1.0)
11:53:01.098 [JavaFX Application Thread] DEBUG PrimaryStageWindow   - Set initial scene to FXGLStartupScene
11:53:01.104 [JavaFX Application Thread] DEBUG PrimaryStageWindow   - Opening main window
11:53:01.169 [JavaFX Application Thread] DEBUG PrimaryStageWindow   - Window border size: (14.4000244140625, 37.5999755859375)
11:53:01.169 [JavaFX Application Thread] DEBUG PrimaryStageWindow   - Scaled size: 800.0 x 600.0
11:53:01.169 [JavaFX Application Thread] DEBUG PrimaryStageWindow   - Scaled ratio: (1.0, 1.0)
11:53:01.169 [JavaFX Application Thread] DEBUG PrimaryStageWindow   - Scene size: 800.0 x 600.0
11:53:01.169 [JavaFX Application Thread] DEBUG PrimaryStageWindow   - Stage size: 814.4000244140625 x 637.5999755859375
11:53:01.175 [FXGL Background Thread 1 ] DEBUG Engine               - Initializing environment variables
11:53:01.201 [FXGL Background Thread 1 ] DEBUG FXGLAssetLoaderServi - User app class for loading assets: class com.game.GameApp
11:53:01.201 [FXGL Background Thread 1 ] DEBUG GameApplicationServi - Applying CSS: fxgl_dark.css
11:53:01.202 [FXGL Background Thread 1 ] DEBUG FXGLAssetLoaderServi - Loading from file system: jar:file:/C:/Users/23256/.m2/repository/com/github/almasb/fxgl/17.2/fxgl-17.2.jar!/fxglassets/ui/css/fxgl_dark.css
11:53:01.231 [FXGL Background Thread 1 ] DEBUG GameApplicationServi - Initializing application scenes
11:53:01.282 [FXGL Background Thread 1 ] DEBUG GameWorld            - Game world initialized
11:53:01.334 [FXGL Background Thread 1 ] DEBUG PhysicsWorld         - Physics world initialized: appHeight=600, physics.ppm=50.0
11:53:01.335 [FXGL Background Thread 1 ] DEBUG PhysicsWorld         - Using strategy: BRUTE_FORCE
11:53:01.338 [FXGL Background Thread 1 ] DEBUG GameScene            - Game scene initialized: 800x600
11:53:01.919 [FXGL Background Thread 1 ] DEBUG FXGLAssetLoaderServi - Loading from file system: file:/C:/Users/23256/Desktop/QQBOMB/Game2p_final/target/classes/assets/textures/main_musicON.png
11:53:01.928 [FXGL Background Thread 1 ] DEBUG FXGLAssetLoaderServi - Loading from file system: file:/C:/Users/23256/Desktop/QQBOMB/Game2p_final/target/classes/assets/textures/main_musicOFF.png
11:53:01.978 [FXGL Background Thread 1 ] DEBUG FXGLAssetLoaderServi - Loading from file system: file:/C:/Users/23256/Desktop/QQBOMB/Game2p_final/target/classes/assets/textures/local_mode.png
11:53:01.980 [FXGL Background Thread 1 ] DEBUG FXGLAssetLoaderServi - Loading from file system: file:/C:/Users/23256/Desktop/QQBOMB/Game2p_final/target/classes/assets/textures/local_mode_light.png
11:53:01.981 [FXGL Background Thread 1 ] DEBUG FXGLAssetLoaderServi - Loading from file system: file:/C:/Users/23256/Desktop/QQBOMB/Game2p_final/target/classes/assets/textures/online_mode.png
11:53:01.983 [FXGL Background Thread 1 ] DEBUG FXGLAssetLoaderServi - Loading from file system: file:/C:/Users/23256/Desktop/QQBOMB/Game2p_final/target/classes/assets/textures/online_mode_light.png
11:53:01.985 [FXGL Background Thread 1 ] DEBUG FXGLAssetLoaderServi - Loading from file system: file:/C:/Users/23256/Desktop/QQBOMB/Game2p_final/target/classes/assets/textures/help.png
11:53:01.985 [FXGL Background Thread 1 ] DEBUG FXGLAssetLoaderServi - Loading from file system: file:/C:/Users/23256/Desktop/QQBOMB/Game2p_final/target/classes/assets/textures/help_light.png
11:53:01.987 [FXGL Background Thread 1 ] DEBUG FXGLAssetLoaderServi - Loading from file system: file:/C:/Users/23256/Desktop/QQBOMB/Game2p_final/target/classes/assets/textures/exit.png
11:53:01.987 [FXGL Background Thread 1 ] DEBUG FXGLAssetLoaderServi - Loading from file system: file:/C:/Users/23256/Desktop/QQBOMB/Game2p_final/target/classes/assets/textures/exit_light.png
11:53:02.145 [FXGL Background Thread 1 ] DEBUG GameApplicationServi - Application scenes initialized
11:53:02.159 [FXGL Background Thread 1 ] DEBUG SystemBundleService  - Loading FXGL system data
11:53:02.162 [FXGL Background Thread 1 ] DEBUG FileSystemAccess     - Reading from: C:\Users\23256\Desktop\QQBOMB\Game2p_final\system\fxgl.bundle
11:53:02.166 [FXGL Background Thread 1 ] DEBUG SystemBundleService  - Bundle FXGL: {}
11:53:02.167 [FXGL Background Thread 1 ] DEBUG UpdaterService       - Checking for updates
11:53:02.172 [FXGL Background Thread 4 ] DEBUG FXGLApplication      - Loading fonts
11:53:02.172 [FXGL Background Thread 4 ] DEBUG FXGLAssetLoaderServi - Loading from file system: jar:file:/C:/Users/23256/.m2/repository/com/github/almasb/fxgl/17.2/fxgl-17.2.jar!/fxglassets/ui/fonts/VarelaRound-Regular.ttf
11:53:02.172 [FXGL Background Thread 1 ] DEBUG FXGLApplication      - Loading default localization
11:53:02.172 [FXGL Background Thread 1 ] DEBUG FXGLAssetLoaderServi - Loading from file system: jar:file:/C:/Users/23256/.m2/repository/com/github/almasb/fxgl/17.2/fxgl-17.2.jar!/fxglassets/languages/english.lang
11:53:02.205 [FXGL Background Thread 1 ] INFO  FXGLApplication      - FXGL initialization took: 1.030 sec
11:53:02.207 [JavaFX Application Thread] DEBUG FXGLAssetLoaderServi - Loading from file system: file:/C:/Users/23256/Desktop/QQBOMB/Game2p_final/target/classes/assets/textures/icon.png
11:53:02.212 [FXGL Background Thread 4 ] DEBUG FXGLAssetLoaderServi - Loading from file system: jar:file:/C:/Users/23256/.m2/repository/com/github/almasb/fxgl/17.2/fxgl-17.2.jar!/fxglassets/ui/fonts/Abel-Regular.ttf
11:53:02.213 [FXGL Background Thread 4 ] DEBUG FXGLAssetLoaderServi - Loading from file system: jar:file:/C:/Users/23256/.m2/repository/com/github/almasb/fxgl/17.2/fxgl-17.2.jar!/fxglassets/ui/fonts/TerminalLandMono-Regular.otf
11:53:02.215 [FXGL Background Thread 4 ] DEBUG FXGLAssetLoaderServi - Loading from file system: jar:file:/C:/Users/23256/.m2/repository/com/github/almasb/fxgl/17.2/fxgl-17.2.jar!/fxglassets/ui/fonts/Courier-Prime.ttf
11:53:02.269 [JavaFX Application Thread] DEBUG FXGLAssetLoaderServi - Loading from file system: jar:file:/C:/Users/23256/.m2/repository/com/github/almasb/fxgl/17.2/fxgl-17.2.jar!/fxglassets/textures/fxgl_default_cursor.png
11:53:02.280 [JavaFX Application Thread] DEBUG Input                - Registered new binding: Screenshot - CTRL+8
11:53:02.280 [JavaFX Application Thread] DEBUG Input                - Registered new binding: System info dump - CTRL+9
11:53:02.281 [JavaFX Application Thread] DEBUG Input                - Registered new binding: Restart - CTRL+R
11:53:02.282 [JavaFX Application Thread] DEBUG Input                - Registered new binding: Toggle Debug Camera - CTRL+7
11:53:02.283 [JavaFX Application Thread] DEBUG LoopRunner           - Starting loop
11:53:02.283 [JavaFX Application Thread] DEBUG LoopRunner           - Initializing JavaFX AnimationTimerLoop
11:53:02.285 [JavaFX Application Thread] DEBUG Input                - Clearing active input actions
11:53:02.289 [JavaFX Application Thread] DEBUG GameApplicationServi - Removing overlay from FXGLStartupScene and adding to FXGLMainMenuDummyScene
11:53:02.289 [JavaFX Application Thread] DEBUG PrimaryStageWindow   - FXGLStartupScene -> FXGLMainMenuDummyScene
11:53:02.289 [JavaFX Application Thread] DEBUG PrimaryStageWindow   - Push state: MyMainMenu
11:53:02.289 [JavaFX Application Thread] DEBUG Input                - Clearing active input actions
11:53:02.294 [JavaFX Application Thread] DEBUG GameApplicationServi - Removing overlay from FXGLMainMenuDummyScene and adding to MyMainMenu
11:53:02.294 [JavaFX Application Thread] DEBUG PrimaryStageWindow   - FXGLMainMenuDummyScene -> MyMainMenu
11:53:02.295 [JavaFX Application Thread] DEBUG FXGLApplication      - Registering font factories with UI factory
11:53:02.312 [FXGL Background Thread 2 ] WARN  UpdaterService       - Failed to find updates: java.net.UnknownHostException: raw.githubusercontent.com
11:53:04.241 [ServerAsyncConnThread    ] DEBUG TCPServer            - Starting to listen at: 8889 type: class com.almasb.fxgl.core.serialization.Bundle
11:53:05.172 [FXGL Background Thread 3 ] DEBUG Engine               - Logging environment variables
11:53:05.172 [FXGL Background Thread 3 ] DEBUG Engine               - achievements: []
11:53:05.172 [FXGL Background Thread 3 ] DEBUG Engine               - actualHeight: 600.0
11:53:05.172 [FXGL Background Thread 3 ] DEBUG Engine               - actualHeightProperty: ReadOnlyDoubleProperty [value: 600.0]
11:53:05.172 [FXGL Background Thread 3 ] DEBUG Engine               - actualWidth: 800.0
11:53:05.172 [FXGL Background Thread 3 ] DEBUG Engine               - actualWidthProperty: ReadOnlyDoubleProperty [value: 800.0]
11:53:05.172 [FXGL Background Thread 3 ] DEBUG Engine               - appIcon: icon.png
11:53:05.173 [FXGL Background Thread 3 ] DEBUG Engine               - applicationMode: DEVELOPER
11:53:05.173 [FXGL Background Thread 3 ] DEBUG Engine               - cSSList: [fxgl_dark.css]
11:53:05.173 [FXGL Background Thread 3 ] DEBUG Engine               - collisionDetectionStrategy: BRUTE_FORCE
11:53:05.173 [FXGL Background Thread 3 ] DEBUG Engine               - configClass: Optional.empty
11:53:05.173 [FXGL Background Thread 3 ] DEBUG Engine               - credits: []
11:53:05.174 [FXGL Background Thread 3 ] DEBUG Engine               - defaultCursor: CursorInfo(imageName=fxgl_default_cursor.png, hotspotX=7.0, hotspotY=6.0)
11:53:05.174 [FXGL Background Thread 3 ] DEBUG Engine               - devBBoxColorProperty: ObjectProperty [value: 0xff0000ff]
11:53:05.174 [FXGL Background Thread 3 ] DEBUG Engine               - devEnableDebugCameraProperty: BooleanProperty [value: false]
11:53:05.174 [FXGL Background Thread 3 ] DEBUG Engine               - devSensorColorProperty: ObjectProperty [value: 0xffff00ff]
11:53:05.174 [FXGL Background Thread 3 ] DEBUG Engine               - devShowBBoxProperty: BooleanProperty [value: false]
11:53:05.174 [FXGL Background Thread 3 ] DEBUG Engine               - devShowPositionProperty: BooleanProperty [value: false]
11:53:05.174 [FXGL Background Thread 3 ] DEBUG Engine               - enabledMenuItems: []
11:53:05.174 [FXGL Background Thread 3 ] DEBUG Engine               - engineServices: [class com.almasb.fxgl.app.services.FXGLAssetLoaderService, class com.almasb.fxgl.app.FXGLApplication$GameApplicationService, class com.almasb.fxgl.app.services.FXGLDialogService, class com.almasb.fxgl.app.services.IOTaskExecutorService, class com.almasb.fxgl.io.FileSystemService, class com.almasb.fxgl.localization.LocalizationService, class com.almasb.fxgl.app.services.SystemBundleService, class com.almasb.fxgl.profile.SaveLoadService, class com.almasb.fxgl.ui.FXGLUIFactoryServiceProvider, class com.almasb.fxgl.ui.FXGLDialogFactoryServiceProvider, class com.almasb.fxgl.audio.AudioPlayer, class com.almasb.fxgl.notification.impl.NotificationServiceProvider, class com.almasb.fxgl.achievement.AchievementService, class com.almasb.fxgl.cutscene.CutsceneService, class com.almasb.fxgl.minigames.MiniGameService, class com.almasb.fxgl.net.NetService, class com.almasb.fxgl.app.services.UpdaterService, class com.almasb.fxgl.dev.DevService]
11:53:05.174 [FXGL Background Thread 3 ] DEBUG Engine               - fontGame: Abel-Regular.ttf
11:53:05.174 [FXGL Background Thread 3 ] DEBUG Engine               - fontMono: TerminalLandMono-Regular.otf
11:53:05.174 [FXGL Background Thread 3 ] DEBUG Engine               - fontText: Courier-Prime.ttf
11:53:05.174 [FXGL Background Thread 3 ] DEBUG Engine               - fontUI: VarelaRound-Regular.ttf
11:53:05.174 [FXGL Background Thread 3 ] DEBUG Engine               - fullScreen: BooleanProperty [value: false]
11:53:05.175 [FXGL Background Thread 3 ] DEBUG Engine               - gameDifficulty: MEDIUM
11:53:05.175 [FXGL Background Thread 3 ] DEBUG Engine               - gameDifficultyProperty: ObjectProperty [value: MEDIUM]
11:53:05.175 [FXGL Background Thread 3 ] DEBUG Engine               - globalMusicVolume: 0.5
11:53:05.175 [FXGL Background Thread 3 ] DEBUG Engine               - globalMusicVolumeProperty: DoubleProperty [value: 0.5]
11:53:05.175 [FXGL Background Thread 3 ] DEBUG Engine               - globalSoundVolume: 0.5
11:53:05.175 [FXGL Background Thread 3 ] DEBUG Engine               - globalSoundVolumeProperty: DoubleProperty [value: 0.5]
11:53:05.175 [FXGL Background Thread 3 ] DEBUG Engine               - height: 600
11:53:05.175 [FXGL Background Thread 3 ] DEBUG Engine               - is3D: false
11:53:05.175 [FXGL Background Thread 3 ] DEBUG Engine               - isAndroid: false
11:53:05.175 [FXGL Background Thread 3 ] DEBUG Engine               - isBrowser: false
11:53:05.175 [FXGL Background Thread 3 ] DEBUG Engine               - isClickFeedbackEnabled: false
11:53:05.175 [FXGL Background Thread 3 ] DEBUG Engine               - isCloseConfirmation: false
11:53:05.175 [FXGL Background Thread 3 ] DEBUG Engine               - isDesktop: true
11:53:05.175 [FXGL Background Thread 3 ] DEBUG Engine               - isDeveloperMenuEnabled: false
11:53:05.175 [FXGL Background Thread 3 ] DEBUG Engine               - isEmbedded: false
11:53:05.175 [FXGL Background Thread 3 ] DEBUG Engine               - isEntityPreloadEnabled: true
11:53:05.175 [FXGL Background Thread 3 ] DEBUG Engine               - isExperimentalTiledLargeMap: false
11:53:05.175 [FXGL Background Thread 3 ] DEBUG Engine               - isFileSystemWriteAllowed: true
11:53:05.175 [FXGL Background Thread 3 ] DEBUG Engine               - isFullScreenAllowed: false
11:53:05.175 [FXGL Background Thread 3 ] DEBUG Engine               - isFullScreenFromStart: false
11:53:05.175 [FXGL Background Thread 3 ] DEBUG Engine               - isGameMenuEnabled: true
11:53:05.175 [FXGL Background Thread 3 ] DEBUG Engine               - isIOS: false
11:53:05.175 [FXGL Background Thread 3 ] DEBUG Engine               - isIntroEnabled: false
11:53:05.175 [FXGL Background Thread 3 ] DEBUG Engine               - isLinux: false
11:53:05.175 [FXGL Background Thread 3 ] DEBUG Engine               - isMac: false
11:53:05.175 [FXGL Background Thread 3 ] DEBUG Engine               - isMainMenuEnabled: true
11:53:05.175 [FXGL Background Thread 3 ] DEBUG Engine               - isManualResizeEnabled: false
11:53:05.175 [FXGL Background Thread 3 ] DEBUG Engine               - isMobile: false
11:53:05.175 [FXGL Background Thread 3 ] DEBUG Engine               - isNative: false
11:53:05.176 [FXGL Background Thread 3 ] DEBUG Engine               - isPauseMusicWhenMinimized: true
11:53:05.176 [FXGL Background Thread 3 ] DEBUG Engine               - isPreserveResizeRatio: false
11:53:05.176 [FXGL Background Thread 3 ] DEBUG Engine               - isProfilingEnabled: false
11:53:05.176 [FXGL Background Thread 3 ] DEBUG Engine               - isScaleAffectedOnResize: true
11:53:05.176 [FXGL Background Thread 3 ] DEBUG Engine               - isSingleStep: false
11:53:05.176 [FXGL Background Thread 3 ] DEBUG Engine               - isUserProfileEnabled: false
11:53:05.176 [FXGL Background Thread 3 ] DEBUG Engine               - isWindows: true
11:53:05.176 [FXGL Background Thread 3 ] DEBUG Engine               - language: ObjectProperty [value: ENGLISH]
11:53:05.176 [FXGL Background Thread 3 ] DEBUG Engine               - menuKey: ESCAPE
11:53:05.176 [FXGL Background Thread 3 ] DEBUG Engine               - mouseSensitivity: 0.2
11:53:05.176 [FXGL Background Thread 3 ] DEBUG Engine               - notificationViewClass: class com.almasb.fxgl.notification.view.XboxNotificationView
11:53:05.176 [FXGL Background Thread 3 ] DEBUG Engine               - pixelsPerMeter: 50.0
11:53:05.176 [FXGL Background Thread 3 ] DEBUG Engine               - platform: WINDOWS
11:53:05.176 [FXGL Background Thread 3 ] DEBUG Engine               - prefHeightProperty: ReadOnlyDoubleProperty [value: 600.0]
11:53:05.176 [FXGL Background Thread 3 ] DEBUG Engine               - prefWidthProperty: ReadOnlyDoubleProperty [value: 800.0]
11:53:05.176 [FXGL Background Thread 3 ] DEBUG Engine               - profileDir: profiles/
11:53:05.176 [FXGL Background Thread 3 ] DEBUG Engine               - profileName: StringProperty [value: DEFAULT]
11:53:05.176 [FXGL Background Thread 3 ] DEBUG Engine               - randomSeed: -1
11:53:05.176 [FXGL Background Thread 3 ] DEBUG Engine               - runtimeInfo: RuntimeInfo(platform=WINDOWS, version=17.2, build=20.08.2022 16.50)
11:53:05.176 [FXGL Background Thread 3 ] DEBUG Engine               - saveFileExt: sav
11:53:05.176 [FXGL Background Thread 3 ] DEBUG Engine               - scaledHeightProp$fxgl: DoubleProperty [bound, value: 600.0]
11:53:05.176 [FXGL Background Thread 3 ] DEBUG Engine               - scaledWidthProp$fxgl: DoubleProperty [bound, value: 800.0]
11:53:05.176 [FXGL Background Thread 3 ] DEBUG Engine               - sceneFactory: com.game.GameApp$8@75acd6c0
11:53:05.176 [FXGL Background Thread 3 ] DEBUG Engine               - secondsIn24h: 60
11:53:05.176 [FXGL Background Thread 3 ] DEBUG Engine               - soundMenuBack: menu/back.wav
11:53:05.176 [FXGL Background Thread 3 ] DEBUG Engine               - soundMenuPress: menu/press.wav
11:53:05.176 [FXGL Background Thread 3 ] DEBUG Engine               - soundMenuSelect: menu/select.wav
11:53:05.176 [FXGL Background Thread 3 ] DEBUG Engine               - soundNotification: core/notification.wav
11:53:05.176 [FXGL Background Thread 3 ] DEBUG Engine               - stageStyle: DECORATED
11:53:05.176 [FXGL Background Thread 3 ] DEBUG Engine               - supportedLanguages: [ENGLISH, FRENCH, GERMAN, HUNGARIAN, RUSSIAN]
11:53:05.176 [FXGL Background Thread 3 ] DEBUG Engine               - ticksPerSecond: -1
11:53:05.176 [FXGL Background Thread 3 ] DEBUG Engine               - title: QQBOMBER-704
11:53:05.176 [FXGL Background Thread 3 ] DEBUG Engine               - urlGithub: https://github.com/AlmasB/FXGL
11:53:05.176 [FXGL Background Thread 3 ] DEBUG Engine               - urlLeaderboard: http://fxgl-top.herokuapp.com/
11:53:05.176 [FXGL Background Thread 3 ] DEBUG Engine               - urlPOM: https://raw.githubusercontent.com/AlmasB/FXGL/release/README.md
11:53:05.177 [FXGL Background Thread 3 ] DEBUG Engine               - userAppClass: class com.game.GameApp
11:53:05.177 [FXGL Background Thread 3 ] DEBUG Engine               - version: 0.1
11:53:05.177 [FXGL Background Thread 3 ] DEBUG Engine               - versionCheckDays: 7
11:53:05.177 [FXGL Background Thread 3 ] DEBUG Engine               - width: 800
11:53:05.177 [FXGL Background Thread 3 ] DEBUG Engine               - Logging services
11:53:05.177 [FXGL Background Thread 3 ] DEBUG Engine               - class com.almasb.fxgl.app.services.FXGLAssetLoaderService
11:53:05.177 [FXGL Background Thread 3 ] DEBUG Engine               - class com.almasb.fxgl.app.FXGLApplication$GameApplicationService
11:53:05.177 [FXGL Background Thread 3 ] DEBUG Engine               - class com.almasb.fxgl.app.services.FXGLDialogService
11:53:05.177 [FXGL Background Thread 3 ] DEBUG Engine               - class com.almasb.fxgl.app.services.IOTaskExecutorService
11:53:05.177 [FXGL Background Thread 3 ] DEBUG Engine               - class com.almasb.fxgl.io.FileSystemService
11:53:05.177 [FXGL Background Thread 3 ] DEBUG Engine               - class com.almasb.fxgl.localization.LocalizationService
11:53:05.177 [FXGL Background Thread 3 ] DEBUG Engine               - class com.almasb.fxgl.app.services.SystemBundleService
11:53:05.177 [FXGL Background Thread 3 ] DEBUG Engine               - class com.almasb.fxgl.profile.SaveLoadService
11:53:05.177 [FXGL Background Thread 3 ] DEBUG Engine               - class com.almasb.fxgl.ui.FXGLUIFactoryServiceProvider
11:53:05.177 [FXGL Background Thread 3 ] DEBUG Engine               - class com.almasb.fxgl.ui.FXGLDialogFactoryServiceProvider
11:53:05.177 [FXGL Background Thread 3 ] DEBUG Engine               - class com.almasb.fxgl.audio.AudioPlayer
11:53:05.177 [FXGL Background Thread 3 ] DEBUG Engine               - class com.almasb.fxgl.notification.impl.NotificationServiceProvider
11:53:05.177 [FXGL Background Thread 3 ] DEBUG Engine               - class com.almasb.fxgl.achievement.AchievementService
11:53:05.177 [FXGL Background Thread 3 ] DEBUG Engine               - class com.almasb.fxgl.cutscene.CutsceneService
11:53:05.177 [FXGL Background Thread 3 ] DEBUG Engine               - class com.almasb.fxgl.minigames.MiniGameService
11:53:05.177 [FXGL Background Thread 3 ] DEBUG Engine               - class com.almasb.fxgl.net.NetService
11:53:05.177 [FXGL Background Thread 3 ] DEBUG Engine               - class com.almasb.fxgl.app.services.UpdaterService
11:53:05.177 [FXGL Background Thread 3 ] DEBUG Engine               - class com.almasb.fxgl.dev.DevService
11:53:18.126 [ServerAsyncConnThread    ] DEBUG Endpoint             - TCPServer opening new connection (1) from /172.17.42.162:52571 type: class com.almasb.fxgl.core.serialization.Bundle
11:53:18.127 [ServerAsyncConnThread    ] DEBUG Endpoint             - TCPServer successfully opened connection (1)
11:53:18.131 [TCPServer_SendThread-1   ] DEBUG Writers              - Getting TCPMessageWriter for class com.almasb.fxgl.core.serialization.Bundle
11:53:18.132 [TCPServer_RecvThread-1   ] DEBUG Readers              - Getting TCPMessageReader for class com.almasb.fxgl.core.serialization.Bundle
11:53:18.132 [TCPServer_SendThread-1   ] DEBUG Writers              - Constructed TCPMessageWriter for class com.almasb.fxgl.core.serialization.Bundle: BundleTCPMessageWriter
11:53:18.134 [TCPServer_RecvThread-1   ] DEBUG Readers              - Constructed MessageReader for class com.almasb.fxgl.core.serialization.Bundle: BundleTCPMessageReader
11:53:21.613 [JavaFX Application Thread] DEBUG GameApplicationServi - Starting new game
11:53:21.613 [JavaFX Application Thread] DEBUG PrimaryStageWindow   - Pop state: MyMainMenu
11:53:21.613 [JavaFX Application Thread] DEBUG Input                - Clearing active input actions
11:53:21.613 [JavaFX Application Thread] DEBUG GameApplicationServi - Removing overlay from MyMainMenu and adding to FXGLMainMenuDummyScene
11:53:21.613 [JavaFX Application Thread] DEBUG PrimaryStageWindow   - FXGLMainMenuDummyScene <- MyMainMenu
11:53:21.614 [JavaFX Application Thread] DEBUG Input                - Clearing active input actions
11:53:21.617 [JavaFX Application Thread] DEBUG GameApplicationServi - Removing overlay from FXGLMainMenuDummyScene and adding to FXGLLoadingScene
11:53:21.617 [JavaFX Application Thread] DEBUG PrimaryStageWindow   - FXGLMainMenuDummyScene -> FXGLLoadingScene
11:53:21.617 [JavaFX Application Thread] DEBUG GameApplicationServi - Clearing previous game
11:53:21.617 [JavaFX Application Thread] DEBUG GameScene            - Clearing game scene
11:53:21.617 [JavaFX Application Thread] DEBUG GameWorld            - Clearing game world
11:53:21.617 [JavaFX Application Thread] DEBUG PhysicsWorld         - Clearing physics world
11:53:21.619 [FXGL Background Thread 2 ] DEBUG FXGLApplication      - Initializing game
11:53:21.636 [FXGL Background Thread 2 ] DEBUG FXGLAssetLoaderServi - Loading from file system: file:/C:/Users/23256/Desktop/QQBOMB/Game2p_final/target/classes/assets/textures/music.png
11:53:21.643 [FXGL Background Thread 2 ] DEBUG FXGLAssetLoaderServi - Loading from file system: file:/C:/Users/23256/Desktop/QQBOMB/Game2p_final/target/classes/assets/textures/musicOFF.png
11:53:21.646 [FXGL Background Thread 2 ] DEBUG FXGLAssetLoaderServi - Loading from file system: file:/C:/Users/23256/Desktop/QQBOMB/Game2p_final/target/classes/assets/textures/game_background.png
11:53:21.661 [FXGL Background Thread 2 ] DEBUG FXGLAssetLoaderServi - Loading from file system: file:/C:/Users/23256/Desktop/QQBOMB/Game2p_final/target/classes/assets/textures/f2.png
11:53:21.757 [FXGL Background Thread 2 ] DEBUG FXGLAssetLoaderServi - Loading from file system: file:/C:/Users/23256/Desktop/QQBOMB/Game2p_final/target/classes/assets/textures/SnowLevel.png
11:53:21.788 [FXGL Background Thread 2 ] DEBUG FXGLAssetLoaderServi - Loading from file system: file:/C:/Users/23256/Desktop/QQBOMB/Game2p_final/target/classes/assets/textures/brownBear.png
11:53:21.790 [FXGL Background Thread 2 ] DEBUG FXGLAssetLoaderServi - Loading from file system: file:/C:/Users/23256/Desktop/QQBOMB/Game2p_final/target/classes/assets/textures/blueBear.png
11:53:21.843 [FXGL Background Thread 2 ] DEBUG FXGLAssetLoaderServi - Loading from file system: file:/C:/Users/23256/Desktop/QQBOMB/Game2p_final/target/classes/assets/textures/player1.png
11:53:21.857 [FXGL Background Thread 2 ] DEBUG FXGLAssetLoaderServi - Loading from file system: file:/C:/Users/23256/Desktop/QQBOMB/Game2p_final/target/classes/assets/textures/player3.png
11:53:21.860 [FXGL Background Thread 2 ] DEBUG Input                - Registered new binding: playBomb_server - Space
11:53:21.861 [FXGL Background Thread 2 ] DEBUG Input                - Registered new binding: moveup - W
11:53:21.861 [FXGL Background Thread 2 ] DEBUG Input                - Registered new binding: movedown - S
11:53:21.861 [FXGL Background Thread 2 ] DEBUG Input                - Registered new binding: moveleft - A
11:53:21.861 [FXGL Background Thread 2 ] DEBUG Input                - Registered new binding: moveright - D
11:53:21.861 [FXGL Background Thread 2 ] DEBUG Input                - Registered new binding: playBomb2 - Enter
11:53:21.862 [FXGL Background Thread 2 ] DEBUG Input                - Registered new binding: action0 - Up
11:53:21.862 [FXGL Background Thread 2 ] DEBUG Input                - Registered new binding: action1 - Down
11:53:21.863 [FXGL Background Thread 2 ] DEBUG Input                - Registered new binding: action2 - Left
11:53:21.863 [FXGL Background Thread 2 ] DEBUG Input                - Registered new binding: action3 - Right
11:53:21.863 [FXGL Background Thread 2 ] DEBUG Input                - Registered new binding: pause - Esc
11:53:21.865 [FXGL Background Thread 2 ] DEBUG FXGLAssetLoaderServi - Loading from file system: file:/C:/Users/23256/Desktop/QQBOMB/Game2p_final/target/classes/assets/textures/player1head.png
11:53:21.880 [FXGL Background Thread 2 ] DEBUG FXGLAssetLoaderServi - Loading from file system: file:/C:/Users/23256/Desktop/QQBOMB/Game2p_final/target/classes/assets/textures/player2head.png
11:53:21.889 [FXGL Background Thread 2 ] DEBUG FXGLAssetLoaderServi - Loading from file system: file:/C:/Users/23256/Desktop/QQBOMB/Game2p_final/target/classes/assets/textures/player3head.png
11:53:21.902 [FXGL Background Thread 2 ] DEBUG FXGLAssetLoaderServi - Loading from file system: file:/C:/Users/23256/Desktop/QQBOMB/Game2p_final/target/classes/assets/textures/player4head.png
11:53:21.916 [FXGL Background Thread 2 ] DEBUG FXGLAssetLoaderServi - Loading from file system: file:/C:/Users/23256/Desktop/QQBOMB/Game2p_final/target/classes/assets/textures/life.png
11:53:21.926 [FXGL Background Thread 2 ] DEBUG FXGLAssetLoaderServi - Loading from file system: file:/C:/Users/23256/Desktop/QQBOMB/Game2p_final/target/classes/assets/textures/imgboob.png
11:53:21.928 [FXGL Background Thread 2 ] DEBUG FXGLAssetLoaderServi - Loading from file system: file:/C:/Users/23256/Desktop/QQBOMB/Game2p_final/target/classes/assets/textures/redme.png
11:53:21.929 [FXGL Background Thread 2 ] DEBUG FXGLAssetLoaderServi - Loading from file system: file:/C:/Users/23256/Desktop/QQBOMB/Game2p_final/target/classes/assets/textures/moveboot.png
11:53:21.931 [FXGL Background Thread 2 ] INFO  FXGLApplication      - Game initialization took: 0.312 sec
11:53:21.931 [JavaFX Application Thread] DEBUG Input                - Clearing active input actions
11:53:21.941 [JavaFX Application Thread] DEBUG GameApplicationServi - Removing overlay from FXGLLoadingScene and adding to GameScene
11:53:21.941 [JavaFX Application Thread] DEBUG PrimaryStageWindow   - FXGLLoadingScene -> GameScene
11:53:26.964 [JavaFX Application Thread] DEBUG FXGLAssetLoaderServi - Loading from file system: file:/C:/Users/23256/Desktop/QQBOMB/Game2p_final/target/classes/assets/textures/bomb.png
11:53:26.964 [Thread-442               ] DEBUG FXGLAssetLoaderServi - Loading from file system: file:/C:/Users/23256/Desktop/QQBOMB/Game2p_final/target/classes/assets/sounds/put.wav
11:53:27.371 [JavaFX Application Thread] DEBUG FXGLAssetLoaderServi - Loading from file system: file:/C:/Users/23256/Desktop/QQBOMB/Game2p_final/target/classes/assets/textures/toyBomb.png
11:53:28.469 [JavaFX Application Thread] DEBUG FXGLAssetLoaderServi - Loading from file system: file:/C:/Users/23256/Desktop/QQBOMB/Game2p_final/target/classes/assets/textures/singleboom.png
11:53:28.469 [Thread-475               ] DEBUG FXGLAssetLoaderServi - Loading from file system: file:/C:/Users/23256/Desktop/QQBOMB/Game2p_final/target/classes/assets/sounds/Fire.wav
11:53:33.825 [JavaFX Application Thread] DEBUG FXGLAssetLoaderServi - Loading from file system: file:/C:/Users/23256/Desktop/QQBOMB/Game2p_final/target/classes/assets/textures/toyBottle.png
11:53:38.052 [JavaFX Application Thread] DEBUG FXGLAssetLoaderServi - Loading from file system: file:/C:/Users/23256/Desktop/QQBOMB/Game2p_final/target/classes/assets/textures/toyShoe.png
11:53:40.403 [Thread-819               ] DEBUG FXGLAssetLoaderServi - Loading from file system: file:/C:/Users/23256/Desktop/QQBOMB/Game2p_final/target/classes/assets/sounds/pick.wav
11:54:28.356 [JavaFX Application Thread] WARN  GameWorld            - Attempted to remove entity which is not active
11:54:29.436 [JavaFX Application Thread] DEBUG FXGLAssetLoaderServi - Loading from file system: file:/C:/Users/23256/Desktop/QQBOMB/Game2p_final/target/classes/assets/textures/e.png
11:54:32.664 [JavaFX Application Thread] WARN  GameWorld            - Attempted to remove entity which is not active
11:54:37.337 [JavaFX Application Thread] WARN  GameWorld            - Attempted to remove entity which is not active
11:54:38.488 [JavaFX Application Thread] DEBUG FXGLAssetLoaderServi - Loading from file system: file:/C:/Users/23256/Desktop/QQBOMB/Game2p_final/target/classes/assets/textures/explode.png
11:54:41.615 [TCPServer_RecvThread-1   ] DEBUG Endpoint             - Connection 1 was correctly closed from remote endpoint.
11:54:41.618 [TCPServer_RecvThread-1   ] DEBUG Connection           - Closing connection 1
11:54:41.618 [TCPServer_RecvThread-1   ] DEBUG Connection           - Connection 1 was correctly closed from local endpoint.
11:54:41.618 [TCPServer_RecvThread-1   ] DEBUG Endpoint             - TCPServer connection (1) was closed
11:54:41.623 [JavaFX Application Thread] DEBUG PrimaryStageWindow   - Push state: Player2win
11:54:41.624 [JavaFX Application Thread] DEBUG Input                - Clearing active input actions
11:54:41.624 [JavaFX Application Thread] DEBUG GameApplicationServi - Removing overlay from GameScene and adding to Player2win
11:54:41.624 [JavaFX Application Thread] DEBUG PrimaryStageWindow   - GameScene -> Player2win
11:54:42.830 [JavaFX Application Thread] DEBUG PrimaryStageWindow   - Pop state: Player2win
11:54:42.830 [JavaFX Application Thread] DEBUG Input                - Clearing active input actions
11:54:42.830 [JavaFX Application Thread] DEBUG GameApplicationServi - Removing overlay from Player2win and adding to GameScene
11:54:42.830 [JavaFX Application Thread] DEBUG PrimaryStageWindow   - GameScene <- Player2win
11:54:42.830 [JavaFX Application Thread] DEBUG Input                - Clearing active input actions
11:54:42.832 [JavaFX Application Thread] DEBUG GameApplicationServi - Removing overlay from GameScene and adding to FXGLMainMenuDummyScene
11:54:42.832 [JavaFX Application Thread] DEBUG PrimaryStageWindow   - GameScene -> FXGLMainMenuDummyScene
11:54:42.832 [JavaFX Application Thread] DEBUG PrimaryStageWindow   - Push state: MyMainMenu
11:54:42.832 [JavaFX Application Thread] DEBUG Input                - Clearing active input actions
11:54:42.833 [JavaFX Application Thread] DEBUG GameApplicationServi - Removing overlay from FXGLMainMenuDummyScene and adding to MyMainMenu
11:54:42.833 [JavaFX Application Thread] DEBUG PrimaryStageWindow   - FXGLMainMenuDummyScene -> MyMainMenu
11:54:44.492 [JavaFX Application Thread] DEBUG FXGLApplication      - Exiting FXGL
11:54:44.492 [JavaFX Application Thread] DEBUG LoopRunner           - Stopping loop
11:54:44.492 [JavaFX Application Thread] DEBUG SystemBundleService  - Saving FXGL system data
11:54:44.493 [JavaFX Application Thread] DEBUG FileSystemAccess     - Writing to: C:\Users\23256\Desktop\QQBOMB\Game2p_final\system\fxgl.bundle
11:54:44.494 [JavaFX Application Thread] DEBUG Async                - Shutting down background threads
11:54:44.494 [JavaFX Application Thread] DEBUG PrimaryStageWindow   - Closing main window
11:54:44.503 [JavaFX Application Thread] DEBUG Logger               - Closing Logger
