12:58:27.530 [main                     ] DEBUG Logger               - Configured Logger
12:58:27.553 [main                     ] DEBUG GameApplication      - Logging settings
Title: QQBOMBER-704
Version: 0.1
Width: 800
Height: 600
Fullscreen: false
Intro: false
Profiling: false
Single step:false
App Mode: DEVELOPER
Menu Key: ESCAPE
Stage Style: DECORATED
Scene Factory: class com.game.GameApp$8

12:58:28.139 [JavaFX Application Thread] DEBUG FXGLApplication      - Initializing FXGL
12:58:28.143 [JavaFX Application Thread] INFO  Engine               - FXGL-17.2 (20.08.2022 16.50) on WINDOWS (J:17.0.8 FX:18)
12:58:28.144 [JavaFX Application Thread] DEBUG Engine               - JRE Vendor Name: Oracle Corporation
12:58:28.144 [JavaFX Application Thread] DEBUG Engine               - Running on OS: Windows 11 version 10.0
12:58:28.144 [JavaFX Application Thread] DEBUG Engine               - Architecture: amd64
12:58:28.144 [JavaFX Application Thread] INFO  Engine               - Source code and latest versions at: https://github.com/AlmasB/FXGL
12:58:28.144 [JavaFX Application Thread] INFO  Engine               -       Ask questions and discuss at: https://github.com/AlmasB/FXGL/discussions
12:58:28.144 [JavaFX Application Thread] INFO  Engine               -              Join the FXGL chat at: https://gitter.im/AlmasB/FXGL
12:58:28.236 [JavaFX Application Thread] DEBUG PrimaryStageWindow   - Creating a JavaFX scene
12:58:28.282 [JavaFX Application Thread] DEBUG PrimaryStageWindow   - Target settings size: 800.0 x 600.0
12:58:28.282 [JavaFX Application Thread] DEBUG PrimaryStageWindow   - Scaled scene size:    800.0 x 600.0
12:58:28.282 [JavaFX Application Thread] DEBUG PrimaryStageWindow   - Scaled ratio: (1.0, 1.0)
12:58:28.283 [JavaFX Application Thread] DEBUG PrimaryStageWindow   - Set initial scene to FXGLStartupScene
12:58:28.289 [JavaFX Application Thread] DEBUG PrimaryStageWindow   - Opening main window
12:58:28.404 [JavaFX Application Thread] DEBUG PrimaryStageWindow   - Window border size: (14.4000244140625, 37.5999755859375)
12:58:28.404 [JavaFX Application Thread] DEBUG PrimaryStageWindow   - Scaled size: 800.0 x 600.0
12:58:28.405 [JavaFX Application Thread] DEBUG PrimaryStageWindow   - Scaled ratio: (1.0, 1.0)
12:58:28.405 [JavaFX Application Thread] DEBUG PrimaryStageWindow   - Scene size: 800.0 x 600.0
12:58:28.405 [JavaFX Application Thread] DEBUG PrimaryStageWindow   - Stage size: 814.4000244140625 x 637.5999755859375
12:58:28.413 [FXGL Background Thread 1 ] DEBUG Engine               - Initializing environment variables
12:58:28.455 [FXGL Background Thread 1 ] DEBUG FXGLAssetLoaderServi - User app class for loading assets: class com.game.GameApp
12:58:28.455 [FXGL Background Thread 1 ] DEBUG GameApplicationServi - Applying CSS: fxgl_dark.css
12:58:28.455 [FXGL Background Thread 1 ] DEBUG FXGLAssetLoaderServi - Loading from file system: jar:file:/C:/Users/23256/.m2/repository/com/github/almasb/fxgl/17.2/fxgl-17.2.jar!/fxglassets/ui/css/fxgl_dark.css
12:58:28.486 [FXGL Background Thread 1 ] DEBUG GameApplicationServi - Initializing application scenes
12:58:28.561 [FXGL Background Thread 1 ] DEBUG GameWorld            - Game world initialized
12:58:28.626 [FXGL Background Thread 1 ] DEBUG PhysicsWorld         - Physics world initialized: appHeight=600, physics.ppm=50.0
12:58:28.626 [FXGL Background Thread 1 ] DEBUG PhysicsWorld         - Using strategy: BRUTE_FORCE
12:58:28.630 [FXGL Background Thread 1 ] DEBUG GameScene            - Game scene initialized: 800x600
12:58:29.335 [FXGL Background Thread 1 ] DEBUG FXGLAssetLoaderServi - Loading from file system: file:/C:/Users/23256/Desktop/my%20toys/704QQBOMB/target/classes/assets/textures/main_musicON.png
12:58:29.347 [FXGL Background Thread 1 ] DEBUG FXGLAssetLoaderServi - Loading from file system: file:/C:/Users/23256/Desktop/my%20toys/704QQBOMB/target/classes/assets/textures/main_musicOFF.png
12:58:29.399 [FXGL Background Thread 1 ] DEBUG FXGLAssetLoaderServi - Loading from file system: file:/C:/Users/23256/Desktop/my%20toys/704QQBOMB/target/classes/assets/textures/local_mode.png
12:58:29.402 [FXGL Background Thread 1 ] DEBUG FXGLAssetLoaderServi - Loading from file system: file:/C:/Users/23256/Desktop/my%20toys/704QQBOMB/target/classes/assets/textures/local_mode_light.png
12:58:29.404 [FXGL Background Thread 1 ] DEBUG FXGLAssetLoaderServi - Loading from file system: file:/C:/Users/23256/Desktop/my%20toys/704QQBOMB/target/classes/assets/textures/online_mode.png
12:58:29.405 [FXGL Background Thread 1 ] DEBUG FXGLAssetLoaderServi - Loading from file system: file:/C:/Users/23256/Desktop/my%20toys/704QQBOMB/target/classes/assets/textures/online_mode_light.png
12:58:29.408 [FXGL Background Thread 1 ] DEBUG FXGLAssetLoaderServi - Loading from file system: file:/C:/Users/23256/Desktop/my%20toys/704QQBOMB/target/classes/assets/textures/help.png
12:58:29.408 [FXGL Background Thread 1 ] DEBUG FXGLAssetLoaderServi - Loading from file system: file:/C:/Users/23256/Desktop/my%20toys/704QQBOMB/target/classes/assets/textures/help_light.png
12:58:29.409 [FXGL Background Thread 1 ] DEBUG FXGLAssetLoaderServi - Loading from file system: file:/C:/Users/23256/Desktop/my%20toys/704QQBOMB/target/classes/assets/textures/exit.png
12:58:29.410 [FXGL Background Thread 1 ] DEBUG FXGLAssetLoaderServi - Loading from file system: file:/C:/Users/23256/Desktop/my%20toys/704QQBOMB/target/classes/assets/textures/exit_light.png
12:58:29.600 [FXGL Background Thread 1 ] DEBUG GameApplicationServi - Application scenes initialized
12:58:29.616 [FXGL Background Thread 1 ] DEBUG SystemBundleService  - Loading FXGL system data
12:58:29.619 [FXGL Background Thread 1 ] DEBUG FileSystemAccess     - Reading from: C:\Users\23256\Desktop\my toys\704QQBOMB\system\fxgl.bundle
12:58:29.623 [FXGL Background Thread 1 ] DEBUG SystemBundleService  - Bundle FXGL: {}
12:58:29.623 [FXGL Background Thread 1 ] DEBUG UpdaterService       - Checking for updates
12:58:29.628 [FXGL Background Thread 4 ] DEBUG FXGLApplication      - Loading fonts
12:58:29.628 [FXGL Background Thread 4 ] DEBUG FXGLAssetLoaderServi - Loading from file system: jar:file:/C:/Users/23256/.m2/repository/com/github/almasb/fxgl/17.2/fxgl-17.2.jar!/fxglassets/ui/fonts/VarelaRound-Regular.ttf
12:58:29.628 [FXGL Background Thread 1 ] DEBUG FXGLApplication      - Loading default localization
12:58:29.628 [FXGL Background Thread 1 ] DEBUG FXGLAssetLoaderServi - Loading from file system: jar:file:/C:/Users/23256/.m2/repository/com/github/almasb/fxgl/17.2/fxgl-17.2.jar!/fxglassets/languages/english.lang
12:58:29.650 [FXGL Background Thread 1 ] INFO  FXGLApplication      - FXGL initialization took: 1.237 sec
12:58:29.650 [JavaFX Application Thread] DEBUG FXGLAssetLoaderServi - Loading from file system: file:/C:/Users/23256/Desktop/my%20toys/704QQBOMB/target/classes/assets/textures/icon.png
12:58:29.663 [FXGL Background Thread 4 ] DEBUG FXGLAssetLoaderServi - Loading from file system: jar:file:/C:/Users/23256/.m2/repository/com/github/almasb/fxgl/17.2/fxgl-17.2.jar!/fxglassets/ui/fonts/Abel-Regular.ttf
12:58:29.665 [FXGL Background Thread 4 ] DEBUG FXGLAssetLoaderServi - Loading from file system: jar:file:/C:/Users/23256/.m2/repository/com/github/almasb/fxgl/17.2/fxgl-17.2.jar!/fxglassets/ui/fonts/TerminalLandMono-Regular.otf
12:58:29.667 [FXGL Background Thread 4 ] DEBUG FXGLAssetLoaderServi - Loading from file system: jar:file:/C:/Users/23256/.m2/repository/com/github/almasb/fxgl/17.2/fxgl-17.2.jar!/fxglassets/ui/fonts/Courier-Prime.ttf
12:58:29.712 [JavaFX Application Thread] DEBUG FXGLAssetLoaderServi - Loading from file system: jar:file:/C:/Users/23256/.m2/repository/com/github/almasb/fxgl/17.2/fxgl-17.2.jar!/fxglassets/textures/fxgl_default_cursor.png
12:58:29.730 [JavaFX Application Thread] DEBUG Input                - Registered new binding: Screenshot - CTRL+8
12:58:29.731 [JavaFX Application Thread] DEBUG Input                - Registered new binding: System info dump - CTRL+9
12:58:29.732 [JavaFX Application Thread] DEBUG Input                - Registered new binding: Restart - CTRL+R
12:58:29.733 [JavaFX Application Thread] DEBUG Input                - Registered new binding: Toggle Debug Camera - CTRL+7
12:58:29.736 [JavaFX Application Thread] DEBUG LoopRunner           - Starting loop
12:58:29.736 [JavaFX Application Thread] DEBUG LoopRunner           - Initializing JavaFX AnimationTimerLoop
12:58:29.738 [JavaFX Application Thread] DEBUG Input                - Clearing active input actions
12:58:29.743 [JavaFX Application Thread] DEBUG GameApplicationServi - Removing overlay from FXGLStartupScene and adding to FXGLMainMenuDummyScene
12:58:29.743 [JavaFX Application Thread] DEBUG PrimaryStageWindow   - FXGLStartupScene -> FXGLMainMenuDummyScene
12:58:29.743 [JavaFX Application Thread] DEBUG PrimaryStageWindow   - Push state: MyMainMenu
12:58:29.743 [JavaFX Application Thread] DEBUG Input                - Clearing active input actions
12:58:29.750 [JavaFX Application Thread] DEBUG GameApplicationServi - Removing overlay from FXGLMainMenuDummyScene and adding to MyMainMenu
12:58:29.750 [JavaFX Application Thread] DEBUG PrimaryStageWindow   - FXGLMainMenuDummyScene -> MyMainMenu
12:58:29.750 [JavaFX Application Thread] DEBUG FXGLApplication      - Registering font factories with UI factory
12:58:30.583 [FXGL Background Thread 2 ] INFO  UpdaterService       - Your current version:  17.2
12:58:30.583 [FXGL Background Thread 2 ] INFO  UpdaterService       - Latest stable version: 21.1
12:58:32.627 [FXGL Background Thread 3 ] DEBUG Engine               - Logging environment variables
12:58:32.627 [FXGL Background Thread 3 ] DEBUG Engine               - achievements: []
12:58:32.627 [FXGL Background Thread 3 ] DEBUG Engine               - actualHeight: 600.0
12:58:32.627 [FXGL Background Thread 3 ] DEBUG Engine               - actualHeightProperty: ReadOnlyDoubleProperty [value: 600.0]
12:58:32.627 [FXGL Background Thread 3 ] DEBUG Engine               - actualWidth: 800.0
12:58:32.627 [FXGL Background Thread 3 ] DEBUG Engine               - actualWidthProperty: ReadOnlyDoubleProperty [value: 800.0]
12:58:32.627 [FXGL Background Thread 3 ] DEBUG Engine               - appIcon: icon.png
12:58:32.627 [FXGL Background Thread 3 ] DEBUG Engine               - applicationMode: DEVELOPER
12:58:32.628 [FXGL Background Thread 3 ] DEBUG Engine               - cSSList: [fxgl_dark.css]
12:58:32.628 [FXGL Background Thread 3 ] DEBUG Engine               - collisionDetectionStrategy: BRUTE_FORCE
12:58:32.628 [FXGL Background Thread 3 ] DEBUG Engine               - configClass: Optional.empty
12:58:32.628 [FXGL Background Thread 3 ] DEBUG Engine               - credits: []
12:58:32.629 [FXGL Background Thread 3 ] DEBUG Engine               - defaultCursor: CursorInfo(imageName=fxgl_default_cursor.png, hotspotX=7.0, hotspotY=6.0)
12:58:32.629 [FXGL Background Thread 3 ] DEBUG Engine               - devBBoxColorProperty: ObjectProperty [value: 0xff0000ff]
12:58:32.629 [FXGL Background Thread 3 ] DEBUG Engine               - devEnableDebugCameraProperty: BooleanProperty [value: false]
12:58:32.629 [FXGL Background Thread 3 ] DEBUG Engine               - devSensorColorProperty: ObjectProperty [value: 0xffff00ff]
12:58:32.629 [FXGL Background Thread 3 ] DEBUG Engine               - devShowBBoxProperty: BooleanProperty [value: false]
12:58:32.629 [FXGL Background Thread 3 ] DEBUG Engine               - devShowPositionProperty: BooleanProperty [value: false]
12:58:32.629 [FXGL Background Thread 3 ] DEBUG Engine               - enabledMenuItems: []
12:58:32.629 [FXGL Background Thread 3 ] DEBUG Engine               - engineServices: [class com.almasb.fxgl.app.services.FXGLAssetLoaderService, class com.almasb.fxgl.app.FXGLApplication$GameApplicationService, class com.almasb.fxgl.app.services.FXGLDialogService, class com.almasb.fxgl.app.services.IOTaskExecutorService, class com.almasb.fxgl.io.FileSystemService, class com.almasb.fxgl.localization.LocalizationService, class com.almasb.fxgl.app.services.SystemBundleService, class com.almasb.fxgl.profile.SaveLoadService, class com.almasb.fxgl.ui.FXGLUIFactoryServiceProvider, class com.almasb.fxgl.ui.FXGLDialogFactoryServiceProvider, class com.almasb.fxgl.audio.AudioPlayer, class com.almasb.fxgl.notification.impl.NotificationServiceProvider, class com.almasb.fxgl.achievement.AchievementService, class com.almasb.fxgl.cutscene.CutsceneService, class com.almasb.fxgl.minigames.MiniGameService, class com.almasb.fxgl.net.NetService, class com.almasb.fxgl.app.services.UpdaterService, class com.almasb.fxgl.dev.DevService]
12:58:32.629 [FXGL Background Thread 3 ] DEBUG Engine               - fontGame: Abel-Regular.ttf
12:58:32.629 [FXGL Background Thread 3 ] DEBUG Engine               - fontMono: TerminalLandMono-Regular.otf
12:58:32.629 [FXGL Background Thread 3 ] DEBUG Engine               - fontText: Courier-Prime.ttf
12:58:32.629 [FXGL Background Thread 3 ] DEBUG Engine               - fontUI: VarelaRound-Regular.ttf
12:58:32.629 [FXGL Background Thread 3 ] DEBUG Engine               - fullScreen: BooleanProperty [value: false]
12:58:32.629 [FXGL Background Thread 3 ] DEBUG Engine               - gameDifficulty: MEDIUM
12:58:32.629 [FXGL Background Thread 3 ] DEBUG Engine               - gameDifficultyProperty: ObjectProperty [value: MEDIUM]
12:58:32.629 [FXGL Background Thread 3 ] DEBUG Engine               - globalMusicVolume: 0.5
12:58:32.629 [FXGL Background Thread 3 ] DEBUG Engine               - globalMusicVolumeProperty: DoubleProperty [value: 0.5]
12:58:32.629 [FXGL Background Thread 3 ] DEBUG Engine               - globalSoundVolume: 0.5
12:58:32.629 [FXGL Background Thread 3 ] DEBUG Engine               - globalSoundVolumeProperty: DoubleProperty [value: 0.5]
12:58:32.629 [FXGL Background Thread 3 ] DEBUG Engine               - height: 600
12:58:32.629 [FXGL Background Thread 3 ] DEBUG Engine               - is3D: false
12:58:32.629 [FXGL Background Thread 3 ] DEBUG Engine               - isAndroid: false
12:58:32.629 [FXGL Background Thread 3 ] DEBUG Engine               - isBrowser: false
12:58:32.629 [FXGL Background Thread 3 ] DEBUG Engine               - isClickFeedbackEnabled: false
12:58:32.629 [FXGL Background Thread 3 ] DEBUG Engine               - isCloseConfirmation: false
12:58:32.629 [FXGL Background Thread 3 ] DEBUG Engine               - isDesktop: true
12:58:32.631 [FXGL Background Thread 3 ] DEBUG Engine               - isDeveloperMenuEnabled: false
12:58:32.631 [FXGL Background Thread 3 ] DEBUG Engine               - isEmbedded: false
12:58:32.631 [FXGL Background Thread 3 ] DEBUG Engine               - isEntityPreloadEnabled: true
12:58:32.631 [FXGL Background Thread 3 ] DEBUG Engine               - isExperimentalTiledLargeMap: false
12:58:32.631 [FXGL Background Thread 3 ] DEBUG Engine               - isFileSystemWriteAllowed: true
12:58:32.631 [FXGL Background Thread 3 ] DEBUG Engine               - isFullScreenAllowed: false
12:58:32.631 [FXGL Background Thread 3 ] DEBUG Engine               - isFullScreenFromStart: false
12:58:32.631 [FXGL Background Thread 3 ] DEBUG Engine               - isGameMenuEnabled: true
12:58:32.631 [FXGL Background Thread 3 ] DEBUG Engine               - isIOS: false
12:58:32.631 [FXGL Background Thread 3 ] DEBUG Engine               - isIntroEnabled: false
12:58:32.631 [FXGL Background Thread 3 ] DEBUG Engine               - isLinux: false
12:58:32.631 [FXGL Background Thread 3 ] DEBUG Engine               - isMac: false
12:58:32.631 [FXGL Background Thread 3 ] DEBUG Engine               - isMainMenuEnabled: true
12:58:32.631 [FXGL Background Thread 3 ] DEBUG Engine               - isManualResizeEnabled: false
12:58:32.631 [FXGL Background Thread 3 ] DEBUG Engine               - isMobile: false
12:58:32.631 [FXGL Background Thread 3 ] DEBUG Engine               - isNative: false
12:58:32.631 [FXGL Background Thread 3 ] DEBUG Engine               - isPauseMusicWhenMinimized: true
12:58:32.631 [FXGL Background Thread 3 ] DEBUG Engine               - isPreserveResizeRatio: false
12:58:32.631 [FXGL Background Thread 3 ] DEBUG Engine               - isProfilingEnabled: false
12:58:32.631 [FXGL Background Thread 3 ] DEBUG Engine               - isScaleAffectedOnResize: true
12:58:32.631 [FXGL Background Thread 3 ] DEBUG Engine               - isSingleStep: false
12:58:32.631 [FXGL Background Thread 3 ] DEBUG Engine               - isUserProfileEnabled: false
12:58:32.631 [FXGL Background Thread 3 ] DEBUG Engine               - isWindows: true
12:58:32.631 [FXGL Background Thread 3 ] DEBUG Engine               - language: ObjectProperty [value: ENGLISH]
12:58:32.631 [FXGL Background Thread 3 ] DEBUG Engine               - menuKey: ESCAPE
12:58:32.631 [FXGL Background Thread 3 ] DEBUG Engine               - mouseSensitivity: 0.2
12:58:32.632 [FXGL Background Thread 3 ] DEBUG Engine               - notificationViewClass: class com.almasb.fxgl.notification.view.XboxNotificationView
12:58:32.632 [FXGL Background Thread 3 ] DEBUG Engine               - pixelsPerMeter: 50.0
12:58:32.632 [FXGL Background Thread 3 ] DEBUG Engine               - platform: WINDOWS
12:58:32.632 [FXGL Background Thread 3 ] DEBUG Engine               - prefHeightProperty: ReadOnlyDoubleProperty [value: 600.0]
12:58:32.632 [FXGL Background Thread 3 ] DEBUG Engine               - prefWidthProperty: ReadOnlyDoubleProperty [value: 800.0]
12:58:32.632 [FXGL Background Thread 3 ] DEBUG Engine               - profileDir: profiles/
12:58:32.632 [FXGL Background Thread 3 ] DEBUG Engine               - profileName: StringProperty [value: DEFAULT]
12:58:32.632 [FXGL Background Thread 3 ] DEBUG Engine               - randomSeed: -1
12:58:32.632 [FXGL Background Thread 3 ] DEBUG Engine               - runtimeInfo: RuntimeInfo(platform=WINDOWS, version=17.2, build=20.08.2022 16.50)
12:58:32.632 [FXGL Background Thread 3 ] DEBUG Engine               - saveFileExt: sav
12:58:32.632 [FXGL Background Thread 3 ] DEBUG Engine               - scaledHeightProp$fxgl: DoubleProperty [bound, value: 600.0]
12:58:32.632 [FXGL Background Thread 3 ] DEBUG Engine               - scaledWidthProp$fxgl: DoubleProperty [bound, value: 800.0]
12:58:32.632 [FXGL Background Thread 3 ] DEBUG Engine               - sceneFactory: com.game.GameApp$8@12895c46
12:58:32.632 [FXGL Background Thread 3 ] DEBUG Engine               - secondsIn24h: 60
12:58:32.632 [FXGL Background Thread 3 ] DEBUG Engine               - soundMenuBack: menu/back.wav
12:58:32.632 [FXGL Background Thread 3 ] DEBUG Engine               - soundMenuPress: menu/press.wav
12:58:32.632 [FXGL Background Thread 3 ] DEBUG Engine               - soundMenuSelect: menu/select.wav
12:58:32.632 [FXGL Background Thread 3 ] DEBUG Engine               - soundNotification: core/notification.wav
12:58:32.632 [FXGL Background Thread 3 ] DEBUG Engine               - stageStyle: DECORATED
12:58:32.632 [FXGL Background Thread 3 ] DEBUG Engine               - supportedLanguages: [ENGLISH, FRENCH, GERMAN, HUNGARIAN, RUSSIAN]
12:58:32.632 [FXGL Background Thread 3 ] DEBUG Engine               - ticksPerSecond: -1
12:58:32.632 [FXGL Background Thread 3 ] DEBUG Engine               - title: QQBOMBER-704
12:58:32.632 [FXGL Background Thread 3 ] DEBUG Engine               - urlGithub: https://github.com/AlmasB/FXGL
12:58:32.632 [FXGL Background Thread 3 ] DEBUG Engine               - urlLeaderboard: http://fxgl-top.herokuapp.com/
12:58:32.632 [FXGL Background Thread 3 ] DEBUG Engine               - urlPOM: https://raw.githubusercontent.com/AlmasB/FXGL/release/README.md
12:58:32.632 [FXGL Background Thread 3 ] DEBUG Engine               - userAppClass: class com.game.GameApp
12:58:32.632 [FXGL Background Thread 3 ] DEBUG Engine               - version: 0.1
12:58:32.632 [FXGL Background Thread 3 ] DEBUG Engine               - versionCheckDays: 7
12:58:32.633 [FXGL Background Thread 3 ] DEBUG Engine               - width: 800
12:58:32.633 [FXGL Background Thread 3 ] DEBUG Engine               - Logging services
12:58:32.633 [FXGL Background Thread 3 ] DEBUG Engine               - class com.almasb.fxgl.app.services.FXGLAssetLoaderService
12:58:32.633 [FXGL Background Thread 3 ] DEBUG Engine               - class com.almasb.fxgl.app.FXGLApplication$GameApplicationService
12:58:32.633 [FXGL Background Thread 3 ] DEBUG Engine               - class com.almasb.fxgl.app.services.FXGLDialogService
12:58:32.633 [FXGL Background Thread 3 ] DEBUG Engine               - class com.almasb.fxgl.app.services.IOTaskExecutorService
12:58:32.633 [FXGL Background Thread 3 ] DEBUG Engine               - class com.almasb.fxgl.io.FileSystemService
12:58:32.633 [FXGL Background Thread 3 ] DEBUG Engine               - class com.almasb.fxgl.localization.LocalizationService
12:58:32.633 [FXGL Background Thread 3 ] DEBUG Engine               - class com.almasb.fxgl.app.services.SystemBundleService
12:58:32.633 [FXGL Background Thread 3 ] DEBUG Engine               - class com.almasb.fxgl.profile.SaveLoadService
12:58:32.633 [FXGL Background Thread 3 ] DEBUG Engine               - class com.almasb.fxgl.ui.FXGLUIFactoryServiceProvider
12:58:32.633 [FXGL Background Thread 3 ] DEBUG Engine               - class com.almasb.fxgl.ui.FXGLDialogFactoryServiceProvider
12:58:32.633 [FXGL Background Thread 3 ] DEBUG Engine               - class com.almasb.fxgl.audio.AudioPlayer
12:58:32.633 [FXGL Background Thread 3 ] DEBUG Engine               - class com.almasb.fxgl.notification.impl.NotificationServiceProvider
12:58:32.633 [FXGL Background Thread 3 ] DEBUG Engine               - class com.almasb.fxgl.achievement.AchievementService
12:58:32.633 [FXGL Background Thread 3 ] DEBUG Engine               - class com.almasb.fxgl.cutscene.CutsceneService
12:58:32.633 [FXGL Background Thread 3 ] DEBUG Engine               - class com.almasb.fxgl.minigames.MiniGameService
12:58:32.633 [FXGL Background Thread 3 ] DEBUG Engine               - class com.almasb.fxgl.net.NetService
12:58:32.633 [FXGL Background Thread 3 ] DEBUG Engine               - class com.almasb.fxgl.app.services.UpdaterService
12:58:32.633 [FXGL Background Thread 3 ] DEBUG Engine               - class com.almasb.fxgl.dev.DevService
12:59:09.919 [JavaFX Application Thread] DEBUG GameApplicationServi - Starting new game
12:59:09.919 [JavaFX Application Thread] DEBUG PrimaryStageWindow   - Pop state: MyMainMenu
12:59:09.919 [JavaFX Application Thread] DEBUG Input                - Clearing active input actions
12:59:09.919 [JavaFX Application Thread] DEBUG GameApplicationServi - Removing overlay from MyMainMenu and adding to FXGLMainMenuDummyScene
12:59:09.920 [JavaFX Application Thread] DEBUG PrimaryStageWindow   - FXGLMainMenuDummyScene <- MyMainMenu
12:59:09.920 [JavaFX Application Thread] DEBUG Input                - Clearing active input actions
12:59:09.923 [JavaFX Application Thread] DEBUG GameApplicationServi - Removing overlay from FXGLMainMenuDummyScene and adding to FXGLLoadingScene
12:59:09.923 [JavaFX Application Thread] DEBUG PrimaryStageWindow   - FXGLMainMenuDummyScene -> FXGLLoadingScene
12:59:09.923 [JavaFX Application Thread] DEBUG GameApplicationServi - Clearing previous game
12:59:09.923 [JavaFX Application Thread] DEBUG GameScene            - Clearing game scene
12:59:09.923 [JavaFX Application Thread] DEBUG GameWorld            - Clearing game world
12:59:09.923 [JavaFX Application Thread] DEBUG PhysicsWorld         - Clearing physics world
12:59:09.925 [FXGL Background Thread 2 ] DEBUG FXGLApplication      - Initializing game
12:59:09.940 [FXGL Background Thread 2 ] DEBUG FXGLAssetLoaderServi - Loading from file system: file:/C:/Users/23256/Desktop/my%20toys/704QQBOMB/target/classes/assets/textures/music.png
12:59:09.947 [FXGL Background Thread 2 ] DEBUG FXGLAssetLoaderServi - Loading from file system: file:/C:/Users/23256/Desktop/my%20toys/704QQBOMB/target/classes/assets/textures/musicOFF.png
12:59:09.949 [FXGL Background Thread 2 ] DEBUG FXGLAssetLoaderServi - Loading from file system: file:/C:/Users/23256/Desktop/my%20toys/704QQBOMB/target/classes/assets/textures/game_background.png
12:59:09.957 [FXGL Background Thread 2 ] DEBUG FXGLAssetLoaderServi - Loading from file system: file:/C:/Users/23256/Desktop/my%20toys/704QQBOMB/target/classes/assets/textures/f2.png
12:59:10.058 [FXGL Background Thread 2 ] DEBUG FXGLAssetLoaderServi - Loading from file system: file:/C:/Users/23256/Desktop/my%20toys/704QQBOMB/target/classes/assets/textures/GrassLevel.png
12:59:10.084 [FXGL Background Thread 2 ] DEBUG FXGLAssetLoaderServi - Loading from file system: file:/C:/Users/23256/Desktop/my%20toys/704QQBOMB/target/classes/assets/textures/scarecow.png
12:59:10.085 [FXGL Background Thread 2 ] DEBUG FXGLAssetLoaderServi - Loading from file system: file:/C:/Users/23256/Desktop/my%20toys/704QQBOMB/target/classes/assets/textures/grave.png
12:59:10.132 [FXGL Background Thread 2 ] DEBUG FXGLAssetLoaderServi - Loading from file system: file:/C:/Users/23256/Desktop/my%20toys/704QQBOMB/target/classes/assets/textures/player2.png
12:59:10.144 [FXGL Background Thread 2 ] DEBUG FXGLAssetLoaderServi - Loading from file system: file:/C:/Users/23256/Desktop/my%20toys/704QQBOMB/target/classes/assets/textures/player3.png
12:59:10.146 [FXGL Background Thread 2 ] DEBUG Input                - Registered new binding: playBomb_server - Space
12:59:10.147 [FXGL Background Thread 2 ] DEBUG Input                - Registered new binding: moveup - W
12:59:10.147 [FXGL Background Thread 2 ] DEBUG Input                - Registered new binding: movedown - S
12:59:10.147 [FXGL Background Thread 2 ] DEBUG Input                - Registered new binding: moveleft - A
12:59:10.147 [FXGL Background Thread 2 ] DEBUG Input                - Registered new binding: moveright - D
12:59:10.147 [FXGL Background Thread 2 ] DEBUG Input                - Registered new binding: playBomb2 - Enter
12:59:10.147 [FXGL Background Thread 2 ] DEBUG Input                - Registered new binding: action0 - Up
12:59:10.148 [FXGL Background Thread 2 ] DEBUG Input                - Registered new binding: action1 - Down
12:59:10.148 [FXGL Background Thread 2 ] DEBUG Input                - Registered new binding: action2 - Left
12:59:10.148 [FXGL Background Thread 2 ] DEBUG Input                - Registered new binding: action3 - Right
12:59:10.148 [FXGL Background Thread 2 ] DEBUG Input                - Registered new binding: pause - Esc
12:59:10.150 [FXGL Background Thread 2 ] DEBUG FXGLAssetLoaderServi - Loading from file system: file:/C:/Users/23256/Desktop/my%20toys/704QQBOMB/target/classes/assets/textures/player1head.png
12:59:10.167 [FXGL Background Thread 2 ] DEBUG FXGLAssetLoaderServi - Loading from file system: file:/C:/Users/23256/Desktop/my%20toys/704QQBOMB/target/classes/assets/textures/player2head.png
12:59:10.179 [FXGL Background Thread 2 ] DEBUG FXGLAssetLoaderServi - Loading from file system: file:/C:/Users/23256/Desktop/my%20toys/704QQBOMB/target/classes/assets/textures/player3head.png
12:59:10.187 [FXGL Background Thread 2 ] DEBUG FXGLAssetLoaderServi - Loading from file system: file:/C:/Users/23256/Desktop/my%20toys/704QQBOMB/target/classes/assets/textures/player4head.png
12:59:10.197 [FXGL Background Thread 2 ] DEBUG FXGLAssetLoaderServi - Loading from file system: file:/C:/Users/23256/Desktop/my%20toys/704QQBOMB/target/classes/assets/textures/life.png
12:59:10.202 [FXGL Background Thread 2 ] DEBUG FXGLAssetLoaderServi - Loading from file system: file:/C:/Users/23256/Desktop/my%20toys/704QQBOMB/target/classes/assets/textures/imgboob.png
12:59:10.202 [FXGL Background Thread 2 ] DEBUG FXGLAssetLoaderServi - Loading from file system: file:/C:/Users/23256/Desktop/my%20toys/704QQBOMB/target/classes/assets/textures/redme.png
12:59:10.203 [FXGL Background Thread 2 ] DEBUG FXGLAssetLoaderServi - Loading from file system: file:/C:/Users/23256/Desktop/my%20toys/704QQBOMB/target/classes/assets/textures/moveboot.png
12:59:10.204 [FXGL Background Thread 2 ] INFO  FXGLApplication      - Game initialization took: 0.279 sec
12:59:10.205 [JavaFX Application Thread] DEBUG Input                - Clearing active input actions
12:59:10.210 [JavaFX Application Thread] DEBUG GameApplicationServi - Removing overlay from FXGLLoadingScene and adding to GameScene
12:59:10.210 [JavaFX Application Thread] DEBUG PrimaryStageWindow   - FXGLLoadingScene -> GameScene
12:59:13.663 [JavaFX Application Thread] DEBUG PrimaryStageWindow   - Push state: MyGameMenu
12:59:13.664 [JavaFX Application Thread] DEBUG Input                - Clearing active input actions
12:59:13.664 [JavaFX Application Thread] DEBUG GameApplicationServi - Removing overlay from GameScene and adding to MyGameMenu
12:59:13.664 [JavaFX Application Thread] DEBUG PrimaryStageWindow   - GameScene -> MyGameMenu
12:59:15.746 [JavaFX Application Thread] DEBUG PrimaryStageWindow   - Pop state: MyGameMenu
12:59:15.746 [JavaFX Application Thread] DEBUG Input                - Clearing active input actions
12:59:15.746 [JavaFX Application Thread] DEBUG GameApplicationServi - Removing overlay from MyGameMenu and adding to GameScene
12:59:15.747 [JavaFX Application Thread] DEBUG PrimaryStageWindow   - GameScene <- MyGameMenu
12:59:15.747 [JavaFX Application Thread] DEBUG Input                - Clearing active input actions
12:59:15.750 [JavaFX Application Thread] DEBUG GameApplicationServi - Removing overlay from GameScene and adding to FXGLMainMenuDummyScene
12:59:15.750 [JavaFX Application Thread] DEBUG PrimaryStageWindow   - GameScene -> FXGLMainMenuDummyScene
12:59:15.750 [JavaFX Application Thread] DEBUG PrimaryStageWindow   - Push state: MyMainMenu
12:59:15.750 [JavaFX Application Thread] DEBUG Input                - Clearing active input actions
12:59:15.750 [JavaFX Application Thread] DEBUG GameApplicationServi - Removing overlay from FXGLMainMenuDummyScene and adding to MyMainMenu
12:59:15.750 [JavaFX Application Thread] DEBUG PrimaryStageWindow   - FXGLMainMenuDummyScene -> MyMainMenu
12:59:18.120 [JavaFX Application Thread] DEBUG FXGLApplication      - Exiting FXGL
12:59:18.120 [JavaFX Application Thread] DEBUG LoopRunner           - Stopping loop
12:59:18.120 [JavaFX Application Thread] DEBUG SystemBundleService  - Saving FXGL system data
12:59:18.121 [JavaFX Application Thread] DEBUG FileSystemAccess     - Writing to: C:\Users\23256\Desktop\my toys\704QQBOMB\system\fxgl.bundle
12:59:18.122 [JavaFX Application Thread] DEBUG Async                - Shutting down background threads
12:59:18.122 [JavaFX Application Thread] DEBUG PrimaryStageWindow   - Closing main window
12:59:18.134 [JavaFX Application Thread] DEBUG Logger               - Closing Logger
