11:51:54.831 [main                     ] DEBUG Logger               - Configured Logger
11:51:54.851 [main                     ] DEBUG GameApplication      - Logging settings
Title: QQBOMBER-704
Version: 0.1
Width: 800
Height: 600
Fullscreen: false
Intro: false
Profiling: false
Single step:false
App Mode: DEVELOPER
Menu Key: ESCAPE
Stage Style: DECORATED
Scene Factory: class com.game.GameApp$8

11:51:55.512 [JavaFX Application Thread] DEBUG FXGLApplication      - Initializing FXGL
11:51:55.518 [JavaFX Application Thread] INFO  Engine               - FXGL-17.2 (20.08.2022 16.50) on WINDOWS (J:17.0.8 FX:18)
11:51:55.518 [JavaFX Application Thread] DEBUG Engine               - JRE Vendor Name: Oracle Corporation
11:51:55.519 [JavaFX Application Thread] DEBUG Engine               - Running on OS: Windows 11 version 10.0
11:51:55.519 [JavaFX Application Thread] DEBUG Engine               - Architecture: amd64
11:51:55.519 [JavaFX Application Thread] INFO  Engine               - Source code and latest versions at: https://github.com/AlmasB/FXGL
11:51:55.519 [JavaFX Application Thread] INFO  Engine               -       Ask questions and discuss at: https://github.com/AlmasB/FXGL/discussions
11:51:55.519 [JavaFX Application Thread] INFO  Engine               -              Join the FXGL chat at: https://gitter.im/AlmasB/FXGL
11:51:55.610 [JavaFX Application Thread] DEBUG PrimaryStageWindow   - Creating a JavaFX scene
11:51:55.646 [JavaFX Application Thread] DEBUG PrimaryStageWindow   - Target settings size: 800.0 x 600.0
11:51:55.646 [JavaFX Application Thread] DEBUG PrimaryStageWindow   - Scaled scene size:    800.0 x 600.0
11:51:55.646 [JavaFX Application Thread] DEBUG PrimaryStageWindow   - Scaled ratio: (1.0, 1.0)
11:51:55.647 [JavaFX Application Thread] DEBUG PrimaryStageWindow   - Set initial scene to FXGLStartupScene
11:51:55.653 [JavaFX Application Thread] DEBUG PrimaryStageWindow   - Opening main window
11:51:55.740 [JavaFX Application Thread] DEBUG PrimaryStageWindow   - Window border size: (14.4000244140625, 37.5999755859375)
11:51:55.741 [JavaFX Application Thread] DEBUG PrimaryStageWindow   - Scaled size: 800.0 x 600.0
11:51:55.741 [JavaFX Application Thread] DEBUG PrimaryStageWindow   - Scaled ratio: (1.0, 1.0)
11:51:55.741 [JavaFX Application Thread] DEBUG PrimaryStageWindow   - Scene size: 800.0 x 600.0
11:51:55.742 [JavaFX Application Thread] DEBUG PrimaryStageWindow   - Stage size: 814.4000244140625 x 637.5999755859375
11:51:55.750 [FXGL Background Thread 1 ] DEBUG Engine               - Initializing environment variables
11:51:55.793 [FXGL Background Thread 1 ] DEBUG FXGLAssetLoaderServi - User app class for loading assets: class com.game.GameApp
11:51:55.793 [FXGL Background Thread 1 ] DEBUG GameApplicationServi - Applying CSS: fxgl_dark.css
11:51:55.794 [FXGL Background Thread 1 ] DEBUG FXGLAssetLoaderServi - Loading from file system: jar:file:/C:/Users/23256/.m2/repository/com/github/almasb/fxgl/17.2/fxgl-17.2.jar!/fxglassets/ui/css/fxgl_dark.css
11:51:55.837 [FXGL Background Thread 1 ] DEBUG GameApplicationServi - Initializing application scenes
11:51:55.907 [FXGL Background Thread 1 ] DEBUG GameWorld            - Game world initialized
11:51:55.950 [FXGL Background Thread 1 ] DEBUG PhysicsWorld         - Physics world initialized: appHeight=600, physics.ppm=50.0
11:51:55.950 [FXGL Background Thread 1 ] DEBUG PhysicsWorld         - Using strategy: BRUTE_FORCE
11:51:55.954 [FXGL Background Thread 1 ] DEBUG GameScene            - Game scene initialized: 800x600
11:51:56.559 [FXGL Background Thread 1 ] DEBUG FXGLAssetLoaderServi - Loading from file system: file:/C:/Users/23256/Desktop/QQBOMB/Game2p_final/target/classes/assets/textures/main_musicON.png
11:51:56.573 [FXGL Background Thread 1 ] DEBUG FXGLAssetLoaderServi - Loading from file system: file:/C:/Users/23256/Desktop/QQBOMB/Game2p_final/target/classes/assets/textures/main_musicOFF.png
11:51:56.627 [FXGL Background Thread 1 ] DEBUG FXGLAssetLoaderServi - Loading from file system: file:/C:/Users/23256/Desktop/QQBOMB/Game2p_final/target/classes/assets/textures/local_mode.png
11:51:56.629 [FXGL Background Thread 1 ] DEBUG FXGLAssetLoaderServi - Loading from file system: file:/C:/Users/23256/Desktop/QQBOMB/Game2p_final/target/classes/assets/textures/local_mode_light.png
11:51:56.631 [FXGL Background Thread 1 ] DEBUG FXGLAssetLoaderServi - Loading from file system: file:/C:/Users/23256/Desktop/QQBOMB/Game2p_final/target/classes/assets/textures/online_mode.png
11:51:56.632 [FXGL Background Thread 1 ] DEBUG FXGLAssetLoaderServi - Loading from file system: file:/C:/Users/23256/Desktop/QQBOMB/Game2p_final/target/classes/assets/textures/online_mode_light.png
11:51:56.635 [FXGL Background Thread 1 ] DEBUG FXGLAssetLoaderServi - Loading from file system: file:/C:/Users/23256/Desktop/QQBOMB/Game2p_final/target/classes/assets/textures/help.png
11:51:56.636 [FXGL Background Thread 1 ] DEBUG FXGLAssetLoaderServi - Loading from file system: file:/C:/Users/23256/Desktop/QQBOMB/Game2p_final/target/classes/assets/textures/help_light.png
11:51:56.637 [FXGL Background Thread 1 ] DEBUG FXGLAssetLoaderServi - Loading from file system: file:/C:/Users/23256/Desktop/QQBOMB/Game2p_final/target/classes/assets/textures/exit.png
11:51:56.637 [FXGL Background Thread 1 ] DEBUG FXGLAssetLoaderServi - Loading from file system: file:/C:/Users/23256/Desktop/QQBOMB/Game2p_final/target/classes/assets/textures/exit_light.png
11:51:56.675 [FXGL Background Thread 1 ] DEBUG GameApplicationServi - Application scenes initialized
11:51:56.692 [FXGL Background Thread 1 ] DEBUG SystemBundleService  - Loading FXGL system data
11:51:56.695 [FXGL Background Thread 1 ] DEBUG FileSystemAccess     - Reading from: C:\Users\23256\Desktop\QQBOMB\Game2p_final\system\fxgl.bundle
11:51:56.702 [FXGL Background Thread 1 ] DEBUG SystemBundleService  - Bundle FXGL: {}
11:51:56.702 [FXGL Background Thread 1 ] DEBUG UpdaterService       - Checking for updates
11:51:56.707 [FXGL Background Thread 4 ] DEBUG FXGLApplication      - Loading fonts
11:51:56.707 [FXGL Background Thread 1 ] DEBUG FXGLApplication      - Loading default localization
11:51:56.707 [FXGL Background Thread 4 ] DEBUG FXGLAssetLoaderServi - Loading from file system: jar:file:/C:/Users/23256/.m2/repository/com/github/almasb/fxgl/17.2/fxgl-17.2.jar!/fxglassets/ui/fonts/VarelaRound-Regular.ttf
11:51:56.708 [FXGL Background Thread 1 ] DEBUG FXGLAssetLoaderServi - Loading from file system: jar:file:/C:/Users/23256/.m2/repository/com/github/almasb/fxgl/17.2/fxgl-17.2.jar!/fxglassets/languages/english.lang
11:51:56.726 [FXGL Background Thread 1 ] INFO  FXGLApplication      - FXGL initialization took: 0.976 sec
11:51:56.728 [JavaFX Application Thread] DEBUG FXGLAssetLoaderServi - Loading from file system: file:/C:/Users/23256/Desktop/QQBOMB/Game2p_final/target/classes/assets/textures/icon.png
11:51:56.756 [FXGL Background Thread 4 ] DEBUG FXGLAssetLoaderServi - Loading from file system: jar:file:/C:/Users/23256/.m2/repository/com/github/almasb/fxgl/17.2/fxgl-17.2.jar!/fxglassets/ui/fonts/Abel-Regular.ttf
11:51:56.758 [FXGL Background Thread 4 ] DEBUG FXGLAssetLoaderServi - Loading from file system: jar:file:/C:/Users/23256/.m2/repository/com/github/almasb/fxgl/17.2/fxgl-17.2.jar!/fxglassets/ui/fonts/TerminalLandMono-Regular.otf
11:51:56.760 [FXGL Background Thread 4 ] DEBUG FXGLAssetLoaderServi - Loading from file system: jar:file:/C:/Users/23256/.m2/repository/com/github/almasb/fxgl/17.2/fxgl-17.2.jar!/fxglassets/ui/fonts/Courier-Prime.ttf
11:51:56.829 [JavaFX Application Thread] DEBUG FXGLAssetLoaderServi - Loading from file system: jar:file:/C:/Users/23256/.m2/repository/com/github/almasb/fxgl/17.2/fxgl-17.2.jar!/fxglassets/textures/fxgl_default_cursor.png
11:51:56.840 [JavaFX Application Thread] DEBUG Input                - Registered new binding: Screenshot - CTRL+8
11:51:56.841 [JavaFX Application Thread] DEBUG Input                - Registered new binding: System info dump - CTRL+9
11:51:56.841 [JavaFX Application Thread] DEBUG Input                - Registered new binding: Restart - CTRL+R
11:51:56.844 [JavaFX Application Thread] DEBUG Input                - Registered new binding: Toggle Debug Camera - CTRL+7
11:51:56.845 [JavaFX Application Thread] DEBUG LoopRunner           - Starting loop
11:51:56.845 [JavaFX Application Thread] DEBUG LoopRunner           - Initializing JavaFX AnimationTimerLoop
11:51:56.847 [JavaFX Application Thread] DEBUG Input                - Clearing active input actions
11:51:56.852 [JavaFX Application Thread] DEBUG GameApplicationServi - Removing overlay from FXGLStartupScene and adding to FXGLMainMenuDummyScene
11:51:56.853 [JavaFX Application Thread] DEBUG PrimaryStageWindow   - FXGLStartupScene -> FXGLMainMenuDummyScene
11:51:56.853 [JavaFX Application Thread] DEBUG PrimaryStageWindow   - Push state: MyMainMenu
11:51:56.853 [JavaFX Application Thread] DEBUG Input                - Clearing active input actions
11:51:56.858 [JavaFX Application Thread] DEBUG GameApplicationServi - Removing overlay from FXGLMainMenuDummyScene and adding to MyMainMenu
11:51:56.859 [JavaFX Application Thread] DEBUG PrimaryStageWindow   - FXGLMainMenuDummyScene -> MyMainMenu
11:51:56.859 [JavaFX Application Thread] DEBUG FXGLApplication      - Registering font factories with UI factory
11:51:56.923 [FXGL Background Thread 2 ] WARN  UpdaterService       - Failed to find updates: java.net.UnknownHostException: raw.githubusercontent.com
11:51:59.707 [FXGL Background Thread 3 ] DEBUG Engine               - Logging environment variables
11:51:59.707 [FXGL Background Thread 3 ] DEBUG Engine               - achievements: []
11:51:59.707 [FXGL Background Thread 3 ] DEBUG Engine               - actualHeight: 600.0
11:51:59.707 [FXGL Background Thread 3 ] DEBUG Engine               - actualHeightProperty: ReadOnlyDoubleProperty [value: 600.0]
11:51:59.707 [FXGL Background Thread 3 ] DEBUG Engine               - actualWidth: 800.0
11:51:59.707 [FXGL Background Thread 3 ] DEBUG Engine               - actualWidthProperty: ReadOnlyDoubleProperty [value: 800.0]
11:51:59.707 [FXGL Background Thread 3 ] DEBUG Engine               - appIcon: icon.png
11:51:59.707 [FXGL Background Thread 3 ] DEBUG Engine               - applicationMode: DEVELOPER
11:51:59.708 [FXGL Background Thread 3 ] DEBUG Engine               - cSSList: [fxgl_dark.css]
11:51:59.708 [FXGL Background Thread 3 ] DEBUG Engine               - collisionDetectionStrategy: BRUTE_FORCE
11:51:59.708 [FXGL Background Thread 3 ] DEBUG Engine               - configClass: Optional.empty
11:51:59.708 [FXGL Background Thread 3 ] DEBUG Engine               - credits: []
11:51:59.709 [FXGL Background Thread 3 ] DEBUG Engine               - defaultCursor: CursorInfo(imageName=fxgl_default_cursor.png, hotspotX=7.0, hotspotY=6.0)
11:51:59.709 [FXGL Background Thread 3 ] DEBUG Engine               - devBBoxColorProperty: ObjectProperty [value: 0xff0000ff]
11:51:59.709 [FXGL Background Thread 3 ] DEBUG Engine               - devEnableDebugCameraProperty: BooleanProperty [value: false]
11:51:59.709 [FXGL Background Thread 3 ] DEBUG Engine               - devSensorColorProperty: ObjectProperty [value: 0xffff00ff]
11:51:59.709 [FXGL Background Thread 3 ] DEBUG Engine               - devShowBBoxProperty: BooleanProperty [value: false]
11:51:59.709 [FXGL Background Thread 3 ] DEBUG Engine               - devShowPositionProperty: BooleanProperty [value: false]
11:51:59.710 [FXGL Background Thread 3 ] DEBUG Engine               - enabledMenuItems: []
11:51:59.710 [FXGL Background Thread 3 ] DEBUG Engine               - engineServices: [class com.almasb.fxgl.app.services.FXGLAssetLoaderService, class com.almasb.fxgl.app.FXGLApplication$GameApplicationService, class com.almasb.fxgl.app.services.FXGLDialogService, class com.almasb.fxgl.app.services.IOTaskExecutorService, class com.almasb.fxgl.io.FileSystemService, class com.almasb.fxgl.localization.LocalizationService, class com.almasb.fxgl.app.services.SystemBundleService, class com.almasb.fxgl.profile.SaveLoadService, class com.almasb.fxgl.ui.FXGLUIFactoryServiceProvider, class com.almasb.fxgl.ui.FXGLDialogFactoryServiceProvider, class com.almasb.fxgl.audio.AudioPlayer, class com.almasb.fxgl.notification.impl.NotificationServiceProvider, class com.almasb.fxgl.achievement.AchievementService, class com.almasb.fxgl.cutscene.CutsceneService, class com.almasb.fxgl.minigames.MiniGameService, class com.almasb.fxgl.net.NetService, class com.almasb.fxgl.app.services.UpdaterService, class com.almasb.fxgl.dev.DevService]
11:51:59.710 [FXGL Background Thread 3 ] DEBUG Engine               - fontGame: Abel-Regular.ttf
11:51:59.710 [FXGL Background Thread 3 ] DEBUG Engine               - fontMono: TerminalLandMono-Regular.otf
11:51:59.710 [FXGL Background Thread 3 ] DEBUG Engine               - fontText: Courier-Prime.ttf
11:51:59.710 [FXGL Background Thread 3 ] DEBUG Engine               - fontUI: VarelaRound-Regular.ttf
11:51:59.710 [FXGL Background Thread 3 ] DEBUG Engine               - fullScreen: BooleanProperty [value: false]
11:51:59.710 [FXGL Background Thread 3 ] DEBUG Engine               - gameDifficulty: MEDIUM
11:51:59.710 [FXGL Background Thread 3 ] DEBUG Engine               - gameDifficultyProperty: ObjectProperty [value: MEDIUM]
11:51:59.710 [FXGL Background Thread 3 ] DEBUG Engine               - globalMusicVolume: 0.5
11:51:59.710 [FXGL Background Thread 3 ] DEBUG Engine               - globalMusicVolumeProperty: DoubleProperty [value: 0.5]
11:51:59.710 [FXGL Background Thread 3 ] DEBUG Engine               - globalSoundVolume: 0.5
11:51:59.710 [FXGL Background Thread 3 ] DEBUG Engine               - globalSoundVolumeProperty: DoubleProperty [value: 0.5]
11:51:59.710 [FXGL Background Thread 3 ] DEBUG Engine               - height: 600
11:51:59.710 [FXGL Background Thread 3 ] DEBUG Engine               - is3D: false
11:51:59.710 [FXGL Background Thread 3 ] DEBUG Engine               - isAndroid: false
11:51:59.710 [FXGL Background Thread 3 ] DEBUG Engine               - isBrowser: false
11:51:59.710 [FXGL Background Thread 3 ] DEBUG Engine               - isClickFeedbackEnabled: false
11:51:59.710 [FXGL Background Thread 3 ] DEBUG Engine               - isCloseConfirmation: false
11:51:59.710 [FXGL Background Thread 3 ] DEBUG Engine               - isDesktop: true
11:51:59.710 [FXGL Background Thread 3 ] DEBUG Engine               - isDeveloperMenuEnabled: false
11:51:59.710 [FXGL Background Thread 3 ] DEBUG Engine               - isEmbedded: false
11:51:59.710 [FXGL Background Thread 3 ] DEBUG Engine               - isEntityPreloadEnabled: true
11:51:59.710 [FXGL Background Thread 3 ] DEBUG Engine               - isExperimentalTiledLargeMap: false
11:51:59.710 [FXGL Background Thread 3 ] DEBUG Engine               - isFileSystemWriteAllowed: true
11:51:59.710 [FXGL Background Thread 3 ] DEBUG Engine               - isFullScreenAllowed: false
11:51:59.710 [FXGL Background Thread 3 ] DEBUG Engine               - isFullScreenFromStart: false
11:51:59.710 [FXGL Background Thread 3 ] DEBUG Engine               - isGameMenuEnabled: true
11:51:59.710 [FXGL Background Thread 3 ] DEBUG Engine               - isIOS: false
11:51:59.710 [FXGL Background Thread 3 ] DEBUG Engine               - isIntroEnabled: false
11:51:59.710 [FXGL Background Thread 3 ] DEBUG Engine               - isLinux: false
11:51:59.710 [FXGL Background Thread 3 ] DEBUG Engine               - isMac: false
11:51:59.710 [FXGL Background Thread 3 ] DEBUG Engine               - isMainMenuEnabled: true
11:51:59.710 [FXGL Background Thread 3 ] DEBUG Engine               - isManualResizeEnabled: false
11:51:59.710 [FXGL Background Thread 3 ] DEBUG Engine               - isMobile: false
11:51:59.710 [FXGL Background Thread 3 ] DEBUG Engine               - isNative: false
11:51:59.710 [FXGL Background Thread 3 ] DEBUG Engine               - isPauseMusicWhenMinimized: true
11:51:59.710 [FXGL Background Thread 3 ] DEBUG Engine               - isPreserveResizeRatio: false
11:51:59.710 [FXGL Background Thread 3 ] DEBUG Engine               - isProfilingEnabled: false
11:51:59.710 [FXGL Background Thread 3 ] DEBUG Engine               - isScaleAffectedOnResize: true
11:51:59.711 [FXGL Background Thread 3 ] DEBUG Engine               - isSingleStep: false
11:51:59.711 [FXGL Background Thread 3 ] DEBUG Engine               - isUserProfileEnabled: false
11:51:59.711 [FXGL Background Thread 3 ] DEBUG Engine               - isWindows: true
11:51:59.711 [FXGL Background Thread 3 ] DEBUG Engine               - language: ObjectProperty [value: ENGLISH]
11:51:59.711 [FXGL Background Thread 3 ] DEBUG Engine               - menuKey: ESCAPE
11:51:59.711 [FXGL Background Thread 3 ] DEBUG Engine               - mouseSensitivity: 0.2
11:51:59.711 [FXGL Background Thread 3 ] DEBUG Engine               - notificationViewClass: class com.almasb.fxgl.notification.view.XboxNotificationView
11:51:59.711 [FXGL Background Thread 3 ] DEBUG Engine               - pixelsPerMeter: 50.0
11:51:59.711 [FXGL Background Thread 3 ] DEBUG Engine               - platform: WINDOWS
11:51:59.711 [FXGL Background Thread 3 ] DEBUG Engine               - prefHeightProperty: ReadOnlyDoubleProperty [value: 600.0]
11:51:59.711 [FXGL Background Thread 3 ] DEBUG Engine               - prefWidthProperty: ReadOnlyDoubleProperty [value: 800.0]
11:51:59.711 [FXGL Background Thread 3 ] DEBUG Engine               - profileDir: profiles/
11:51:59.711 [FXGL Background Thread 3 ] DEBUG Engine               - profileName: StringProperty [value: DEFAULT]
11:51:59.711 [FXGL Background Thread 3 ] DEBUG Engine               - randomSeed: -1
11:51:59.711 [FXGL Background Thread 3 ] DEBUG Engine               - runtimeInfo: RuntimeInfo(platform=WINDOWS, version=17.2, build=20.08.2022 16.50)
11:51:59.711 [FXGL Background Thread 3 ] DEBUG Engine               - saveFileExt: sav
11:51:59.711 [FXGL Background Thread 3 ] DEBUG Engine               - scaledHeightProp$fxgl: DoubleProperty [bound, value: 600.0]
11:51:59.711 [FXGL Background Thread 3 ] DEBUG Engine               - scaledWidthProp$fxgl: DoubleProperty [bound, value: 800.0]
11:51:59.711 [FXGL Background Thread 3 ] DEBUG Engine               - sceneFactory: com.game.GameApp$8@4d75300b
11:51:59.711 [FXGL Background Thread 3 ] DEBUG Engine               - secondsIn24h: 60
11:51:59.711 [FXGL Background Thread 3 ] DEBUG Engine               - soundMenuBack: menu/back.wav
11:51:59.711 [FXGL Background Thread 3 ] DEBUG Engine               - soundMenuPress: menu/press.wav
11:51:59.711 [FXGL Background Thread 3 ] DEBUG Engine               - soundMenuSelect: menu/select.wav
11:51:59.711 [FXGL Background Thread 3 ] DEBUG Engine               - soundNotification: core/notification.wav
11:51:59.711 [FXGL Background Thread 3 ] DEBUG Engine               - stageStyle: DECORATED
11:51:59.711 [FXGL Background Thread 3 ] DEBUG Engine               - supportedLanguages: [ENGLISH, FRENCH, GERMAN, HUNGARIAN, RUSSIAN]
11:51:59.711 [FXGL Background Thread 3 ] DEBUG Engine               - ticksPerSecond: -1
11:51:59.712 [FXGL Background Thread 3 ] DEBUG Engine               - title: QQBOMBER-704
11:51:59.712 [FXGL Background Thread 3 ] DEBUG Engine               - urlGithub: https://github.com/AlmasB/FXGL
11:51:59.712 [FXGL Background Thread 3 ] DEBUG Engine               - urlLeaderboard: http://fxgl-top.herokuapp.com/
11:51:59.712 [FXGL Background Thread 3 ] DEBUG Engine               - urlPOM: https://raw.githubusercontent.com/AlmasB/FXGL/release/README.md
11:51:59.712 [FXGL Background Thread 3 ] DEBUG Engine               - userAppClass: class com.game.GameApp
11:51:59.712 [FXGL Background Thread 3 ] DEBUG Engine               - version: 0.1
11:51:59.712 [FXGL Background Thread 3 ] DEBUG Engine               - versionCheckDays: 7
11:51:59.712 [FXGL Background Thread 3 ] DEBUG Engine               - width: 800
11:51:59.712 [FXGL Background Thread 3 ] DEBUG Engine               - Logging services
11:51:59.712 [FXGL Background Thread 3 ] DEBUG Engine               - class com.almasb.fxgl.app.services.FXGLAssetLoaderService
11:51:59.712 [FXGL Background Thread 3 ] DEBUG Engine               - class com.almasb.fxgl.app.FXGLApplication$GameApplicationService
11:51:59.712 [FXGL Background Thread 3 ] DEBUG Engine               - class com.almasb.fxgl.app.services.FXGLDialogService
11:51:59.712 [FXGL Background Thread 3 ] DEBUG Engine               - class com.almasb.fxgl.app.services.IOTaskExecutorService
11:51:59.712 [FXGL Background Thread 3 ] DEBUG Engine               - class com.almasb.fxgl.io.FileSystemService
11:51:59.712 [FXGL Background Thread 3 ] DEBUG Engine               - class com.almasb.fxgl.localization.LocalizationService
11:51:59.712 [FXGL Background Thread 3 ] DEBUG Engine               - class com.almasb.fxgl.app.services.SystemBundleService
11:51:59.712 [FXGL Background Thread 3 ] DEBUG Engine               - class com.almasb.fxgl.profile.SaveLoadService
11:51:59.712 [FXGL Background Thread 3 ] DEBUG Engine               - class com.almasb.fxgl.ui.FXGLUIFactoryServiceProvider
11:51:59.712 [FXGL Background Thread 3 ] DEBUG Engine               - class com.almasb.fxgl.ui.FXGLDialogFactoryServiceProvider
11:51:59.712 [FXGL Background Thread 3 ] DEBUG Engine               - class com.almasb.fxgl.audio.AudioPlayer
11:51:59.712 [FXGL Background Thread 3 ] DEBUG Engine               - class com.almasb.fxgl.notification.impl.NotificationServiceProvider
11:51:59.712 [FXGL Background Thread 3 ] DEBUG Engine               - class com.almasb.fxgl.achievement.AchievementService
11:51:59.712 [FXGL Background Thread 3 ] DEBUG Engine               - class com.almasb.fxgl.cutscene.CutsceneService
11:51:59.712 [FXGL Background Thread 3 ] DEBUG Engine               - class com.almasb.fxgl.minigames.MiniGameService
11:51:59.712 [FXGL Background Thread 3 ] DEBUG Engine               - class com.almasb.fxgl.net.NetService
11:51:59.712 [FXGL Background Thread 3 ] DEBUG Engine               - class com.almasb.fxgl.app.services.UpdaterService
11:51:59.712 [FXGL Background Thread 3 ] DEBUG Engine               - class com.almasb.fxgl.dev.DevService
11:52:01.013 [JavaFX Application Thread] DEBUG GameApplicationServi - Starting new game
11:52:01.013 [JavaFX Application Thread] DEBUG PrimaryStageWindow   - Pop state: MyMainMenu
11:52:01.013 [JavaFX Application Thread] DEBUG Input                - Clearing active input actions
11:52:01.013 [JavaFX Application Thread] DEBUG GameApplicationServi - Removing overlay from MyMainMenu and adding to FXGLMainMenuDummyScene
11:52:01.013 [JavaFX Application Thread] DEBUG PrimaryStageWindow   - FXGLMainMenuDummyScene <- MyMainMenu
11:52:01.013 [JavaFX Application Thread] DEBUG Input                - Clearing active input actions
11:52:01.017 [JavaFX Application Thread] DEBUG GameApplicationServi - Removing overlay from FXGLMainMenuDummyScene and adding to FXGLLoadingScene
11:52:01.018 [JavaFX Application Thread] DEBUG PrimaryStageWindow   - FXGLMainMenuDummyScene -> FXGLLoadingScene
11:52:01.018 [JavaFX Application Thread] DEBUG GameApplicationServi - Clearing previous game
11:52:01.018 [JavaFX Application Thread] DEBUG GameScene            - Clearing game scene
11:52:01.018 [JavaFX Application Thread] DEBUG GameWorld            - Clearing game world
11:52:01.018 [JavaFX Application Thread] DEBUG PhysicsWorld         - Clearing physics world
11:52:01.019 [FXGL Background Thread 2 ] DEBUG FXGLApplication      - Initializing game
11:52:01.035 [FXGL Background Thread 2 ] DEBUG FXGLAssetLoaderServi - Loading from file system: file:/C:/Users/23256/Desktop/QQBOMB/Game2p_final/target/classes/assets/textures/music.png
11:52:01.042 [FXGL Background Thread 2 ] DEBUG FXGLAssetLoaderServi - Loading from file system: file:/C:/Users/23256/Desktop/QQBOMB/Game2p_final/target/classes/assets/textures/musicOFF.png
11:52:01.043 [FXGL Background Thread 2 ] DEBUG FXGLAssetLoaderServi - Loading from file system: file:/C:/Users/23256/Desktop/QQBOMB/Game2p_final/target/classes/assets/textures/game_background.png
11:52:01.054 [FXGL Background Thread 2 ] DEBUG FXGLAssetLoaderServi - Loading from file system: file:/C:/Users/23256/Desktop/QQBOMB/Game2p_final/target/classes/assets/textures/f2.png
11:52:01.155 [FXGL Background Thread 2 ] DEBUG FXGLAssetLoaderServi - Loading from file system: file:/C:/Users/23256/Desktop/QQBOMB/Game2p_final/target/classes/assets/textures/GrassLevel.png
11:52:01.186 [FXGL Background Thread 2 ] DEBUG FXGLAssetLoaderServi - Loading from file system: file:/C:/Users/23256/Desktop/QQBOMB/Game2p_final/target/classes/assets/textures/scarecow.png
11:52:01.187 [FXGL Background Thread 2 ] DEBUG FXGLAssetLoaderServi - Loading from file system: file:/C:/Users/23256/Desktop/QQBOMB/Game2p_final/target/classes/assets/textures/grave.png
11:52:01.235 [FXGL Background Thread 2 ] DEBUG FXGLAssetLoaderServi - Loading from file system: file:/C:/Users/23256/Desktop/QQBOMB/Game2p_final/target/classes/assets/textures/player1.png
11:52:01.246 [FXGL Background Thread 2 ] DEBUG FXGLAssetLoaderServi - Loading from file system: file:/C:/Users/23256/Desktop/QQBOMB/Game2p_final/target/classes/assets/textures/player2.png
11:52:01.247 [FXGL Background Thread 2 ] DEBUG Input                - Registered new binding: playBomb_server - Space
11:52:01.248 [FXGL Background Thread 2 ] DEBUG Input                - Registered new binding: moveup - W
11:52:01.248 [FXGL Background Thread 2 ] DEBUG Input                - Registered new binding: movedown - S
11:52:01.248 [FXGL Background Thread 2 ] DEBUG Input                - Registered new binding: moveleft - A
11:52:01.248 [FXGL Background Thread 2 ] DEBUG Input                - Registered new binding: moveright - D
11:52:01.248 [FXGL Background Thread 2 ] DEBUG Input                - Registered new binding: playBomb2 - Enter
11:52:01.248 [FXGL Background Thread 2 ] DEBUG Input                - Registered new binding: action0 - Up
11:52:01.249 [FXGL Background Thread 2 ] DEBUG Input                - Registered new binding: action1 - Down
11:52:01.249 [FXGL Background Thread 2 ] DEBUG Input                - Registered new binding: action2 - Left
11:52:01.249 [FXGL Background Thread 2 ] DEBUG Input                - Registered new binding: action3 - Right
11:52:01.249 [FXGL Background Thread 2 ] DEBUG Input                - Registered new binding: pause - Esc
11:52:01.250 [FXGL Background Thread 2 ] DEBUG FXGLAssetLoaderServi - Loading from file system: file:/C:/Users/23256/Desktop/QQBOMB/Game2p_final/target/classes/assets/textures/player1head.png
11:52:01.262 [FXGL Background Thread 2 ] DEBUG FXGLAssetLoaderServi - Loading from file system: file:/C:/Users/23256/Desktop/QQBOMB/Game2p_final/target/classes/assets/textures/player2head.png
11:52:01.269 [FXGL Background Thread 2 ] DEBUG FXGLAssetLoaderServi - Loading from file system: file:/C:/Users/23256/Desktop/QQBOMB/Game2p_final/target/classes/assets/textures/player3head.png
11:52:01.277 [FXGL Background Thread 2 ] DEBUG FXGLAssetLoaderServi - Loading from file system: file:/C:/Users/23256/Desktop/QQBOMB/Game2p_final/target/classes/assets/textures/player4head.png
11:52:01.286 [FXGL Background Thread 2 ] DEBUG FXGLAssetLoaderServi - Loading from file system: file:/C:/Users/23256/Desktop/QQBOMB/Game2p_final/target/classes/assets/textures/life.png
11:52:01.291 [FXGL Background Thread 2 ] DEBUG FXGLAssetLoaderServi - Loading from file system: file:/C:/Users/23256/Desktop/QQBOMB/Game2p_final/target/classes/assets/textures/imgboob.png
11:52:01.291 [FXGL Background Thread 2 ] DEBUG FXGLAssetLoaderServi - Loading from file system: file:/C:/Users/23256/Desktop/QQBOMB/Game2p_final/target/classes/assets/textures/redme.png
11:52:01.291 [FXGL Background Thread 2 ] DEBUG FXGLAssetLoaderServi - Loading from file system: file:/C:/Users/23256/Desktop/QQBOMB/Game2p_final/target/classes/assets/textures/moveboot.png
11:52:01.293 [FXGL Background Thread 2 ] INFO  FXGLApplication      - Game initialization took: 0.275 sec
11:52:01.293 [JavaFX Application Thread] DEBUG Input                - Clearing active input actions
11:52:01.298 [JavaFX Application Thread] DEBUG GameApplicationServi - Removing overlay from FXGLLoadingScene and adding to GameScene
11:52:01.298 [JavaFX Application Thread] DEBUG PrimaryStageWindow   - FXGLLoadingScene -> GameScene
11:52:12.151 [Thread-550               ] DEBUG FXGLAssetLoaderServi - Loading from file system: file:/C:/Users/23256/Desktop/QQBOMB/Game2p_final/target/classes/assets/sounds/put.wav
11:52:13.660 [JavaFX Application Thread] DEBUG FXGLAssetLoaderServi - Loading from file system: file:/C:/Users/23256/Desktop/QQBOMB/Game2p_final/target/classes/assets/textures/singleboom.png
11:52:13.661 [Thread-583               ] DEBUG FXGLAssetLoaderServi - Loading from file system: file:/C:/Users/23256/Desktop/QQBOMB/Game2p_final/target/classes/assets/sounds/Fire.wav
11:52:13.669 [JavaFX Application Thread] DEBUG FXGLAssetLoaderServi - Loading from file system: file:/C:/Users/23256/Desktop/QQBOMB/Game2p_final/target/classes/assets/textures/toyBomb.png
11:52:15.352 [JavaFX Application Thread] DEBUG FXGLAssetLoaderServi - Loading from file system: file:/C:/Users/23256/Desktop/QQBOMB/Game2p_final/target/classes/assets/textures/toyBottle.png
11:52:16.239 [JavaFX Application Thread] DEBUG FXGLAssetLoaderServi - Loading from file system: file:/C:/Users/23256/Desktop/QQBOMB/Game2p_final/target/classes/assets/textures/e.png
11:52:18.044 [Thread-913               ] DEBUG FXGLAssetLoaderServi - Loading from file system: file:/C:/Users/23256/Desktop/QQBOMB/Game2p_final/target/classes/assets/sounds/pick.wav
11:52:19.114 [JavaFX Application Thread] DEBUG FXGLAssetLoaderServi - Loading from file system: file:/C:/Users/23256/Desktop/QQBOMB/Game2p_final/target/classes/assets/textures/toyShoe.png
11:52:29.049 [JavaFX Application Thread] DEBUG FXGLAssetLoaderServi - Loading from file system: file:/C:/Users/23256/Desktop/QQBOMB/Game2p_final/target/classes/assets/textures/explode.png
11:52:32.170 [JavaFX Application Thread] DEBUG PrimaryStageWindow   - Push state: Player1win
11:52:32.170 [JavaFX Application Thread] DEBUG Input                - Clearing active input actions
11:52:32.170 [JavaFX Application Thread] DEBUG GameApplicationServi - Removing overlay from GameScene and adding to Player1win
11:52:32.170 [JavaFX Application Thread] DEBUG PrimaryStageWindow   - GameScene -> Player1win
11:52:35.546 [JavaFX Application Thread] DEBUG PrimaryStageWindow   - Pop state: Player1win
11:52:35.546 [JavaFX Application Thread] DEBUG Input                - Clearing active input actions
11:52:35.546 [JavaFX Application Thread] DEBUG GameApplicationServi - Removing overlay from Player1win and adding to GameScene
11:52:35.546 [JavaFX Application Thread] DEBUG PrimaryStageWindow   - GameScene <- Player1win
11:52:35.546 [JavaFX Application Thread] DEBUG Input                - Clearing active input actions
11:52:35.548 [JavaFX Application Thread] DEBUG GameApplicationServi - Removing overlay from GameScene and adding to FXGLMainMenuDummyScene
11:52:35.548 [JavaFX Application Thread] DEBUG PrimaryStageWindow   - GameScene -> FXGLMainMenuDummyScene
11:52:35.548 [JavaFX Application Thread] DEBUG PrimaryStageWindow   - Push state: MyMainMenu
11:52:35.548 [JavaFX Application Thread] DEBUG Input                - Clearing active input actions
11:52:35.548 [JavaFX Application Thread] DEBUG GameApplicationServi - Removing overlay from FXGLMainMenuDummyScene and adding to MyMainMenu
11:52:35.548 [JavaFX Application Thread] DEBUG PrimaryStageWindow   - FXGLMainMenuDummyScene -> MyMainMenu
11:52:36.851 [JavaFX Application Thread] DEBUG FXGLApplication      - Exiting FXGL
11:52:36.851 [JavaFX Application Thread] DEBUG LoopRunner           - Stopping loop
11:52:36.851 [JavaFX Application Thread] DEBUG SystemBundleService  - Saving FXGL system data
11:52:36.852 [JavaFX Application Thread] DEBUG FileSystemAccess     - Writing to: C:\Users\23256\Desktop\QQBOMB\Game2p_final\system\fxgl.bundle
11:52:36.854 [JavaFX Application Thread] DEBUG Async                - Shutting down background threads
11:52:36.854 [JavaFX Application Thread] DEBUG PrimaryStageWindow   - Closing main window
11:52:36.867 [JavaFX Application Thread] DEBUG Logger               - Closing Logger
