02:33:31.602 [main                     ] DEBUG Logger               - Configured Logger
02:33:31.622 [main                     ] DEBUG GameApplication      - Logging settings
Title: QQBOMBER-704
Version: 0.1
Width: 800
Height: 600
Fullscreen: false
Intro: false
Profiling: false
Single step:false
App Mode: DEVELOPER
Menu Key: ESCAPE
Stage Style: DECORATED
Scene Factory: class com.game.GameApp$1

02:33:32.215 [JavaFX Application Thread] DEBUG FXGLApplication      - Initializing FXGL
02:33:32.220 [JavaFX Application Thread] INFO  Engine               - FXGL-17.2 (20.08.2022 16.50) on WINDOWS (J:17.0.8 FX:18)
02:33:32.220 [JavaFX Application Thread] DEBUG Engine               - JRE Vendor Name: Oracle Corporation
02:33:32.221 [JavaFX Application Thread] DEBUG Engine               - Running on OS: Windows 11 version 10.0
02:33:32.221 [JavaFX Application Thread] DEBUG Engine               - Architecture: amd64
02:33:32.221 [JavaFX Application Thread] INFO  Engine               - Source code and latest versions at: https://github.com/AlmasB/FXGL
02:33:32.221 [JavaFX Application Thread] INFO  Engine               -       Ask questions and discuss at: https://github.com/AlmasB/FXGL/discussions
02:33:32.221 [JavaFX Application Thread] INFO  Engine               -              Join the FXGL chat at: https://gitter.im/AlmasB/FXGL
02:33:32.298 [JavaFX Application Thread] DEBUG PrimaryStageWindow   - Creating a JavaFX scene
02:33:32.329 [JavaFX Application Thread] DEBUG PrimaryStageWindow   - Target settings size: 800.0 x 600.0
02:33:32.329 [JavaFX Application Thread] DEBUG PrimaryStageWindow   - Scaled scene size:    800.0 x 600.0
02:33:32.329 [JavaFX Application Thread] DEBUG PrimaryStageWindow   - Scaled ratio: (1.0, 1.0)
02:33:32.330 [JavaFX Application Thread] DEBUG PrimaryStageWindow   - Set initial scene to FXGLStartupScene
02:33:32.338 [JavaFX Application Thread] DEBUG PrimaryStageWindow   - Opening main window
02:33:32.411 [JavaFX Application Thread] DEBUG PrimaryStageWindow   - Window border size: (14.4000244140625, 37.5999755859375)
02:33:32.411 [JavaFX Application Thread] DEBUG PrimaryStageWindow   - Scaled size: 800.0 x 600.0
02:33:32.411 [JavaFX Application Thread] DEBUG PrimaryStageWindow   - Scaled ratio: (1.0, 1.0)
02:33:32.412 [JavaFX Application Thread] DEBUG PrimaryStageWindow   - Scene size: 800.0 x 600.0
02:33:32.412 [JavaFX Application Thread] DEBUG PrimaryStageWindow   - Stage size: 814.4000244140625 x 637.5999755859375
02:33:32.417 [FXGL Background Thread 1 ] DEBUG Engine               - Initializing environment variables
02:33:32.446 [FXGL Background Thread 1 ] DEBUG FXGLAssetLoaderServi - User app class for loading assets: class com.game.GameApp
02:33:32.446 [FXGL Background Thread 1 ] DEBUG GameApplicationServi - Applying CSS: fxgl_dark.css
02:33:32.447 [FXGL Background Thread 1 ] DEBUG FXGLAssetLoaderServi - Loading from file system: jar:file:/C:/Users/23256/.m2/repository/com/github/almasb/fxgl/17.2/fxgl-17.2.jar!/fxglassets/ui/css/fxgl_dark.css
02:33:32.477 [FXGL Background Thread 1 ] DEBUG GameApplicationServi - Initializing application scenes
02:33:32.529 [FXGL Background Thread 1 ] DEBUG GameWorld            - Game world initialized
02:33:32.573 [FXGL Background Thread 1 ] DEBUG PhysicsWorld         - Physics world initialized: appHeight=600, physics.ppm=50.0
02:33:32.574 [FXGL Background Thread 1 ] DEBUG PhysicsWorld         - Using strategy: BRUTE_FORCE
02:33:32.577 [FXGL Background Thread 1 ] DEBUG GameScene            - Game scene initialized: 800x600
02:33:32.813 [FXGL Background Thread 1 ] DEBUG FXGLAssetLoaderServi - Loading from file system: file:/C:/Users/23256/Desktop/QQBOMB/Game2p_final/target/classes/assets/textures/main_musicON.png
02:33:32.825 [FXGL Background Thread 1 ] DEBUG FXGLAssetLoaderServi - Loading from file system: file:/C:/Users/23256/Desktop/QQBOMB/Game2p_final/target/classes/assets/textures/main_musicOFF.png
02:33:32.864 [FXGL Background Thread 1 ] DEBUG FXGLAssetLoaderServi - Loading from file system: file:/C:/Users/23256/Desktop/QQBOMB/Game2p_final/target/classes/assets/textures/local_mode.png
02:33:32.867 [FXGL Background Thread 1 ] DEBUG FXGLAssetLoaderServi - Loading from file system: file:/C:/Users/23256/Desktop/QQBOMB/Game2p_final/target/classes/assets/textures/local_mode_light.png
02:33:32.869 [FXGL Background Thread 1 ] DEBUG FXGLAssetLoaderServi - Loading from file system: file:/C:/Users/23256/Desktop/QQBOMB/Game2p_final/target/classes/assets/textures/online_mode.png
02:33:32.872 [FXGL Background Thread 1 ] DEBUG FXGLAssetLoaderServi - Loading from file system: file:/C:/Users/23256/Desktop/QQBOMB/Game2p_final/target/classes/assets/textures/online_mode_light.png
02:33:32.873 [FXGL Background Thread 1 ] DEBUG FXGLAssetLoaderServi - Loading from file system: file:/C:/Users/23256/Desktop/QQBOMB/Game2p_final/target/classes/assets/textures/help.png
02:33:32.874 [FXGL Background Thread 1 ] DEBUG FXGLAssetLoaderServi - Loading from file system: file:/C:/Users/23256/Desktop/QQBOMB/Game2p_final/target/classes/assets/textures/help_light.png
02:33:32.876 [FXGL Background Thread 1 ] DEBUG FXGLAssetLoaderServi - Loading from file system: file:/C:/Users/23256/Desktop/QQBOMB/Game2p_final/target/classes/assets/textures/exit.png
02:33:32.877 [FXGL Background Thread 1 ] DEBUG FXGLAssetLoaderServi - Loading from file system: file:/C:/Users/23256/Desktop/QQBOMB/Game2p_final/target/classes/assets/textures/exit_light.png
02:33:32.998 [FXGL Background Thread 1 ] DEBUG GameApplicationServi - Application scenes initialized
02:33:33.012 [FXGL Background Thread 1 ] DEBUG SystemBundleService  - Loading FXGL system data
02:33:33.015 [FXGL Background Thread 1 ] DEBUG FileSystemAccess     - Reading from: C:\Users\23256\Desktop\QQBOMB\Game2p_final\system\fxgl.bundle
02:33:33.020 [FXGL Background Thread 1 ] DEBUG SystemBundleService  - Bundle FXGL: {}
02:33:33.020 [FXGL Background Thread 1 ] DEBUG UpdaterService       - Checking for updates
02:33:33.027 [FXGL Background Thread 4 ] DEBUG FXGLApplication      - Loading fonts
02:33:33.028 [FXGL Background Thread 4 ] DEBUG FXGLAssetLoaderServi - Loading from file system: jar:file:/C:/Users/23256/.m2/repository/com/github/almasb/fxgl/17.2/fxgl-17.2.jar!/fxglassets/ui/fonts/VarelaRound-Regular.ttf
02:33:33.028 [FXGL Background Thread 1 ] DEBUG FXGLApplication      - Loading default localization
02:33:33.028 [FXGL Background Thread 1 ] DEBUG FXGLAssetLoaderServi - Loading from file system: jar:file:/C:/Users/23256/.m2/repository/com/github/almasb/fxgl/17.2/fxgl-17.2.jar!/fxglassets/languages/english.lang
02:33:33.043 [FXGL Background Thread 1 ] INFO  FXGLApplication      - FXGL initialization took: 0.626 sec
02:33:33.045 [JavaFX Application Thread] DEBUG FXGLAssetLoaderServi - Loading from file system: file:/C:/Users/23256/Desktop/QQBOMB/Game2p_final/target/classes/assets/textures/icon.png
02:33:33.067 [FXGL Background Thread 4 ] DEBUG FXGLAssetLoaderServi - Loading from file system: jar:file:/C:/Users/23256/.m2/repository/com/github/almasb/fxgl/17.2/fxgl-17.2.jar!/fxglassets/ui/fonts/Abel-Regular.ttf
02:33:33.069 [FXGL Background Thread 4 ] DEBUG FXGLAssetLoaderServi - Loading from file system: jar:file:/C:/Users/23256/.m2/repository/com/github/almasb/fxgl/17.2/fxgl-17.2.jar!/fxglassets/ui/fonts/TerminalLandMono-Regular.otf
02:33:33.071 [FXGL Background Thread 4 ] DEBUG FXGLAssetLoaderServi - Loading from file system: jar:file:/C:/Users/23256/.m2/repository/com/github/almasb/fxgl/17.2/fxgl-17.2.jar!/fxglassets/ui/fonts/Courier-Prime.ttf
02:33:33.118 [JavaFX Application Thread] DEBUG FXGLAssetLoaderServi - Loading from file system: jar:file:/C:/Users/23256/.m2/repository/com/github/almasb/fxgl/17.2/fxgl-17.2.jar!/fxglassets/textures/fxgl_default_cursor.png
02:33:33.127 [JavaFX Application Thread] DEBUG Input                - Registered new binding: Screenshot - CTRL+8
02:33:33.127 [JavaFX Application Thread] DEBUG Input                - Registered new binding: System info dump - CTRL+9
02:33:33.128 [JavaFX Application Thread] DEBUG Input                - Registered new binding: Restart - CTRL+R
02:33:33.128 [JavaFX Application Thread] DEBUG Input                - Registered new binding: Toggle Debug Camera - CTRL+7
02:33:33.131 [JavaFX Application Thread] DEBUG LoopRunner           - Starting loop
02:33:33.131 [JavaFX Application Thread] DEBUG LoopRunner           - Initializing JavaFX AnimationTimerLoop
02:33:33.133 [JavaFX Application Thread] DEBUG Input                - Clearing active input actions
02:33:33.137 [JavaFX Application Thread] DEBUG GameApplicationServi - Removing overlay from FXGLStartupScene and adding to FXGLMainMenuDummyScene
02:33:33.137 [JavaFX Application Thread] DEBUG PrimaryStageWindow   - FXGLStartupScene -> FXGLMainMenuDummyScene
02:33:33.137 [JavaFX Application Thread] DEBUG PrimaryStageWindow   - Push state: MyMainMenu
02:33:33.138 [JavaFX Application Thread] DEBUG Input                - Clearing active input actions
02:33:33.142 [JavaFX Application Thread] DEBUG GameApplicationServi - Removing overlay from FXGLMainMenuDummyScene and adding to MyMainMenu
02:33:33.142 [JavaFX Application Thread] DEBUG PrimaryStageWindow   - FXGLMainMenuDummyScene -> MyMainMenu
02:33:33.142 [JavaFX Application Thread] DEBUG FXGLApplication      - Registering font factories with UI factory
02:33:36.027 [FXGL Background Thread 3 ] DEBUG Engine               - Logging environment variables
02:33:36.027 [FXGL Background Thread 3 ] DEBUG Engine               - achievements: []
02:33:36.027 [FXGL Background Thread 3 ] DEBUG Engine               - actualHeight: 600.0
02:33:36.027 [FXGL Background Thread 3 ] DEBUG Engine               - actualHeightProperty: ReadOnlyDoubleProperty [value: 600.0]
02:33:36.027 [FXGL Background Thread 3 ] DEBUG Engine               - actualWidth: 800.0
02:33:36.027 [FXGL Background Thread 3 ] DEBUG Engine               - actualWidthProperty: ReadOnlyDoubleProperty [value: 800.0]
02:33:36.027 [FXGL Background Thread 3 ] DEBUG Engine               - appIcon: icon.png
02:33:36.028 [FXGL Background Thread 3 ] DEBUG Engine               - applicationMode: DEVELOPER
02:33:36.028 [FXGL Background Thread 3 ] DEBUG Engine               - cSSList: [fxgl_dark.css]
02:33:36.028 [FXGL Background Thread 3 ] DEBUG Engine               - collisionDetectionStrategy: BRUTE_FORCE
02:33:36.028 [FXGL Background Thread 3 ] DEBUG Engine               - configClass: Optional.empty
02:33:36.028 [FXGL Background Thread 3 ] DEBUG Engine               - credits: []
02:33:36.031 [FXGL Background Thread 3 ] DEBUG Engine               - defaultCursor: CursorInfo(imageName=fxgl_default_cursor.png, hotspotX=7.0, hotspotY=6.0)
02:33:36.031 [FXGL Background Thread 3 ] DEBUG Engine               - devBBoxColorProperty: ObjectProperty [value: 0xff0000ff]
02:33:36.031 [FXGL Background Thread 3 ] DEBUG Engine               - devEnableDebugCameraProperty: BooleanProperty [value: false]
02:33:36.032 [FXGL Background Thread 3 ] DEBUG Engine               - devSensorColorProperty: ObjectProperty [value: 0xffff00ff]
02:33:36.032 [FXGL Background Thread 3 ] DEBUG Engine               - devShowBBoxProperty: BooleanProperty [value: false]
02:33:36.032 [FXGL Background Thread 3 ] DEBUG Engine               - devShowPositionProperty: BooleanProperty [value: false]
02:33:36.032 [FXGL Background Thread 3 ] DEBUG Engine               - enabledMenuItems: []
02:33:36.032 [FXGL Background Thread 3 ] DEBUG Engine               - engineServices: [class com.almasb.fxgl.app.services.FXGLAssetLoaderService, class com.almasb.fxgl.app.FXGLApplication$GameApplicationService, class com.almasb.fxgl.app.services.FXGLDialogService, class com.almasb.fxgl.app.services.IOTaskExecutorService, class com.almasb.fxgl.io.FileSystemService, class com.almasb.fxgl.localization.LocalizationService, class com.almasb.fxgl.app.services.SystemBundleService, class com.almasb.fxgl.profile.SaveLoadService, class com.almasb.fxgl.ui.FXGLUIFactoryServiceProvider, class com.almasb.fxgl.ui.FXGLDialogFactoryServiceProvider, class com.almasb.fxgl.audio.AudioPlayer, class com.almasb.fxgl.notification.impl.NotificationServiceProvider, class com.almasb.fxgl.achievement.AchievementService, class com.almasb.fxgl.cutscene.CutsceneService, class com.almasb.fxgl.minigames.MiniGameService, class com.almasb.fxgl.net.NetService, class com.almasb.fxgl.app.services.UpdaterService, class com.almasb.fxgl.dev.DevService]
02:33:36.032 [FXGL Background Thread 3 ] DEBUG Engine               - fontGame: Abel-Regular.ttf
02:33:36.032 [FXGL Background Thread 3 ] DEBUG Engine               - fontMono: TerminalLandMono-Regular.otf
02:33:36.032 [FXGL Background Thread 3 ] DEBUG Engine               - fontText: Courier-Prime.ttf
02:33:36.032 [FXGL Background Thread 3 ] DEBUG Engine               - fontUI: VarelaRound-Regular.ttf
02:33:36.032 [FXGL Background Thread 3 ] DEBUG Engine               - fullScreen: BooleanProperty [value: false]
02:33:36.033 [FXGL Background Thread 3 ] DEBUG Engine               - gameDifficulty: MEDIUM
02:33:36.033 [FXGL Background Thread 3 ] DEBUG Engine               - gameDifficultyProperty: ObjectProperty [value: MEDIUM]
02:33:36.033 [FXGL Background Thread 3 ] DEBUG Engine               - globalMusicVolume: 0.5
02:33:36.033 [FXGL Background Thread 3 ] DEBUG Engine               - globalMusicVolumeProperty: DoubleProperty [value: 0.5]
02:33:36.033 [FXGL Background Thread 3 ] DEBUG Engine               - globalSoundVolume: 0.5
02:33:36.033 [FXGL Background Thread 3 ] DEBUG Engine               - globalSoundVolumeProperty: DoubleProperty [value: 0.5]
02:33:36.033 [FXGL Background Thread 3 ] DEBUG Engine               - height: 600
02:33:36.033 [FXGL Background Thread 3 ] DEBUG Engine               - is3D: false
02:33:36.033 [FXGL Background Thread 3 ] DEBUG Engine               - isAndroid: false
02:33:36.033 [FXGL Background Thread 3 ] DEBUG Engine               - isBrowser: false
02:33:36.033 [FXGL Background Thread 3 ] DEBUG Engine               - isClickFeedbackEnabled: false
02:33:36.033 [FXGL Background Thread 3 ] DEBUG Engine               - isCloseConfirmation: false
02:33:36.033 [FXGL Background Thread 3 ] DEBUG Engine               - isDesktop: true
02:33:36.033 [FXGL Background Thread 3 ] DEBUG Engine               - isDeveloperMenuEnabled: false
02:33:36.033 [FXGL Background Thread 3 ] DEBUG Engine               - isEmbedded: false
02:33:36.033 [FXGL Background Thread 3 ] DEBUG Engine               - isEntityPreloadEnabled: true
02:33:36.033 [FXGL Background Thread 3 ] DEBUG Engine               - isExperimentalTiledLargeMap: false
02:33:36.033 [FXGL Background Thread 3 ] DEBUG Engine               - isFileSystemWriteAllowed: true
02:33:36.033 [FXGL Background Thread 3 ] DEBUG Engine               - isFullScreenAllowed: false
02:33:36.033 [FXGL Background Thread 3 ] DEBUG Engine               - isFullScreenFromStart: false
02:33:36.033 [FXGL Background Thread 3 ] DEBUG Engine               - isGameMenuEnabled: true
02:33:36.033 [FXGL Background Thread 3 ] DEBUG Engine               - isIOS: false
02:33:36.033 [FXGL Background Thread 3 ] DEBUG Engine               - isIntroEnabled: false
02:33:36.033 [FXGL Background Thread 3 ] DEBUG Engine               - isLinux: false
02:33:36.033 [FXGL Background Thread 3 ] DEBUG Engine               - isMac: false
02:33:36.033 [FXGL Background Thread 3 ] DEBUG Engine               - isMainMenuEnabled: true
02:33:36.033 [FXGL Background Thread 3 ] DEBUG Engine               - isManualResizeEnabled: false
02:33:36.033 [FXGL Background Thread 3 ] DEBUG Engine               - isMobile: false
02:33:36.033 [FXGL Background Thread 3 ] DEBUG Engine               - isNative: false
02:33:36.034 [FXGL Background Thread 3 ] DEBUG Engine               - isPauseMusicWhenMinimized: true
02:33:36.034 [FXGL Background Thread 3 ] DEBUG Engine               - isPreserveResizeRatio: false
02:33:36.034 [FXGL Background Thread 3 ] DEBUG Engine               - isProfilingEnabled: false
02:33:36.034 [FXGL Background Thread 3 ] DEBUG Engine               - isScaleAffectedOnResize: true
02:33:36.034 [FXGL Background Thread 3 ] DEBUG Engine               - isSingleStep: false
02:33:36.034 [FXGL Background Thread 3 ] DEBUG Engine               - isUserProfileEnabled: false
02:33:36.034 [FXGL Background Thread 3 ] DEBUG Engine               - isWindows: true
02:33:36.034 [FXGL Background Thread 3 ] DEBUG Engine               - language: ObjectProperty [value: ENGLISH]
02:33:36.034 [FXGL Background Thread 3 ] DEBUG Engine               - menuKey: ESCAPE
02:33:36.034 [FXGL Background Thread 3 ] DEBUG Engine               - mouseSensitivity: 0.2
02:33:36.034 [FXGL Background Thread 3 ] DEBUG Engine               - notificationViewClass: class com.almasb.fxgl.notification.view.XboxNotificationView
02:33:36.034 [FXGL Background Thread 3 ] DEBUG Engine               - pixelsPerMeter: 50.0
02:33:36.034 [FXGL Background Thread 3 ] DEBUG Engine               - platform: WINDOWS
02:33:36.034 [FXGL Background Thread 3 ] DEBUG Engine               - prefHeightProperty: ReadOnlyDoubleProperty [value: 600.0]
02:33:36.034 [FXGL Background Thread 3 ] DEBUG Engine               - prefWidthProperty: ReadOnlyDoubleProperty [value: 800.0]
02:33:36.034 [FXGL Background Thread 3 ] DEBUG Engine               - profileDir: profiles/
02:33:36.034 [FXGL Background Thread 3 ] DEBUG Engine               - profileName: StringProperty [value: DEFAULT]
02:33:36.035 [FXGL Background Thread 3 ] DEBUG Engine               - randomSeed: -1
02:33:36.035 [FXGL Background Thread 3 ] DEBUG Engine               - runtimeInfo: RuntimeInfo(platform=WINDOWS, version=17.2, build=20.08.2022 16.50)
02:33:36.035 [FXGL Background Thread 3 ] DEBUG Engine               - saveFileExt: sav
02:33:36.035 [FXGL Background Thread 3 ] DEBUG Engine               - scaledHeightProp$fxgl: DoubleProperty [bound, value: 600.0]
02:33:36.035 [FXGL Background Thread 3 ] DEBUG Engine               - scaledWidthProp$fxgl: DoubleProperty [bound, value: 800.0]
02:33:36.035 [FXGL Background Thread 3 ] DEBUG Engine               - sceneFactory: com.game.GameApp$1@13903312
02:33:36.035 [FXGL Background Thread 3 ] DEBUG Engine               - secondsIn24h: 60
02:33:36.035 [FXGL Background Thread 3 ] DEBUG Engine               - soundMenuBack: menu/back.wav
02:33:36.035 [FXGL Background Thread 3 ] DEBUG Engine               - soundMenuPress: menu/press.wav
02:33:36.035 [FXGL Background Thread 3 ] DEBUG Engine               - soundMenuSelect: menu/select.wav
02:33:36.035 [FXGL Background Thread 3 ] DEBUG Engine               - soundNotification: core/notification.wav
02:33:36.035 [FXGL Background Thread 3 ] DEBUG Engine               - stageStyle: DECORATED
02:33:36.035 [FXGL Background Thread 3 ] DEBUG Engine               - supportedLanguages: [ENGLISH, FRENCH, GERMAN, HUNGARIAN, RUSSIAN]
02:33:36.035 [FXGL Background Thread 3 ] DEBUG Engine               - ticksPerSecond: -1
02:33:36.035 [FXGL Background Thread 3 ] DEBUG Engine               - title: QQBOMBER-704
02:33:36.035 [FXGL Background Thread 3 ] DEBUG Engine               - urlGithub: https://github.com/AlmasB/FXGL
02:33:36.035 [FXGL Background Thread 3 ] DEBUG Engine               - urlLeaderboard: http://fxgl-top.herokuapp.com/
02:33:36.035 [FXGL Background Thread 3 ] DEBUG Engine               - urlPOM: https://raw.githubusercontent.com/AlmasB/FXGL/release/README.md
02:33:36.035 [FXGL Background Thread 3 ] DEBUG Engine               - userAppClass: class com.game.GameApp
02:33:36.035 [FXGL Background Thread 3 ] DEBUG Engine               - version: 0.1
02:33:36.035 [FXGL Background Thread 3 ] DEBUG Engine               - versionCheckDays: 7
02:33:36.035 [FXGL Background Thread 3 ] DEBUG Engine               - width: 800
02:33:36.035 [FXGL Background Thread 3 ] DEBUG Engine               - Logging services
02:33:36.035 [FXGL Background Thread 3 ] DEBUG Engine               - class com.almasb.fxgl.app.services.FXGLAssetLoaderService
02:33:36.035 [FXGL Background Thread 3 ] DEBUG Engine               - class com.almasb.fxgl.app.FXGLApplication$GameApplicationService
02:33:36.035 [FXGL Background Thread 3 ] DEBUG Engine               - class com.almasb.fxgl.app.services.FXGLDialogService
02:33:36.035 [FXGL Background Thread 3 ] DEBUG Engine               - class com.almasb.fxgl.app.services.IOTaskExecutorService
02:33:36.035 [FXGL Background Thread 3 ] DEBUG Engine               - class com.almasb.fxgl.io.FileSystemService
02:33:36.035 [FXGL Background Thread 3 ] DEBUG Engine               - class com.almasb.fxgl.localization.LocalizationService
02:33:36.035 [FXGL Background Thread 3 ] DEBUG Engine               - class com.almasb.fxgl.app.services.SystemBundleService
02:33:36.035 [FXGL Background Thread 3 ] DEBUG Engine               - class com.almasb.fxgl.profile.SaveLoadService
02:33:36.035 [FXGL Background Thread 3 ] DEBUG Engine               - class com.almasb.fxgl.ui.FXGLUIFactoryServiceProvider
02:33:36.036 [FXGL Background Thread 3 ] DEBUG Engine               - class com.almasb.fxgl.ui.FXGLDialogFactoryServiceProvider
02:33:36.036 [FXGL Background Thread 3 ] DEBUG Engine               - class com.almasb.fxgl.audio.AudioPlayer
02:33:36.036 [FXGL Background Thread 3 ] DEBUG Engine               - class com.almasb.fxgl.notification.impl.NotificationServiceProvider
02:33:36.036 [FXGL Background Thread 3 ] DEBUG Engine               - class com.almasb.fxgl.achievement.AchievementService
02:33:36.036 [FXGL Background Thread 3 ] DEBUG Engine               - class com.almasb.fxgl.cutscene.CutsceneService
02:33:36.036 [FXGL Background Thread 3 ] DEBUG Engine               - class com.almasb.fxgl.minigames.MiniGameService
02:33:36.036 [FXGL Background Thread 3 ] DEBUG Engine               - class com.almasb.fxgl.net.NetService
02:33:36.036 [FXGL Background Thread 3 ] DEBUG Engine               - class com.almasb.fxgl.app.services.UpdaterService
02:33:36.036 [FXGL Background Thread 3 ] DEBUG Engine               - class com.almasb.fxgl.dev.DevService
02:33:39.687 [JavaFX Application Thread] DEBUG FXGLApplication      - Exiting FXGL
02:33:39.687 [JavaFX Application Thread] DEBUG LoopRunner           - Stopping loop
02:33:39.687 [JavaFX Application Thread] DEBUG SystemBundleService  - Saving FXGL system data
02:33:39.689 [JavaFX Application Thread] DEBUG FileSystemAccess     - Writing to: C:\Users\23256\Desktop\QQBOMB\Game2p_final\system\fxgl.bundle
02:33:39.690 [JavaFX Application Thread] DEBUG Async                - Shutting down background threads
02:33:39.690 [JavaFX Application Thread] DEBUG PrimaryStageWindow   - Closing main window
02:33:39.701 [JavaFX Application Thread] DEBUG Logger               - Closing Logger
