13:41:25.844 [main                     ] DEBUG Logger               - Configured Logger
13:41:25.968 [main                     ] DEBUG GameApplication      - Logging settings
Title: QQBOMBER-704
Version: 0.1
Width: 800
Height: 600
Fullscreen: false
Intro: false
Profiling: false
Single step:false
App Mode: DEVELOPER
Menu Key: ESCAPE
Stage Style: DECORATED
Scene Factory: class com.game.GameApp$8

13:41:26.582 [JavaFX Application Thread] DEBUG FXGLApplication      - Initializing FXGL
13:41:26.586 [JavaFX Application Thread] INFO  Engine               - FXGL-17.2 (20.08.2022 16.50) on WINDOWS (J:17.0.8 FX:18)
13:41:26.587 [JavaFX Application Thread] DEBUG Engine               - JRE Vendor Name: Oracle Corporation
13:41:26.587 [JavaFX Application Thread] DEBUG Engine               - Running on OS: Windows 11 version 10.0
13:41:26.587 [JavaFX Application Thread] DEBUG Engine               - Architecture: amd64
13:41:26.587 [JavaFX Application Thread] INFO  Engine               - Source code and latest versions at: https://github.com/AlmasB/FXGL
13:41:26.587 [JavaFX Application Thread] INFO  Engine               -       Ask questions and discuss at: https://github.com/AlmasB/FXGL/discussions
13:41:26.587 [JavaFX Application Thread] INFO  Engine               -              Join the FXGL chat at: https://gitter.im/AlmasB/FXGL
13:41:26.673 [JavaFX Application Thread] DEBUG PrimaryStageWindow   - Creating a JavaFX scene
13:41:26.708 [JavaFX Application Thread] DEBUG PrimaryStageWindow   - Target settings size: 800.0 x 600.0
13:41:26.708 [JavaFX Application Thread] DEBUG PrimaryStageWindow   - Scaled scene size:    800.0 x 600.0
13:41:26.709 [JavaFX Application Thread] DEBUG PrimaryStageWindow   - Scaled ratio: (1.0, 1.0)
13:41:26.709 [JavaFX Application Thread] DEBUG PrimaryStageWindow   - Set initial scene to FXGLStartupScene
13:41:26.715 [JavaFX Application Thread] DEBUG PrimaryStageWindow   - Opening main window
13:41:26.791 [JavaFX Application Thread] DEBUG PrimaryStageWindow   - Window border size: (14.4000244140625, 37.5999755859375)
13:41:26.792 [JavaFX Application Thread] DEBUG PrimaryStageWindow   - Scaled size: 800.0 x 600.0
13:41:26.792 [JavaFX Application Thread] DEBUG PrimaryStageWindow   - Scaled ratio: (1.0, 1.0)
13:41:26.792 [JavaFX Application Thread] DEBUG PrimaryStageWindow   - Scene size: 800.0 x 600.0
13:41:26.793 [JavaFX Application Thread] DEBUG PrimaryStageWindow   - Stage size: 814.4000244140625 x 637.5999755859375
13:41:26.810 [FXGL Background Thread 1 ] DEBUG Engine               - Initializing environment variables
13:41:26.848 [FXGL Background Thread 1 ] DEBUG FXGLAssetLoaderServi - User app class for loading assets: class com.game.GameApp
13:41:26.848 [FXGL Background Thread 1 ] DEBUG GameApplicationServi - Applying CSS: fxgl_dark.css
13:41:26.849 [FXGL Background Thread 1 ] DEBUG FXGLAssetLoaderServi - Loading from file system: jar:file:/C:/Users/23256/.m2/repository/com/github/almasb/fxgl/17.2/fxgl-17.2.jar!/fxglassets/ui/css/fxgl_dark.css
13:41:26.891 [FXGL Background Thread 1 ] DEBUG GameApplicationServi - Initializing application scenes
13:41:26.950 [FXGL Background Thread 1 ] DEBUG GameWorld            - Game world initialized
13:41:27.008 [FXGL Background Thread 1 ] DEBUG PhysicsWorld         - Physics world initialized: appHeight=600, physics.ppm=50.0
13:41:27.008 [FXGL Background Thread 1 ] DEBUG PhysicsWorld         - Using strategy: BRUTE_FORCE
13:41:27.014 [FXGL Background Thread 1 ] DEBUG GameScene            - Game scene initialized: 800x600
13:41:27.706 [FXGL Background Thread 1 ] DEBUG FXGLAssetLoaderServi - Loading from file system: file:/C:/Users/23256/Desktop/QQBOMB/Game2p_final/target/classes/assets/textures/main_musicON.png
13:41:27.716 [FXGL Background Thread 1 ] DEBUG FXGLAssetLoaderServi - Loading from file system: file:/C:/Users/23256/Desktop/QQBOMB/Game2p_final/target/classes/assets/textures/main_musicOFF.png
13:41:27.762 [FXGL Background Thread 1 ] DEBUG FXGLAssetLoaderServi - Loading from file system: file:/C:/Users/23256/Desktop/QQBOMB/Game2p_final/target/classes/assets/textures/local_mode.png
13:41:27.767 [FXGL Background Thread 1 ] DEBUG FXGLAssetLoaderServi - Loading from file system: file:/C:/Users/23256/Desktop/QQBOMB/Game2p_final/target/classes/assets/textures/local_mode_light.png
13:41:27.769 [FXGL Background Thread 1 ] DEBUG FXGLAssetLoaderServi - Loading from file system: file:/C:/Users/23256/Desktop/QQBOMB/Game2p_final/target/classes/assets/textures/online_mode.png
13:41:27.770 [FXGL Background Thread 1 ] DEBUG FXGLAssetLoaderServi - Loading from file system: file:/C:/Users/23256/Desktop/QQBOMB/Game2p_final/target/classes/assets/textures/online_mode_light.png
13:41:27.771 [FXGL Background Thread 1 ] DEBUG FXGLAssetLoaderServi - Loading from file system: file:/C:/Users/23256/Desktop/QQBOMB/Game2p_final/target/classes/assets/textures/help.png
13:41:27.772 [FXGL Background Thread 1 ] DEBUG FXGLAssetLoaderServi - Loading from file system: file:/C:/Users/23256/Desktop/QQBOMB/Game2p_final/target/classes/assets/textures/help_light.png
13:41:27.773 [FXGL Background Thread 1 ] DEBUG FXGLAssetLoaderServi - Loading from file system: file:/C:/Users/23256/Desktop/QQBOMB/Game2p_final/target/classes/assets/textures/exit.png
13:41:27.773 [FXGL Background Thread 1 ] DEBUG FXGLAssetLoaderServi - Loading from file system: file:/C:/Users/23256/Desktop/QQBOMB/Game2p_final/target/classes/assets/textures/exit_light.png
13:41:27.944 [FXGL Background Thread 1 ] DEBUG GameApplicationServi - Application scenes initialized
13:41:27.959 [FXGL Background Thread 1 ] DEBUG SystemBundleService  - Loading FXGL system data
13:41:27.962 [FXGL Background Thread 1 ] DEBUG FileSystemAccess     - Reading from: C:\Users\23256\Desktop\QQBOMB\Game2p_final\system\fxgl.bundle
13:41:27.969 [FXGL Background Thread 1 ] DEBUG SystemBundleService  - Bundle FXGL: {}
13:41:27.969 [FXGL Background Thread 1 ] DEBUG UpdaterService       - Checking for updates
13:41:27.982 [FXGL Background Thread 4 ] DEBUG FXGLApplication      - Loading fonts
13:41:27.982 [FXGL Background Thread 4 ] DEBUG FXGLAssetLoaderServi - Loading from file system: jar:file:/C:/Users/23256/.m2/repository/com/github/almasb/fxgl/17.2/fxgl-17.2.jar!/fxglassets/ui/fonts/VarelaRound-Regular.ttf
13:41:27.982 [FXGL Background Thread 1 ] DEBUG FXGLApplication      - Loading default localization
13:41:27.982 [FXGL Background Thread 1 ] DEBUG FXGLAssetLoaderServi - Loading from file system: jar:file:/C:/Users/23256/.m2/repository/com/github/almasb/fxgl/17.2/fxgl-17.2.jar!/fxglassets/languages/english.lang
13:41:28.014 [FXGL Background Thread 1 ] INFO  FXGLApplication      - FXGL initialization took: 1.203 sec
13:41:28.016 [JavaFX Application Thread] DEBUG FXGLAssetLoaderServi - Loading from file system: file:/C:/Users/23256/Desktop/QQBOMB/Game2p_final/target/classes/assets/textures/icon.png
13:41:28.039 [FXGL Background Thread 4 ] DEBUG FXGLAssetLoaderServi - Loading from file system: jar:file:/C:/Users/23256/.m2/repository/com/github/almasb/fxgl/17.2/fxgl-17.2.jar!/fxglassets/ui/fonts/Abel-Regular.ttf
13:41:28.041 [FXGL Background Thread 4 ] DEBUG FXGLAssetLoaderServi - Loading from file system: jar:file:/C:/Users/23256/.m2/repository/com/github/almasb/fxgl/17.2/fxgl-17.2.jar!/fxglassets/ui/fonts/TerminalLandMono-Regular.otf
13:41:28.043 [FXGL Background Thread 4 ] DEBUG FXGLAssetLoaderServi - Loading from file system: jar:file:/C:/Users/23256/.m2/repository/com/github/almasb/fxgl/17.2/fxgl-17.2.jar!/fxglassets/ui/fonts/Courier-Prime.ttf
13:41:28.099 [JavaFX Application Thread] DEBUG FXGLAssetLoaderServi - Loading from file system: jar:file:/C:/Users/23256/.m2/repository/com/github/almasb/fxgl/17.2/fxgl-17.2.jar!/fxglassets/textures/fxgl_default_cursor.png
13:41:28.108 [JavaFX Application Thread] DEBUG Input                - Registered new binding: Screenshot - CTRL+8
13:41:28.109 [JavaFX Application Thread] DEBUG Input                - Registered new binding: System info dump - CTRL+9
13:41:28.110 [JavaFX Application Thread] DEBUG Input                - Registered new binding: Restart - CTRL+R
13:41:28.111 [JavaFX Application Thread] DEBUG Input                - Registered new binding: Toggle Debug Camera - CTRL+7
13:41:28.113 [JavaFX Application Thread] DEBUG LoopRunner           - Starting loop
13:41:28.113 [JavaFX Application Thread] DEBUG LoopRunner           - Initializing JavaFX AnimationTimerLoop
13:41:28.116 [JavaFX Application Thread] DEBUG Input                - Clearing active input actions
13:41:28.122 [JavaFX Application Thread] DEBUG GameApplicationServi - Removing overlay from FXGLStartupScene and adding to FXGLMainMenuDummyScene
13:41:28.123 [JavaFX Application Thread] DEBUG PrimaryStageWindow   - FXGLStartupScene -> FXGLMainMenuDummyScene
13:41:28.123 [JavaFX Application Thread] DEBUG PrimaryStageWindow   - Push state: MyMainMenu
13:41:28.123 [JavaFX Application Thread] DEBUG Input                - Clearing active input actions
13:41:28.128 [JavaFX Application Thread] DEBUG GameApplicationServi - Removing overlay from FXGLMainMenuDummyScene and adding to MyMainMenu
13:41:28.129 [JavaFX Application Thread] DEBUG PrimaryStageWindow   - FXGLMainMenuDummyScene -> MyMainMenu
13:41:28.131 [JavaFX Application Thread] DEBUG FXGLApplication      - Registering font factories with UI factory
13:41:28.936 [FXGL Background Thread 2 ] INFO  UpdaterService       - Your current version:  17.2
13:41:28.936 [FXGL Background Thread 2 ] INFO  UpdaterService       - Latest stable version: 21
13:41:30.980 [FXGL Background Thread 3 ] DEBUG Engine               - Logging environment variables
13:41:30.980 [FXGL Background Thread 3 ] DEBUG Engine               - achievements: []
13:41:30.980 [FXGL Background Thread 3 ] DEBUG Engine               - actualHeight: 600.0
13:41:30.980 [FXGL Background Thread 3 ] DEBUG Engine               - actualHeightProperty: ReadOnlyDoubleProperty [value: 600.0]
13:41:30.980 [FXGL Background Thread 3 ] DEBUG Engine               - actualWidth: 800.0
13:41:30.980 [FXGL Background Thread 3 ] DEBUG Engine               - actualWidthProperty: ReadOnlyDoubleProperty [value: 800.0]
13:41:30.980 [FXGL Background Thread 3 ] DEBUG Engine               - appIcon: icon.png
13:41:30.980 [FXGL Background Thread 3 ] DEBUG Engine               - applicationMode: DEVELOPER
13:41:30.980 [FXGL Background Thread 3 ] DEBUG Engine               - cSSList: [fxgl_dark.css]
13:41:30.980 [FXGL Background Thread 3 ] DEBUG Engine               - collisionDetectionStrategy: BRUTE_FORCE
13:41:30.981 [FXGL Background Thread 3 ] DEBUG Engine               - configClass: Optional.empty
13:41:30.981 [FXGL Background Thread 3 ] DEBUG Engine               - credits: []
13:41:30.983 [FXGL Background Thread 3 ] DEBUG Engine               - defaultCursor: CursorInfo(imageName=fxgl_default_cursor.png, hotspotX=7.0, hotspotY=6.0)
13:41:30.983 [FXGL Background Thread 3 ] DEBUG Engine               - devBBoxColorProperty: ObjectProperty [value: 0xff0000ff]
13:41:30.983 [FXGL Background Thread 3 ] DEBUG Engine               - devEnableDebugCameraProperty: BooleanProperty [value: false]
13:41:30.983 [FXGL Background Thread 3 ] DEBUG Engine               - devSensorColorProperty: ObjectProperty [value: 0xffff00ff]
13:41:30.983 [FXGL Background Thread 3 ] DEBUG Engine               - devShowBBoxProperty: BooleanProperty [value: false]
13:41:30.983 [FXGL Background Thread 3 ] DEBUG Engine               - devShowPositionProperty: BooleanProperty [value: false]
13:41:30.983 [FXGL Background Thread 3 ] DEBUG Engine               - enabledMenuItems: []
13:41:30.983 [FXGL Background Thread 3 ] DEBUG Engine               - engineServices: [class com.almasb.fxgl.app.services.FXGLAssetLoaderService, class com.almasb.fxgl.app.FXGLApplication$GameApplicationService, class com.almasb.fxgl.app.services.FXGLDialogService, class com.almasb.fxgl.app.services.IOTaskExecutorService, class com.almasb.fxgl.io.FileSystemService, class com.almasb.fxgl.localization.LocalizationService, class com.almasb.fxgl.app.services.SystemBundleService, class com.almasb.fxgl.profile.SaveLoadService, class com.almasb.fxgl.ui.FXGLUIFactoryServiceProvider, class com.almasb.fxgl.ui.FXGLDialogFactoryServiceProvider, class com.almasb.fxgl.audio.AudioPlayer, class com.almasb.fxgl.notification.impl.NotificationServiceProvider, class com.almasb.fxgl.achievement.AchievementService, class com.almasb.fxgl.cutscene.CutsceneService, class com.almasb.fxgl.minigames.MiniGameService, class com.almasb.fxgl.net.NetService, class com.almasb.fxgl.app.services.UpdaterService, class com.almasb.fxgl.dev.DevService]
13:41:30.983 [FXGL Background Thread 3 ] DEBUG Engine               - fontGame: Abel-Regular.ttf
13:41:30.983 [FXGL Background Thread 3 ] DEBUG Engine               - fontMono: TerminalLandMono-Regular.otf
13:41:30.983 [FXGL Background Thread 3 ] DEBUG Engine               - fontText: Courier-Prime.ttf
13:41:30.983 [FXGL Background Thread 3 ] DEBUG Engine               - fontUI: VarelaRound-Regular.ttf
13:41:30.983 [FXGL Background Thread 3 ] DEBUG Engine               - fullScreen: BooleanProperty [value: false]
13:41:30.983 [FXGL Background Thread 3 ] DEBUG Engine               - gameDifficulty: MEDIUM
13:41:30.983 [FXGL Background Thread 3 ] DEBUG Engine               - gameDifficultyProperty: ObjectProperty [value: MEDIUM]
13:41:30.983 [FXGL Background Thread 3 ] DEBUG Engine               - globalMusicVolume: 0.5
13:41:30.983 [FXGL Background Thread 3 ] DEBUG Engine               - globalMusicVolumeProperty: DoubleProperty [value: 0.5]
13:41:30.983 [FXGL Background Thread 3 ] DEBUG Engine               - globalSoundVolume: 0.5
13:41:30.983 [FXGL Background Thread 3 ] DEBUG Engine               - globalSoundVolumeProperty: DoubleProperty [value: 0.5]
13:41:30.983 [FXGL Background Thread 3 ] DEBUG Engine               - height: 600
13:41:30.983 [FXGL Background Thread 3 ] DEBUG Engine               - is3D: false
13:41:30.983 [FXGL Background Thread 3 ] DEBUG Engine               - isAndroid: false
13:41:30.983 [FXGL Background Thread 3 ] DEBUG Engine               - isBrowser: false
13:41:30.983 [FXGL Background Thread 3 ] DEBUG Engine               - isClickFeedbackEnabled: false
13:41:30.983 [FXGL Background Thread 3 ] DEBUG Engine               - isCloseConfirmation: false
13:41:30.983 [FXGL Background Thread 3 ] DEBUG Engine               - isDesktop: true
13:41:30.983 [FXGL Background Thread 3 ] DEBUG Engine               - isDeveloperMenuEnabled: false
13:41:30.984 [FXGL Background Thread 3 ] DEBUG Engine               - isEmbedded: false
13:41:30.984 [FXGL Background Thread 3 ] DEBUG Engine               - isEntityPreloadEnabled: true
13:41:30.984 [FXGL Background Thread 3 ] DEBUG Engine               - isExperimentalTiledLargeMap: false
13:41:30.984 [FXGL Background Thread 3 ] DEBUG Engine               - isFileSystemWriteAllowed: true
13:41:30.984 [FXGL Background Thread 3 ] DEBUG Engine               - isFullScreenAllowed: false
13:41:30.984 [FXGL Background Thread 3 ] DEBUG Engine               - isFullScreenFromStart: false
13:41:30.984 [FXGL Background Thread 3 ] DEBUG Engine               - isGameMenuEnabled: true
13:41:30.984 [FXGL Background Thread 3 ] DEBUG Engine               - isIOS: false
13:41:30.984 [FXGL Background Thread 3 ] DEBUG Engine               - isIntroEnabled: false
13:41:30.984 [FXGL Background Thread 3 ] DEBUG Engine               - isLinux: false
13:41:30.984 [FXGL Background Thread 3 ] DEBUG Engine               - isMac: false
13:41:30.984 [FXGL Background Thread 3 ] DEBUG Engine               - isMainMenuEnabled: true
13:41:30.984 [FXGL Background Thread 3 ] DEBUG Engine               - isManualResizeEnabled: false
13:41:30.984 [FXGL Background Thread 3 ] DEBUG Engine               - isMobile: false
13:41:30.984 [FXGL Background Thread 3 ] DEBUG Engine               - isNative: false
13:41:30.984 [FXGL Background Thread 3 ] DEBUG Engine               - isPauseMusicWhenMinimized: true
13:41:30.984 [FXGL Background Thread 3 ] DEBUG Engine               - isPreserveResizeRatio: false
13:41:30.984 [FXGL Background Thread 3 ] DEBUG Engine               - isProfilingEnabled: false
13:41:30.984 [FXGL Background Thread 3 ] DEBUG Engine               - isScaleAffectedOnResize: true
13:41:30.984 [FXGL Background Thread 3 ] DEBUG Engine               - isSingleStep: false
13:41:30.984 [FXGL Background Thread 3 ] DEBUG Engine               - isUserProfileEnabled: false
13:41:30.984 [FXGL Background Thread 3 ] DEBUG Engine               - isWindows: true
13:41:30.984 [FXGL Background Thread 3 ] DEBUG Engine               - language: ObjectProperty [value: ENGLISH]
13:41:30.984 [FXGL Background Thread 3 ] DEBUG Engine               - menuKey: ESCAPE
13:41:30.984 [FXGL Background Thread 3 ] DEBUG Engine               - mouseSensitivity: 0.2
13:41:30.984 [FXGL Background Thread 3 ] DEBUG Engine               - notificationViewClass: class com.almasb.fxgl.notification.view.XboxNotificationView
13:41:30.984 [FXGL Background Thread 3 ] DEBUG Engine               - pixelsPerMeter: 50.0
13:41:30.984 [FXGL Background Thread 3 ] DEBUG Engine               - platform: WINDOWS
13:41:30.984 [FXGL Background Thread 3 ] DEBUG Engine               - prefHeightProperty: ReadOnlyDoubleProperty [value: 600.0]
13:41:30.984 [FXGL Background Thread 3 ] DEBUG Engine               - prefWidthProperty: ReadOnlyDoubleProperty [value: 800.0]
13:41:30.984 [FXGL Background Thread 3 ] DEBUG Engine               - profileDir: profiles/
13:41:30.984 [FXGL Background Thread 3 ] DEBUG Engine               - profileName: StringProperty [value: DEFAULT]
13:41:30.985 [FXGL Background Thread 3 ] DEBUG Engine               - randomSeed: -1
13:41:30.985 [FXGL Background Thread 3 ] DEBUG Engine               - runtimeInfo: RuntimeInfo(platform=WINDOWS, version=17.2, build=20.08.2022 16.50)
13:41:30.985 [FXGL Background Thread 3 ] DEBUG Engine               - saveFileExt: sav
13:41:30.985 [FXGL Background Thread 3 ] DEBUG Engine               - scaledHeightProp$fxgl: DoubleProperty [bound, value: 600.0]
13:41:30.985 [FXGL Background Thread 3 ] DEBUG Engine               - scaledWidthProp$fxgl: DoubleProperty [bound, value: 800.0]
13:41:30.985 [FXGL Background Thread 3 ] DEBUG Engine               - sceneFactory: com.game.GameApp$8@379e74ce
13:41:30.985 [FXGL Background Thread 3 ] DEBUG Engine               - secondsIn24h: 60
13:41:30.985 [FXGL Background Thread 3 ] DEBUG Engine               - soundMenuBack: menu/back.wav
13:41:30.985 [FXGL Background Thread 3 ] DEBUG Engine               - soundMenuPress: menu/press.wav
13:41:30.985 [FXGL Background Thread 3 ] DEBUG Engine               - soundMenuSelect: menu/select.wav
13:41:30.985 [FXGL Background Thread 3 ] DEBUG Engine               - soundNotification: core/notification.wav
13:41:30.985 [FXGL Background Thread 3 ] DEBUG Engine               - stageStyle: DECORATED
13:41:30.985 [FXGL Background Thread 3 ] DEBUG Engine               - supportedLanguages: [ENGLISH, FRENCH, GERMAN, HUNGARIAN, RUSSIAN]
13:41:30.985 [FXGL Background Thread 3 ] DEBUG Engine               - ticksPerSecond: -1
13:41:30.985 [FXGL Background Thread 3 ] DEBUG Engine               - title: QQBOMBER-704
13:41:30.985 [FXGL Background Thread 3 ] DEBUG Engine               - urlGithub: https://github.com/AlmasB/FXGL
13:41:30.985 [FXGL Background Thread 3 ] DEBUG Engine               - urlLeaderboard: http://fxgl-top.herokuapp.com/
13:41:30.985 [FXGL Background Thread 3 ] DEBUG Engine               - urlPOM: https://raw.githubusercontent.com/AlmasB/FXGL/release/README.md
13:41:30.985 [FXGL Background Thread 3 ] DEBUG Engine               - userAppClass: class com.game.GameApp
13:41:30.985 [FXGL Background Thread 3 ] DEBUG Engine               - version: 0.1
13:41:30.985 [FXGL Background Thread 3 ] DEBUG Engine               - versionCheckDays: 7
13:41:30.985 [FXGL Background Thread 3 ] DEBUG Engine               - width: 800
13:41:30.985 [FXGL Background Thread 3 ] DEBUG Engine               - Logging services
13:41:30.985 [FXGL Background Thread 3 ] DEBUG Engine               - class com.almasb.fxgl.app.services.FXGLAssetLoaderService
13:41:30.985 [FXGL Background Thread 3 ] DEBUG Engine               - class com.almasb.fxgl.app.FXGLApplication$GameApplicationService
13:41:30.986 [FXGL Background Thread 3 ] DEBUG Engine               - class com.almasb.fxgl.app.services.FXGLDialogService
13:41:30.986 [FXGL Background Thread 3 ] DEBUG Engine               - class com.almasb.fxgl.app.services.IOTaskExecutorService
13:41:30.986 [FXGL Background Thread 3 ] DEBUG Engine               - class com.almasb.fxgl.io.FileSystemService
13:41:30.986 [FXGL Background Thread 3 ] DEBUG Engine               - class com.almasb.fxgl.localization.LocalizationService
13:41:30.986 [FXGL Background Thread 3 ] DEBUG Engine               - class com.almasb.fxgl.app.services.SystemBundleService
13:41:30.986 [FXGL Background Thread 3 ] DEBUG Engine               - class com.almasb.fxgl.profile.SaveLoadService
13:41:30.986 [FXGL Background Thread 3 ] DEBUG Engine               - class com.almasb.fxgl.ui.FXGLUIFactoryServiceProvider
13:41:30.986 [FXGL Background Thread 3 ] DEBUG Engine               - class com.almasb.fxgl.ui.FXGLDialogFactoryServiceProvider
13:41:30.986 [FXGL Background Thread 3 ] DEBUG Engine               - class com.almasb.fxgl.audio.AudioPlayer
13:41:30.986 [FXGL Background Thread 3 ] DEBUG Engine               - class com.almasb.fxgl.notification.impl.NotificationServiceProvider
13:41:30.986 [FXGL Background Thread 3 ] DEBUG Engine               - class com.almasb.fxgl.achievement.AchievementService
13:41:30.986 [FXGL Background Thread 3 ] DEBUG Engine               - class com.almasb.fxgl.cutscene.CutsceneService
13:41:30.986 [FXGL Background Thread 3 ] DEBUG Engine               - class com.almasb.fxgl.minigames.MiniGameService
13:41:30.986 [FXGL Background Thread 3 ] DEBUG Engine               - class com.almasb.fxgl.net.NetService
13:41:30.986 [FXGL Background Thread 3 ] DEBUG Engine               - class com.almasb.fxgl.app.services.UpdaterService
13:41:30.986 [FXGL Background Thread 3 ] DEBUG Engine               - class com.almasb.fxgl.dev.DevService
13:41:31.963 [JavaFX Application Thread] DEBUG GameApplicationServi - Starting new game
13:41:31.963 [JavaFX Application Thread] DEBUG PrimaryStageWindow   - Pop state: MyMainMenu
13:41:31.963 [JavaFX Application Thread] DEBUG Input                - Clearing active input actions
13:41:31.963 [JavaFX Application Thread] DEBUG GameApplicationServi - Removing overlay from MyMainMenu and adding to FXGLMainMenuDummyScene
13:41:31.963 [JavaFX Application Thread] DEBUG PrimaryStageWindow   - FXGLMainMenuDummyScene <- MyMainMenu
13:41:31.963 [JavaFX Application Thread] DEBUG Input                - Clearing active input actions
13:41:31.967 [JavaFX Application Thread] DEBUG GameApplicationServi - Removing overlay from FXGLMainMenuDummyScene and adding to FXGLLoadingScene
13:41:31.967 [JavaFX Application Thread] DEBUG PrimaryStageWindow   - FXGLMainMenuDummyScene -> FXGLLoadingScene
13:41:31.967 [JavaFX Application Thread] DEBUG GameApplicationServi - Clearing previous game
13:41:31.967 [JavaFX Application Thread] DEBUG GameScene            - Clearing game scene
13:41:31.967 [JavaFX Application Thread] DEBUG GameWorld            - Clearing game world
13:41:31.967 [JavaFX Application Thread] DEBUG PhysicsWorld         - Clearing physics world
13:41:31.970 [FXGL Background Thread 2 ] DEBUG FXGLApplication      - Initializing game
13:41:31.988 [FXGL Background Thread 2 ] DEBUG FXGLAssetLoaderServi - Loading from file system: file:/C:/Users/23256/Desktop/QQBOMB/Game2p_final/target/classes/assets/textures/music.png
13:41:31.993 [FXGL Background Thread 2 ] DEBUG FXGLAssetLoaderServi - Loading from file system: file:/C:/Users/23256/Desktop/QQBOMB/Game2p_final/target/classes/assets/textures/musicOFF.png
13:41:31.995 [FXGL Background Thread 2 ] DEBUG FXGLAssetLoaderServi - Loading from file system: file:/C:/Users/23256/Desktop/QQBOMB/Game2p_final/target/classes/assets/textures/game_background.png
13:41:32.006 [FXGL Background Thread 2 ] DEBUG FXGLAssetLoaderServi - Loading from file system: file:/C:/Users/23256/Desktop/QQBOMB/Game2p_final/target/classes/assets/textures/f2.png
13:41:32.110 [FXGL Background Thread 2 ] DEBUG FXGLAssetLoaderServi - Loading from file system: file:/C:/Users/23256/Desktop/QQBOMB/Game2p_final/target/classes/assets/textures/GrassLevel.png
13:41:32.143 [FXGL Background Thread 2 ] DEBUG FXGLAssetLoaderServi - Loading from file system: file:/C:/Users/23256/Desktop/QQBOMB/Game2p_final/target/classes/assets/textures/scarecow.png
13:41:32.145 [FXGL Background Thread 2 ] DEBUG FXGLAssetLoaderServi - Loading from file system: file:/C:/Users/23256/Desktop/QQBOMB/Game2p_final/target/classes/assets/textures/grave.png
13:41:32.190 [FXGL Background Thread 2 ] DEBUG FXGLAssetLoaderServi - Loading from file system: file:/C:/Users/23256/Desktop/QQBOMB/Game2p_final/target/classes/assets/textures/player1.png
13:41:32.199 [FXGL Background Thread 2 ] DEBUG FXGLAssetLoaderServi - Loading from file system: file:/C:/Users/23256/Desktop/QQBOMB/Game2p_final/target/classes/assets/textures/player2.png
13:41:32.201 [FXGL Background Thread 2 ] DEBUG Input                - Registered new binding: playBomb_server - Space
13:41:32.201 [FXGL Background Thread 2 ] DEBUG Input                - Registered new binding: moveup - W
13:41:32.201 [FXGL Background Thread 2 ] DEBUG Input                - Registered new binding: movedown - S
13:41:32.202 [FXGL Background Thread 2 ] DEBUG Input                - Registered new binding: moveleft - A
13:41:32.202 [FXGL Background Thread 2 ] DEBUG Input                - Registered new binding: moveright - D
13:41:32.202 [FXGL Background Thread 2 ] DEBUG Input                - Registered new binding: playBomb2 - Enter
13:41:32.202 [FXGL Background Thread 2 ] DEBUG Input                - Registered new binding: action0 - Up
13:41:32.202 [FXGL Background Thread 2 ] DEBUG Input                - Registered new binding: action1 - Down
13:41:32.202 [FXGL Background Thread 2 ] DEBUG Input                - Registered new binding: action2 - Left
13:41:32.202 [FXGL Background Thread 2 ] DEBUG Input                - Registered new binding: action3 - Right
13:41:32.203 [FXGL Background Thread 2 ] DEBUG Input                - Registered new binding: pause - Esc
13:41:32.204 [FXGL Background Thread 2 ] DEBUG FXGLAssetLoaderServi - Loading from file system: file:/C:/Users/23256/Desktop/QQBOMB/Game2p_final/target/classes/assets/textures/player1head.png
13:41:32.214 [FXGL Background Thread 2 ] DEBUG FXGLAssetLoaderServi - Loading from file system: file:/C:/Users/23256/Desktop/QQBOMB/Game2p_final/target/classes/assets/textures/player2head.png
13:41:32.221 [FXGL Background Thread 2 ] DEBUG FXGLAssetLoaderServi - Loading from file system: file:/C:/Users/23256/Desktop/QQBOMB/Game2p_final/target/classes/assets/textures/player3head.png
13:41:32.228 [FXGL Background Thread 2 ] DEBUG FXGLAssetLoaderServi - Loading from file system: file:/C:/Users/23256/Desktop/QQBOMB/Game2p_final/target/classes/assets/textures/player4head.png
13:41:32.238 [FXGL Background Thread 2 ] DEBUG FXGLAssetLoaderServi - Loading from file system: file:/C:/Users/23256/Desktop/QQBOMB/Game2p_final/target/classes/assets/textures/life.png
13:41:32.244 [FXGL Background Thread 2 ] DEBUG FXGLAssetLoaderServi - Loading from file system: file:/C:/Users/23256/Desktop/QQBOMB/Game2p_final/target/classes/assets/textures/imgboob.png
13:41:32.244 [FXGL Background Thread 2 ] DEBUG FXGLAssetLoaderServi - Loading from file system: file:/C:/Users/23256/Desktop/QQBOMB/Game2p_final/target/classes/assets/textures/redme.png
13:41:32.245 [FXGL Background Thread 2 ] DEBUG FXGLAssetLoaderServi - Loading from file system: file:/C:/Users/23256/Desktop/QQBOMB/Game2p_final/target/classes/assets/textures/moveboot.png
13:41:32.247 [FXGL Background Thread 2 ] INFO  FXGLApplication      - Game initialization took: 0.277 sec
13:41:32.247 [JavaFX Application Thread] DEBUG Input                - Clearing active input actions
13:41:32.252 [JavaFX Application Thread] DEBUG GameApplicationServi - Removing overlay from FXGLLoadingScene and adding to GameScene
13:41:32.253 [JavaFX Application Thread] DEBUG PrimaryStageWindow   - FXGLLoadingScene -> GameScene
13:41:33.376 [JavaFX Application Thread] DEBUG PrimaryStageWindow   - Push state: MyGameMenu
13:41:33.376 [JavaFX Application Thread] DEBUG Input                - Clearing active input actions
13:41:33.376 [JavaFX Application Thread] DEBUG GameApplicationServi - Removing overlay from GameScene and adding to MyGameMenu
13:41:33.377 [JavaFX Application Thread] DEBUG PrimaryStageWindow   - GameScene -> MyGameMenu
13:41:33.647 [JavaFX Application Thread] DEBUG PrimaryStageWindow   - Pop state: MyGameMenu
13:41:33.647 [JavaFX Application Thread] DEBUG Input                - Clearing active input actions
13:41:33.648 [JavaFX Application Thread] DEBUG GameApplicationServi - Removing overlay from MyGameMenu and adding to GameScene
13:41:33.648 [JavaFX Application Thread] DEBUG PrimaryStageWindow   - GameScene <- MyGameMenu
13:41:33.824 [JavaFX Application Thread] DEBUG PrimaryStageWindow   - Push state: MyGameMenu
13:41:33.826 [JavaFX Application Thread] DEBUG Input                - Clearing active input actions
13:41:33.826 [JavaFX Application Thread] DEBUG GameApplicationServi - Removing overlay from GameScene and adding to MyGameMenu
13:41:33.826 [JavaFX Application Thread] DEBUG PrimaryStageWindow   - GameScene -> MyGameMenu
13:41:34.120 [JavaFX Application Thread] DEBUG PrimaryStageWindow   - Pop state: MyGameMenu
13:41:34.121 [JavaFX Application Thread] DEBUG Input                - Clearing active input actions
13:41:34.121 [JavaFX Application Thread] DEBUG GameApplicationServi - Removing overlay from MyGameMenu and adding to GameScene
13:41:34.121 [JavaFX Application Thread] DEBUG PrimaryStageWindow   - GameScene <- MyGameMenu
13:41:34.315 [JavaFX Application Thread] DEBUG PrimaryStageWindow   - Push state: MyGameMenu
13:41:34.359 [JavaFX Application Thread] DEBUG Input                - Clearing active input actions
13:41:34.359 [JavaFX Application Thread] DEBUG GameApplicationServi - Removing overlay from GameScene and adding to MyGameMenu
13:41:34.359 [JavaFX Application Thread] DEBUG PrimaryStageWindow   - GameScene -> MyGameMenu
13:41:34.618 [JavaFX Application Thread] DEBUG PrimaryStageWindow   - Pop state: MyGameMenu
13:41:34.618 [JavaFX Application Thread] DEBUG Input                - Clearing active input actions
13:41:34.619 [JavaFX Application Thread] DEBUG GameApplicationServi - Removing overlay from MyGameMenu and adding to GameScene
13:41:34.619 [JavaFX Application Thread] DEBUG PrimaryStageWindow   - GameScene <- MyGameMenu
13:41:34.928 [JavaFX Application Thread] DEBUG PrimaryStageWindow   - Push state: MyGameMenu
13:41:34.929 [JavaFX Application Thread] DEBUG Input                - Clearing active input actions
13:41:34.929 [JavaFX Application Thread] DEBUG GameApplicationServi - Removing overlay from GameScene and adding to MyGameMenu
13:41:34.929 [JavaFX Application Thread] DEBUG PrimaryStageWindow   - GameScene -> MyGameMenu
13:41:35.265 [JavaFX Application Thread] DEBUG PrimaryStageWindow   - Pop state: MyGameMenu
13:41:35.265 [JavaFX Application Thread] DEBUG Input                - Clearing active input actions
13:41:35.265 [JavaFX Application Thread] DEBUG GameApplicationServi - Removing overlay from MyGameMenu and adding to GameScene
13:41:35.267 [JavaFX Application Thread] DEBUG PrimaryStageWindow   - GameScene <- MyGameMenu
13:41:35.267 [JavaFX Application Thread] WARN  PrimaryStageWindow   - Cannot set to GameScene. Probably because subscenes are present.
13:41:35.485 [JavaFX Application Thread] DEBUG PrimaryStageWindow   - Push state: MyGameMenu
13:41:35.523 [JavaFX Application Thread] DEBUG Input                - Clearing active input actions
13:41:35.523 [JavaFX Application Thread] DEBUG GameApplicationServi - Removing overlay from GameScene and adding to MyGameMenu
13:41:35.523 [JavaFX Application Thread] DEBUG PrimaryStageWindow   - GameScene -> MyGameMenu
13:41:35.840 [JavaFX Application Thread] DEBUG PrimaryStageWindow   - Pop state: MyGameMenu
13:41:35.840 [JavaFX Application Thread] DEBUG Input                - Clearing active input actions
13:41:35.840 [JavaFX Application Thread] DEBUG GameApplicationServi - Removing overlay from MyGameMenu and adding to GameScene
13:41:35.840 [JavaFX Application Thread] DEBUG PrimaryStageWindow   - GameScene <- MyGameMenu
13:41:35.840 [JavaFX Application Thread] WARN  PrimaryStageWindow   - Cannot set to GameScene. Probably because subscenes are present.
13:41:36.003 [JavaFX Application Thread] DEBUG PrimaryStageWindow   - Push state: MyGameMenu
13:41:36.003 [JavaFX Application Thread] DEBUG Input                - Clearing active input actions
13:41:36.003 [JavaFX Application Thread] DEBUG GameApplicationServi - Removing overlay from GameScene and adding to MyGameMenu
13:41:36.003 [JavaFX Application Thread] DEBUG PrimaryStageWindow   - GameScene -> MyGameMenu
13:41:36.341 [JavaFX Application Thread] DEBUG PrimaryStageWindow   - Pop state: MyGameMenu
13:41:36.341 [JavaFX Application Thread] DEBUG Input                - Clearing active input actions
13:41:36.341 [JavaFX Application Thread] DEBUG GameApplicationServi - Removing overlay from MyGameMenu and adding to GameScene
13:41:36.342 [JavaFX Application Thread] DEBUG PrimaryStageWindow   - GameScene <- MyGameMenu
13:41:36.342 [JavaFX Application Thread] DEBUG Input                - Clearing active input actions
13:41:36.344 [JavaFX Application Thread] DEBUG GameApplicationServi - Removing overlay from GameScene and adding to FXGLMainMenuDummyScene
13:41:36.344 [JavaFX Application Thread] DEBUG PrimaryStageWindow   - GameScene -> FXGLMainMenuDummyScene
13:41:36.344 [JavaFX Application Thread] DEBUG PrimaryStageWindow   - Push state: MyMainMenu
13:41:36.344 [JavaFX Application Thread] DEBUG Input                - Clearing active input actions
13:41:36.345 [JavaFX Application Thread] DEBUG GameApplicationServi - Removing overlay from FXGLMainMenuDummyScene and adding to MyMainMenu
13:41:36.345 [JavaFX Application Thread] DEBUG PrimaryStageWindow   - FXGLMainMenuDummyScene -> MyMainMenu
13:41:41.691 [JavaFX Application Thread] DEBUG FXGLAssetLoaderServi - Loading from file system: file:/C:/Users/23256/Desktop/QQBOMB/Game2p_final/target/classes/assets/textures/menu.png
13:41:41.694 [JavaFX Application Thread] DEBUG FXGLAssetLoaderServi - Loading from file system: file:/C:/Users/23256/Desktop/QQBOMB/Game2p_final/target/classes/assets/textures/menu_light.png
13:41:43.146 [JavaFX Application Thread] DEBUG FXGLApplication      - Exiting FXGL
13:41:43.146 [JavaFX Application Thread] DEBUG LoopRunner           - Stopping loop
13:41:43.146 [JavaFX Application Thread] DEBUG SystemBundleService  - Saving FXGL system data
13:41:43.148 [JavaFX Application Thread] DEBUG FileSystemAccess     - Writing to: C:\Users\23256\Desktop\QQBOMB\Game2p_final\system\fxgl.bundle
13:41:43.149 [JavaFX Application Thread] DEBUG Async                - Shutting down background threads
13:41:43.149 [JavaFX Application Thread] DEBUG PrimaryStageWindow   - Closing main window
13:41:43.161 [JavaFX Application Thread] DEBUG Logger               - Closing Logger
