13:12:18.795 [main                     ] DEBUG Logger               - Configured Logger
13:12:18.814 [main                     ] DEBUG GameApplication      - Logging settings
Title: QQBOMBER-704
Version: 0.1
Width: 800
Height: 600
Fullscreen: false
Intro: false
Profiling: false
Single step:false
App Mode: DEVELOPER
Menu Key: ESCAPE
Stage Style: DECORATED
Scene Factory: class com.game.GameApp$8

13:12:19.330 [JavaFX Application Thread] DEBUG FXGLApplication      - Initializing FXGL
13:12:19.333 [JavaFX Application Thread] INFO  Engine               - FXGL-17.2 (20.08.2022 16.50) on WINDOWS (J:17.0.8 FX:18)
13:12:19.333 [JavaFX Application Thread] DEBUG Engine               - JRE Vendor Name: Oracle Corporation
13:12:19.334 [JavaFX Application Thread] DEBUG Engine               - Running on OS: Windows 11 version 10.0
13:12:19.334 [JavaFX Application Thread] DEBUG Engine               - Architecture: amd64
13:12:19.334 [JavaFX Application Thread] INFO  Engine               - Source code and latest versions at: https://github.com/AlmasB/FXGL
13:12:19.334 [JavaFX Application Thread] INFO  Engine               -       Ask questions and discuss at: https://github.com/AlmasB/FXGL/discussions
13:12:19.334 [JavaFX Application Thread] INFO  Engine               -              Join the FXGL chat at: https://gitter.im/AlmasB/FXGL
13:12:19.408 [JavaFX Application Thread] DEBUG PrimaryStageWindow   - Creating a JavaFX scene
13:12:19.437 [JavaFX Application Thread] DEBUG PrimaryStageWindow   - Target settings size: 800.0 x 600.0
13:12:19.437 [JavaFX Application Thread] DEBUG PrimaryStageWindow   - Scaled scene size:    800.0 x 600.0
13:12:19.437 [JavaFX Application Thread] DEBUG PrimaryStageWindow   - Scaled ratio: (1.0, 1.0)
13:12:19.437 [JavaFX Application Thread] DEBUG PrimaryStageWindow   - Set initial scene to FXGLStartupScene
13:12:19.442 [JavaFX Application Thread] DEBUG PrimaryStageWindow   - Opening main window
13:12:19.508 [JavaFX Application Thread] DEBUG PrimaryStageWindow   - Window border size: (14.4000244140625, 37.5999755859375)
13:12:19.508 [JavaFX Application Thread] DEBUG PrimaryStageWindow   - Scaled size: 800.0 x 600.0
13:12:19.509 [JavaFX Application Thread] DEBUG PrimaryStageWindow   - Scaled ratio: (1.0, 1.0)
13:12:19.509 [JavaFX Application Thread] DEBUG PrimaryStageWindow   - Scene size: 800.0 x 600.0
13:12:19.509 [JavaFX Application Thread] DEBUG PrimaryStageWindow   - Stage size: 814.4000244140625 x 637.5999755859375
13:12:19.516 [FXGL Background Thread 1 ] DEBUG Engine               - Initializing environment variables
13:12:19.545 [FXGL Background Thread 1 ] DEBUG FXGLAssetLoaderServi - User app class for loading assets: class com.game.GameApp
13:12:19.545 [FXGL Background Thread 1 ] DEBUG GameApplicationServi - Applying CSS: fxgl_dark.css
13:12:19.546 [FXGL Background Thread 1 ] DEBUG FXGLAssetLoaderServi - Loading from file system: jar:file:/C:/Users/23256/.m2/repository/com/github/almasb/fxgl/17.2/fxgl-17.2.jar!/fxglassets/ui/css/fxgl_dark.css
13:12:19.576 [FXGL Background Thread 1 ] DEBUG GameApplicationServi - Initializing application scenes
13:12:19.629 [FXGL Background Thread 1 ] DEBUG GameWorld            - Game world initialized
13:12:19.667 [FXGL Background Thread 1 ] DEBUG PhysicsWorld         - Physics world initialized: appHeight=600, physics.ppm=50.0
13:12:19.667 [FXGL Background Thread 1 ] DEBUG PhysicsWorld         - Using strategy: BRUTE_FORCE
13:12:19.672 [FXGL Background Thread 1 ] DEBUG GameScene            - Game scene initialized: 800x600
13:12:20.271 [FXGL Background Thread 1 ] DEBUG FXGLAssetLoaderServi - Loading from file system: file:/C:/Users/23256/Desktop/my%20toys/704QQBOMB/target/classes/assets/textures/main_musicON.png
13:12:20.281 [FXGL Background Thread 1 ] DEBUG FXGLAssetLoaderServi - Loading from file system: file:/C:/Users/23256/Desktop/my%20toys/704QQBOMB/target/classes/assets/textures/main_musicOFF.png
13:12:20.330 [FXGL Background Thread 1 ] DEBUG FXGLAssetLoaderServi - Loading from file system: file:/C:/Users/23256/Desktop/my%20toys/704QQBOMB/target/classes/assets/textures/local_mode.png
13:12:20.332 [FXGL Background Thread 1 ] DEBUG FXGLAssetLoaderServi - Loading from file system: file:/C:/Users/23256/Desktop/my%20toys/704QQBOMB/target/classes/assets/textures/local_mode_light.png
13:12:20.336 [FXGL Background Thread 1 ] DEBUG FXGLAssetLoaderServi - Loading from file system: file:/C:/Users/23256/Desktop/my%20toys/704QQBOMB/target/classes/assets/textures/online_mode.png
13:12:20.337 [FXGL Background Thread 1 ] DEBUG FXGLAssetLoaderServi - Loading from file system: file:/C:/Users/23256/Desktop/my%20toys/704QQBOMB/target/classes/assets/textures/online_mode_light.png
13:12:20.338 [FXGL Background Thread 1 ] DEBUG FXGLAssetLoaderServi - Loading from file system: file:/C:/Users/23256/Desktop/my%20toys/704QQBOMB/target/classes/assets/textures/help.png
13:12:20.339 [FXGL Background Thread 1 ] DEBUG FXGLAssetLoaderServi - Loading from file system: file:/C:/Users/23256/Desktop/my%20toys/704QQBOMB/target/classes/assets/textures/help_light.png
13:12:20.340 [FXGL Background Thread 1 ] DEBUG FXGLAssetLoaderServi - Loading from file system: file:/C:/Users/23256/Desktop/my%20toys/704QQBOMB/target/classes/assets/textures/exit.png
13:12:20.340 [FXGL Background Thread 1 ] DEBUG FXGLAssetLoaderServi - Loading from file system: file:/C:/Users/23256/Desktop/my%20toys/704QQBOMB/target/classes/assets/textures/exit_light.png
13:12:20.367 [FXGL Background Thread 1 ] DEBUG GameApplicationServi - Application scenes initialized
13:12:20.380 [FXGL Background Thread 1 ] DEBUG SystemBundleService  - Loading FXGL system data
13:12:20.383 [FXGL Background Thread 1 ] DEBUG FileSystemAccess     - Reading from: C:\Users\23256\Desktop\my toys\704QQBOMB\system\fxgl.bundle
13:12:20.389 [FXGL Background Thread 1 ] DEBUG SystemBundleService  - Bundle FXGL: {}
13:12:20.389 [FXGL Background Thread 1 ] DEBUG UpdaterService       - Checking for updates
13:12:20.396 [FXGL Background Thread 4 ] DEBUG FXGLApplication      - Loading fonts
13:12:20.396 [FXGL Background Thread 4 ] DEBUG FXGLAssetLoaderServi - Loading from file system: jar:file:/C:/Users/23256/.m2/repository/com/github/almasb/fxgl/17.2/fxgl-17.2.jar!/fxglassets/ui/fonts/VarelaRound-Regular.ttf
13:12:20.397 [FXGL Background Thread 1 ] DEBUG FXGLApplication      - Loading default localization
13:12:20.397 [FXGL Background Thread 1 ] DEBUG FXGLAssetLoaderServi - Loading from file system: jar:file:/C:/Users/23256/.m2/repository/com/github/almasb/fxgl/17.2/fxgl-17.2.jar!/fxglassets/languages/english.lang
13:12:20.417 [FXGL Background Thread 1 ] INFO  FXGLApplication      - FXGL initialization took: 0.901 sec
13:12:20.418 [JavaFX Application Thread] DEBUG FXGLAssetLoaderServi - Loading from file system: file:/C:/Users/23256/Desktop/my%20toys/704QQBOMB/target/classes/assets/textures/icon.png
13:12:20.437 [FXGL Background Thread 4 ] DEBUG FXGLAssetLoaderServi - Loading from file system: jar:file:/C:/Users/23256/.m2/repository/com/github/almasb/fxgl/17.2/fxgl-17.2.jar!/fxglassets/ui/fonts/Abel-Regular.ttf
13:12:20.438 [FXGL Background Thread 4 ] DEBUG FXGLAssetLoaderServi - Loading from file system: jar:file:/C:/Users/23256/.m2/repository/com/github/almasb/fxgl/17.2/fxgl-17.2.jar!/fxglassets/ui/fonts/TerminalLandMono-Regular.otf
13:12:20.440 [FXGL Background Thread 4 ] DEBUG FXGLAssetLoaderServi - Loading from file system: jar:file:/C:/Users/23256/.m2/repository/com/github/almasb/fxgl/17.2/fxgl-17.2.jar!/fxglassets/ui/fonts/Courier-Prime.ttf
13:12:20.483 [JavaFX Application Thread] DEBUG FXGLAssetLoaderServi - Loading from file system: jar:file:/C:/Users/23256/.m2/repository/com/github/almasb/fxgl/17.2/fxgl-17.2.jar!/fxglassets/textures/fxgl_default_cursor.png
13:12:20.490 [JavaFX Application Thread] DEBUG Input                - Registered new binding: Screenshot - CTRL+8
13:12:20.491 [JavaFX Application Thread] DEBUG Input                - Registered new binding: System info dump - CTRL+9
13:12:20.492 [JavaFX Application Thread] DEBUG Input                - Registered new binding: Restart - CTRL+R
13:12:20.493 [JavaFX Application Thread] DEBUG Input                - Registered new binding: Toggle Debug Camera - CTRL+7
13:12:20.494 [JavaFX Application Thread] DEBUG LoopRunner           - Starting loop
13:12:20.495 [JavaFX Application Thread] DEBUG LoopRunner           - Initializing JavaFX AnimationTimerLoop
13:12:20.497 [JavaFX Application Thread] DEBUG Input                - Clearing active input actions
13:12:20.502 [JavaFX Application Thread] DEBUG GameApplicationServi - Removing overlay from FXGLStartupScene and adding to FXGLMainMenuDummyScene
13:12:20.502 [JavaFX Application Thread] DEBUG PrimaryStageWindow   - FXGLStartupScene -> FXGLMainMenuDummyScene
13:12:20.502 [JavaFX Application Thread] DEBUG PrimaryStageWindow   - Push state: MyMainMenu
13:12:20.502 [JavaFX Application Thread] DEBUG Input                - Clearing active input actions
13:12:20.507 [JavaFX Application Thread] DEBUG GameApplicationServi - Removing overlay from FXGLMainMenuDummyScene and adding to MyMainMenu
13:12:20.507 [JavaFX Application Thread] DEBUG PrimaryStageWindow   - FXGLMainMenuDummyScene -> MyMainMenu
13:12:20.553 [JavaFX Application Thread] DEBUG FXGLApplication      - Registering font factories with UI factory
13:12:21.204 [FXGL Background Thread 2 ] INFO  UpdaterService       - Your current version:  17.2
13:12:21.204 [FXGL Background Thread 2 ] INFO  UpdaterService       - Latest stable version: 21.1
13:12:22.691 [JavaFX Application Thread] DEBUG FXGLApplication      - Exiting FXGL
13:12:22.691 [JavaFX Application Thread] DEBUG LoopRunner           - Stopping loop
13:12:22.691 [JavaFX Application Thread] DEBUG SystemBundleService  - Saving FXGL system data
13:12:22.692 [JavaFX Application Thread] DEBUG FileSystemAccess     - Writing to: C:\Users\23256\Desktop\my toys\704QQBOMB\system\fxgl.bundle
13:12:22.693 [JavaFX Application Thread] DEBUG Async                - Shutting down background threads
13:12:22.694 [JavaFX Application Thread] DEBUG PrimaryStageWindow   - Closing main window
13:12:22.705 [JavaFX Application Thread] DEBUG Logger               - Closing Logger
