23:24:02.769 [main                     ] DEBUG Logger               - Configured Logger
23:24:02.788 [main                     ] DEBUG GameApplication      - Logging settings
Title: QQBOMBER-704
Version: 0.1
Width: 800
Height: 600
Fullscreen: false
Intro: false
Profiling: false
Single step:false
App Mode: DEVELOPER
Menu Key: ESCAPE
Stage Style: DECORATED
Scene Factory: class com.game.GameApp$8

23:24:03.321 [JavaFX Application Thread] DEBUG FXGLApplication      - Initializing FXGL
23:24:03.325 [JavaFX Application Thread] INFO  Engine               - FXGL-17.2 (20.08.2022 16.50) on WINDOWS (J:17.0.8 FX:18)
23:24:03.325 [JavaFX Application Thread] DEBUG Engine               - JRE Vendor Name: Oracle Corporation
23:24:03.325 [JavaFX Application Thread] DEBUG Engine               - Running on OS: Windows 11 version 10.0
23:24:03.325 [JavaFX Application Thread] DEBUG Engine               - Architecture: amd64
23:24:03.325 [JavaFX Application Thread] INFO  Engine               - Source code and latest versions at: https://github.com/AlmasB/FXGL
23:24:03.325 [JavaFX Application Thread] INFO  Engine               -       Ask questions and discuss at: https://github.com/AlmasB/FXGL/discussions
23:24:03.325 [JavaFX Application Thread] INFO  Engine               -              Join the FXGL chat at: https://gitter.im/AlmasB/FXGL
23:24:03.402 [JavaFX Application Thread] DEBUG PrimaryStageWindow   - Creating a JavaFX scene
23:24:03.432 [JavaFX Application Thread] DEBUG PrimaryStageWindow   - Target settings size: 800.0 x 600.0
23:24:03.432 [JavaFX Application Thread] DEBUG PrimaryStageWindow   - Scaled scene size:    800.0 x 600.0
23:24:03.432 [JavaFX Application Thread] DEBUG PrimaryStageWindow   - Scaled ratio: (1.0, 1.0)
23:24:03.433 [JavaFX Application Thread] DEBUG PrimaryStageWindow   - Set initial scene to FXGLStartupScene
23:24:03.438 [JavaFX Application Thread] DEBUG PrimaryStageWindow   - Opening main window
23:24:03.509 [JavaFX Application Thread] DEBUG PrimaryStageWindow   - Window border size: (14.4000244140625, 37.5999755859375)
23:24:03.510 [JavaFX Application Thread] DEBUG PrimaryStageWindow   - Scaled size: 800.0 x 600.0
23:24:03.510 [JavaFX Application Thread] DEBUG PrimaryStageWindow   - Scaled ratio: (1.0, 1.0)
23:24:03.510 [JavaFX Application Thread] DEBUG PrimaryStageWindow   - Scene size: 800.0 x 600.0
23:24:03.510 [JavaFX Application Thread] DEBUG PrimaryStageWindow   - Stage size: 814.4000244140625 x 637.5999755859375
23:24:03.515 [FXGL Background Thread 1 ] DEBUG Engine               - Initializing environment variables
23:24:03.544 [FXGL Background Thread 1 ] DEBUG FXGLAssetLoaderServi - User app class for loading assets: class com.game.GameApp
23:24:03.544 [FXGL Background Thread 1 ] DEBUG GameApplicationServi - Applying CSS: fxgl_dark.css
23:24:03.545 [FXGL Background Thread 1 ] DEBUG FXGLAssetLoaderServi - Loading from file system: jar:file:/C:/Users/23256/.m2/repository/com/github/almasb/fxgl/17.2/fxgl-17.2.jar!/fxglassets/ui/css/fxgl_dark.css
23:24:03.574 [FXGL Background Thread 1 ] DEBUG GameApplicationServi - Initializing application scenes
23:24:03.629 [FXGL Background Thread 1 ] DEBUG GameWorld            - Game world initialized
23:24:03.681 [FXGL Background Thread 1 ] DEBUG PhysicsWorld         - Physics world initialized: appHeight=600, physics.ppm=50.0
23:24:03.681 [FXGL Background Thread 1 ] DEBUG PhysicsWorld         - Using strategy: BRUTE_FORCE
23:24:03.684 [FXGL Background Thread 1 ] DEBUG GameScene            - Game scene initialized: 800x600
23:24:04.108 [FXGL Background Thread 1 ] DEBUG FXGLAssetLoaderServi - Loading from file system: file:/C:/Users/23256/Desktop/QQBOMB/Game2p_final/target/classes/assets/textures/main_musicON.png
23:24:04.118 [FXGL Background Thread 1 ] DEBUG FXGLAssetLoaderServi - Loading from file system: file:/C:/Users/23256/Desktop/QQBOMB/Game2p_final/target/classes/assets/textures/main_musicOFF.png
23:24:04.167 [FXGL Background Thread 1 ] DEBUG FXGLAssetLoaderServi - Loading from file system: file:/C:/Users/23256/Desktop/QQBOMB/Game2p_final/target/classes/assets/textures/local_mode.png
23:24:04.169 [FXGL Background Thread 1 ] DEBUG FXGLAssetLoaderServi - Loading from file system: file:/C:/Users/23256/Desktop/QQBOMB/Game2p_final/target/classes/assets/textures/local_mode_light.png
23:24:04.175 [FXGL Background Thread 1 ] DEBUG FXGLAssetLoaderServi - Loading from file system: file:/C:/Users/23256/Desktop/QQBOMB/Game2p_final/target/classes/assets/textures/online_mode.png
23:24:04.177 [FXGL Background Thread 1 ] DEBUG FXGLAssetLoaderServi - Loading from file system: file:/C:/Users/23256/Desktop/QQBOMB/Game2p_final/target/classes/assets/textures/online_mode_light.png
23:24:04.178 [FXGL Background Thread 1 ] DEBUG FXGLAssetLoaderServi - Loading from file system: file:/C:/Users/23256/Desktop/QQBOMB/Game2p_final/target/classes/assets/textures/help.png
23:24:04.179 [FXGL Background Thread 1 ] DEBUG FXGLAssetLoaderServi - Loading from file system: file:/C:/Users/23256/Desktop/QQBOMB/Game2p_final/target/classes/assets/textures/help_light.png
23:24:04.180 [FXGL Background Thread 1 ] DEBUG FXGLAssetLoaderServi - Loading from file system: file:/C:/Users/23256/Desktop/QQBOMB/Game2p_final/target/classes/assets/textures/exit.png
23:24:04.181 [FXGL Background Thread 1 ] DEBUG FXGLAssetLoaderServi - Loading from file system: file:/C:/Users/23256/Desktop/QQBOMB/Game2p_final/target/classes/assets/textures/exit_light.png
23:24:04.242 [FXGL Background Thread 1 ] DEBUG GameApplicationServi - Application scenes initialized
23:24:04.255 [FXGL Background Thread 1 ] DEBUG SystemBundleService  - Loading FXGL system data
23:24:04.258 [FXGL Background Thread 1 ] DEBUG FileSystemAccess     - Reading from: C:\Users\23256\Desktop\QQBOMB\Game2p_final\system\fxgl.bundle
23:24:04.263 [FXGL Background Thread 1 ] DEBUG SystemBundleService  - Bundle FXGL: {}
23:24:04.263 [FXGL Background Thread 1 ] DEBUG UpdaterService       - Checking for updates
23:24:04.271 [FXGL Background Thread 4 ] DEBUG FXGLApplication      - Loading fonts
23:24:04.271 [FXGL Background Thread 4 ] DEBUG FXGLAssetLoaderServi - Loading from file system: jar:file:/C:/Users/23256/.m2/repository/com/github/almasb/fxgl/17.2/fxgl-17.2.jar!/fxglassets/ui/fonts/VarelaRound-Regular.ttf
23:24:04.271 [FXGL Background Thread 1 ] DEBUG FXGLApplication      - Loading default localization
23:24:04.271 [FXGL Background Thread 1 ] DEBUG FXGLAssetLoaderServi - Loading from file system: jar:file:/C:/Users/23256/.m2/repository/com/github/almasb/fxgl/17.2/fxgl-17.2.jar!/fxglassets/languages/english.lang
23:24:04.304 [FXGL Background Thread 1 ] INFO  FXGLApplication      - FXGL initialization took: 0.788 sec
23:24:04.305 [JavaFX Application Thread] DEBUG FXGLAssetLoaderServi - Loading from file system: file:/C:/Users/23256/Desktop/QQBOMB/Game2p_final/target/classes/assets/textures/icon.png
23:24:04.306 [FXGL Background Thread 4 ] DEBUG FXGLAssetLoaderServi - Loading from file system: jar:file:/C:/Users/23256/.m2/repository/com/github/almasb/fxgl/17.2/fxgl-17.2.jar!/fxglassets/ui/fonts/Abel-Regular.ttf
23:24:04.308 [FXGL Background Thread 4 ] DEBUG FXGLAssetLoaderServi - Loading from file system: jar:file:/C:/Users/23256/.m2/repository/com/github/almasb/fxgl/17.2/fxgl-17.2.jar!/fxglassets/ui/fonts/TerminalLandMono-Regular.otf
23:24:04.310 [FXGL Background Thread 4 ] DEBUG FXGLAssetLoaderServi - Loading from file system: jar:file:/C:/Users/23256/.m2/repository/com/github/almasb/fxgl/17.2/fxgl-17.2.jar!/fxglassets/ui/fonts/Courier-Prime.ttf
23:24:04.383 [JavaFX Application Thread] DEBUG FXGLAssetLoaderServi - Loading from file system: jar:file:/C:/Users/23256/.m2/repository/com/github/almasb/fxgl/17.2/fxgl-17.2.jar!/fxglassets/textures/fxgl_default_cursor.png
23:24:04.394 [JavaFX Application Thread] DEBUG Input                - Registered new binding: Screenshot - CTRL+8
23:24:04.394 [JavaFX Application Thread] DEBUG Input                - Registered new binding: System info dump - CTRL+9
23:24:04.395 [JavaFX Application Thread] DEBUG Input                - Registered new binding: Restart - CTRL+R
23:24:04.396 [JavaFX Application Thread] DEBUG Input                - Registered new binding: Toggle Debug Camera - CTRL+7
23:24:04.398 [JavaFX Application Thread] DEBUG LoopRunner           - Starting loop
23:24:04.398 [JavaFX Application Thread] DEBUG LoopRunner           - Initializing JavaFX AnimationTimerLoop
23:24:04.400 [JavaFX Application Thread] DEBUG Input                - Clearing active input actions
23:24:04.405 [JavaFX Application Thread] DEBUG GameApplicationServi - Removing overlay from FXGLStartupScene and adding to FXGLMainMenuDummyScene
23:24:04.405 [JavaFX Application Thread] DEBUG PrimaryStageWindow   - FXGLStartupScene -> FXGLMainMenuDummyScene
23:24:04.406 [JavaFX Application Thread] DEBUG PrimaryStageWindow   - Push state: MyMainMenu
23:24:04.406 [JavaFX Application Thread] DEBUG Input                - Clearing active input actions
23:24:04.410 [JavaFX Application Thread] DEBUG GameApplicationServi - Removing overlay from FXGLMainMenuDummyScene and adding to MyMainMenu
23:24:04.410 [JavaFX Application Thread] DEBUG PrimaryStageWindow   - FXGLMainMenuDummyScene -> MyMainMenu
23:24:04.410 [JavaFX Application Thread] DEBUG FXGLApplication      - Registering font factories with UI factory
23:24:07.269 [FXGL Background Thread 3 ] DEBUG Engine               - Logging environment variables
23:24:07.269 [FXGL Background Thread 3 ] DEBUG Engine               - achievements: []
23:24:07.269 [FXGL Background Thread 3 ] DEBUG Engine               - actualHeight: 600.0
23:24:07.269 [FXGL Background Thread 3 ] DEBUG Engine               - actualHeightProperty: ReadOnlyDoubleProperty [value: 600.0]
23:24:07.269 [FXGL Background Thread 3 ] DEBUG Engine               - actualWidth: 800.0
23:24:07.269 [FXGL Background Thread 3 ] DEBUG Engine               - actualWidthProperty: ReadOnlyDoubleProperty [value: 800.0]
23:24:07.269 [FXGL Background Thread 3 ] DEBUG Engine               - appIcon: icon.png
23:24:07.269 [FXGL Background Thread 3 ] DEBUG Engine               - applicationMode: DEVELOPER
23:24:07.269 [FXGL Background Thread 3 ] DEBUG Engine               - cSSList: [fxgl_dark.css]
23:24:07.269 [FXGL Background Thread 3 ] DEBUG Engine               - collisionDetectionStrategy: BRUTE_FORCE
23:24:07.270 [FXGL Background Thread 3 ] DEBUG Engine               - configClass: Optional.empty
23:24:07.270 [FXGL Background Thread 3 ] DEBUG Engine               - credits: []
23:24:07.271 [FXGL Background Thread 3 ] DEBUG Engine               - defaultCursor: CursorInfo(imageName=fxgl_default_cursor.png, hotspotX=7.0, hotspotY=6.0)
23:24:07.271 [FXGL Background Thread 3 ] DEBUG Engine               - devBBoxColorProperty: ObjectProperty [value: 0xff0000ff]
23:24:07.271 [FXGL Background Thread 3 ] DEBUG Engine               - devEnableDebugCameraProperty: BooleanProperty [value: false]
23:24:07.271 [FXGL Background Thread 3 ] DEBUG Engine               - devSensorColorProperty: ObjectProperty [value: 0xffff00ff]
23:24:07.271 [FXGL Background Thread 3 ] DEBUG Engine               - devShowBBoxProperty: BooleanProperty [value: false]
23:24:07.271 [FXGL Background Thread 3 ] DEBUG Engine               - devShowPositionProperty: BooleanProperty [value: false]
23:24:07.271 [FXGL Background Thread 3 ] DEBUG Engine               - enabledMenuItems: []
23:24:07.272 [FXGL Background Thread 3 ] DEBUG Engine               - engineServices: [class com.almasb.fxgl.app.services.FXGLAssetLoaderService, class com.almasb.fxgl.app.FXGLApplication$GameApplicationService, class com.almasb.fxgl.app.services.FXGLDialogService, class com.almasb.fxgl.app.services.IOTaskExecutorService, class com.almasb.fxgl.io.FileSystemService, class com.almasb.fxgl.localization.LocalizationService, class com.almasb.fxgl.app.services.SystemBundleService, class com.almasb.fxgl.profile.SaveLoadService, class com.almasb.fxgl.ui.FXGLUIFactoryServiceProvider, class com.almasb.fxgl.ui.FXGLDialogFactoryServiceProvider, class com.almasb.fxgl.audio.AudioPlayer, class com.almasb.fxgl.notification.impl.NotificationServiceProvider, class com.almasb.fxgl.achievement.AchievementService, class com.almasb.fxgl.cutscene.CutsceneService, class com.almasb.fxgl.minigames.MiniGameService, class com.almasb.fxgl.net.NetService, class com.almasb.fxgl.app.services.UpdaterService, class com.almasb.fxgl.dev.DevService]
23:24:07.272 [FXGL Background Thread 3 ] DEBUG Engine               - fontGame: Abel-Regular.ttf
23:24:07.272 [FXGL Background Thread 3 ] DEBUG Engine               - fontMono: TerminalLandMono-Regular.otf
23:24:07.272 [FXGL Background Thread 3 ] DEBUG Engine               - fontText: Courier-Prime.ttf
23:24:07.272 [FXGL Background Thread 3 ] DEBUG Engine               - fontUI: VarelaRound-Regular.ttf
23:24:07.272 [FXGL Background Thread 3 ] DEBUG Engine               - fullScreen: BooleanProperty [value: false]
23:24:07.272 [FXGL Background Thread 3 ] DEBUG Engine               - gameDifficulty: MEDIUM
23:24:07.272 [FXGL Background Thread 3 ] DEBUG Engine               - gameDifficultyProperty: ObjectProperty [value: MEDIUM]
23:24:07.272 [FXGL Background Thread 3 ] DEBUG Engine               - globalMusicVolume: 0.5
23:24:07.272 [FXGL Background Thread 3 ] DEBUG Engine               - globalMusicVolumeProperty: DoubleProperty [value: 0.5]
23:24:07.272 [FXGL Background Thread 3 ] DEBUG Engine               - globalSoundVolume: 0.5
23:24:07.272 [FXGL Background Thread 3 ] DEBUG Engine               - globalSoundVolumeProperty: DoubleProperty [value: 0.5]
23:24:07.272 [FXGL Background Thread 3 ] DEBUG Engine               - height: 600
23:24:07.272 [FXGL Background Thread 3 ] DEBUG Engine               - is3D: false
23:24:07.272 [FXGL Background Thread 3 ] DEBUG Engine               - isAndroid: false
23:24:07.272 [FXGL Background Thread 3 ] DEBUG Engine               - isBrowser: false
23:24:07.272 [FXGL Background Thread 3 ] DEBUG Engine               - isClickFeedbackEnabled: false
23:24:07.272 [FXGL Background Thread 3 ] DEBUG Engine               - isCloseConfirmation: false
23:24:07.272 [FXGL Background Thread 3 ] DEBUG Engine               - isDesktop: true
23:24:07.272 [FXGL Background Thread 3 ] DEBUG Engine               - isDeveloperMenuEnabled: false
23:24:07.272 [FXGL Background Thread 3 ] DEBUG Engine               - isEmbedded: false
23:24:07.272 [FXGL Background Thread 3 ] DEBUG Engine               - isEntityPreloadEnabled: true
23:24:07.272 [FXGL Background Thread 3 ] DEBUG Engine               - isExperimentalTiledLargeMap: false
23:24:07.273 [FXGL Background Thread 3 ] DEBUG Engine               - isFileSystemWriteAllowed: true
23:24:07.273 [FXGL Background Thread 3 ] DEBUG Engine               - isFullScreenAllowed: false
23:24:07.273 [FXGL Background Thread 3 ] DEBUG Engine               - isFullScreenFromStart: false
23:24:07.273 [FXGL Background Thread 3 ] DEBUG Engine               - isGameMenuEnabled: true
23:24:07.273 [FXGL Background Thread 3 ] DEBUG Engine               - isIOS: false
23:24:07.273 [FXGL Background Thread 3 ] DEBUG Engine               - isIntroEnabled: false
23:24:07.273 [FXGL Background Thread 3 ] DEBUG Engine               - isLinux: false
23:24:07.273 [FXGL Background Thread 3 ] DEBUG Engine               - isMac: false
23:24:07.273 [FXGL Background Thread 3 ] DEBUG Engine               - isMainMenuEnabled: true
23:24:07.273 [FXGL Background Thread 3 ] DEBUG Engine               - isManualResizeEnabled: false
23:24:07.273 [FXGL Background Thread 3 ] DEBUG Engine               - isMobile: false
23:24:07.273 [FXGL Background Thread 3 ] DEBUG Engine               - isNative: false
23:24:07.273 [FXGL Background Thread 3 ] DEBUG Engine               - isPauseMusicWhenMinimized: true
23:24:07.273 [FXGL Background Thread 3 ] DEBUG Engine               - isPreserveResizeRatio: false
23:24:07.273 [FXGL Background Thread 3 ] DEBUG Engine               - isProfilingEnabled: false
23:24:07.273 [FXGL Background Thread 3 ] DEBUG Engine               - isScaleAffectedOnResize: true
23:24:07.273 [FXGL Background Thread 3 ] DEBUG Engine               - isSingleStep: false
23:24:07.273 [FXGL Background Thread 3 ] DEBUG Engine               - isUserProfileEnabled: false
23:24:07.273 [FXGL Background Thread 3 ] DEBUG Engine               - isWindows: true
23:24:07.273 [FXGL Background Thread 3 ] DEBUG Engine               - language: ObjectProperty [value: ENGLISH]
23:24:07.273 [FXGL Background Thread 3 ] DEBUG Engine               - menuKey: ESCAPE
23:24:07.273 [FXGL Background Thread 3 ] DEBUG Engine               - mouseSensitivity: 0.2
23:24:07.273 [FXGL Background Thread 3 ] DEBUG Engine               - notificationViewClass: class com.almasb.fxgl.notification.view.XboxNotificationView
23:24:07.273 [FXGL Background Thread 3 ] DEBUG Engine               - pixelsPerMeter: 50.0
23:24:07.273 [FXGL Background Thread 3 ] DEBUG Engine               - platform: WINDOWS
23:24:07.273 [FXGL Background Thread 3 ] DEBUG Engine               - prefHeightProperty: ReadOnlyDoubleProperty [value: 600.0]
23:24:07.273 [FXGL Background Thread 3 ] DEBUG Engine               - prefWidthProperty: ReadOnlyDoubleProperty [value: 800.0]
23:24:07.273 [FXGL Background Thread 3 ] DEBUG Engine               - profileDir: profiles/
23:24:07.274 [FXGL Background Thread 3 ] DEBUG Engine               - profileName: StringProperty [value: DEFAULT]
23:24:07.274 [FXGL Background Thread 3 ] DEBUG Engine               - randomSeed: -1
23:24:07.274 [FXGL Background Thread 3 ] DEBUG Engine               - runtimeInfo: RuntimeInfo(platform=WINDOWS, version=17.2, build=20.08.2022 16.50)
23:24:07.274 [FXGL Background Thread 3 ] DEBUG Engine               - saveFileExt: sav
23:24:07.274 [FXGL Background Thread 3 ] DEBUG Engine               - scaledHeightProp$fxgl: DoubleProperty [bound, value: 600.0]
23:24:07.274 [FXGL Background Thread 3 ] DEBUG Engine               - scaledWidthProp$fxgl: DoubleProperty [bound, value: 800.0]
23:24:07.274 [FXGL Background Thread 3 ] DEBUG Engine               - sceneFactory: com.game.GameApp$8@ff61139
23:24:07.274 [FXGL Background Thread 3 ] DEBUG Engine               - secondsIn24h: 60
23:24:07.274 [FXGL Background Thread 3 ] DEBUG Engine               - soundMenuBack: menu/back.wav
23:24:07.274 [FXGL Background Thread 3 ] DEBUG Engine               - soundMenuPress: menu/press.wav
23:24:07.274 [FXGL Background Thread 3 ] DEBUG Engine               - soundMenuSelect: menu/select.wav
23:24:07.274 [FXGL Background Thread 3 ] DEBUG Engine               - soundNotification: core/notification.wav
23:24:07.274 [FXGL Background Thread 3 ] DEBUG Engine               - stageStyle: DECORATED
23:24:07.274 [FXGL Background Thread 3 ] DEBUG Engine               - supportedLanguages: [ENGLISH, FRENCH, GERMAN, HUNGARIAN, RUSSIAN]
23:24:07.274 [FXGL Background Thread 3 ] DEBUG Engine               - ticksPerSecond: -1
23:24:07.274 [FXGL Background Thread 3 ] DEBUG Engine               - title: QQBOMBER-704
23:24:07.274 [FXGL Background Thread 3 ] DEBUG Engine               - urlGithub: https://github.com/AlmasB/FXGL
23:24:07.274 [FXGL Background Thread 3 ] DEBUG Engine               - urlLeaderboard: http://fxgl-top.herokuapp.com/
23:24:07.274 [FXGL Background Thread 3 ] DEBUG Engine               - urlPOM: https://raw.githubusercontent.com/AlmasB/FXGL/release/README.md
23:24:07.274 [FXGL Background Thread 3 ] DEBUG Engine               - userAppClass: class com.game.GameApp
23:24:07.274 [FXGL Background Thread 3 ] DEBUG Engine               - version: 0.1
23:24:07.274 [FXGL Background Thread 3 ] DEBUG Engine               - versionCheckDays: 7
23:24:07.274 [FXGL Background Thread 3 ] DEBUG Engine               - width: 800
23:24:07.274 [FXGL Background Thread 3 ] DEBUG Engine               - Logging services
23:24:07.275 [FXGL Background Thread 3 ] DEBUG Engine               - class com.almasb.fxgl.app.services.FXGLAssetLoaderService
23:24:07.275 [FXGL Background Thread 3 ] DEBUG Engine               - class com.almasb.fxgl.app.FXGLApplication$GameApplicationService
23:24:07.275 [FXGL Background Thread 3 ] DEBUG Engine               - class com.almasb.fxgl.app.services.FXGLDialogService
23:24:07.275 [FXGL Background Thread 3 ] DEBUG Engine               - class com.almasb.fxgl.app.services.IOTaskExecutorService
23:24:07.275 [FXGL Background Thread 3 ] DEBUG Engine               - class com.almasb.fxgl.io.FileSystemService
23:24:07.275 [FXGL Background Thread 3 ] DEBUG Engine               - class com.almasb.fxgl.localization.LocalizationService
23:24:07.275 [FXGL Background Thread 3 ] DEBUG Engine               - class com.almasb.fxgl.app.services.SystemBundleService
23:24:07.275 [FXGL Background Thread 3 ] DEBUG Engine               - class com.almasb.fxgl.profile.SaveLoadService
23:24:07.275 [FXGL Background Thread 3 ] DEBUG Engine               - class com.almasb.fxgl.ui.FXGLUIFactoryServiceProvider
23:24:07.275 [FXGL Background Thread 3 ] DEBUG Engine               - class com.almasb.fxgl.ui.FXGLDialogFactoryServiceProvider
23:24:07.275 [FXGL Background Thread 3 ] DEBUG Engine               - class com.almasb.fxgl.audio.AudioPlayer
23:24:07.275 [FXGL Background Thread 3 ] DEBUG Engine               - class com.almasb.fxgl.notification.impl.NotificationServiceProvider
23:24:07.275 [FXGL Background Thread 3 ] DEBUG Engine               - class com.almasb.fxgl.achievement.AchievementService
23:24:07.275 [FXGL Background Thread 3 ] DEBUG Engine               - class com.almasb.fxgl.cutscene.CutsceneService
23:24:07.275 [FXGL Background Thread 3 ] DEBUG Engine               - class com.almasb.fxgl.minigames.MiniGameService
23:24:07.275 [FXGL Background Thread 3 ] DEBUG Engine               - class com.almasb.fxgl.net.NetService
23:24:07.275 [FXGL Background Thread 3 ] DEBUG Engine               - class com.almasb.fxgl.app.services.UpdaterService
23:24:07.275 [FXGL Background Thread 3 ] DEBUG Engine               - class com.almasb.fxgl.dev.DevService
23:24:08.451 [JavaFX Application Thread] DEBUG GameApplicationServi - Starting new game
23:24:08.451 [JavaFX Application Thread] DEBUG PrimaryStageWindow   - Pop state: MyMainMenu
23:24:08.451 [JavaFX Application Thread] DEBUG Input                - Clearing active input actions
23:24:08.452 [JavaFX Application Thread] DEBUG GameApplicationServi - Removing overlay from MyMainMenu and adding to FXGLMainMenuDummyScene
23:24:08.452 [JavaFX Application Thread] DEBUG PrimaryStageWindow   - FXGLMainMenuDummyScene <- MyMainMenu
23:24:08.452 [JavaFX Application Thread] DEBUG Input                - Clearing active input actions
23:24:08.455 [JavaFX Application Thread] DEBUG GameApplicationServi - Removing overlay from FXGLMainMenuDummyScene and adding to FXGLLoadingScene
23:24:08.455 [JavaFX Application Thread] DEBUG PrimaryStageWindow   - FXGLMainMenuDummyScene -> FXGLLoadingScene
23:24:08.455 [JavaFX Application Thread] DEBUG GameApplicationServi - Clearing previous game
23:24:08.455 [JavaFX Application Thread] DEBUG GameScene            - Clearing game scene
23:24:08.455 [JavaFX Application Thread] DEBUG GameWorld            - Clearing game world
23:24:08.455 [JavaFX Application Thread] DEBUG PhysicsWorld         - Clearing physics world
23:24:08.456 [FXGL Background Thread 4 ] DEBUG FXGLApplication      - Initializing game
23:24:08.468 [FXGL Background Thread 4 ] DEBUG FXGLAssetLoaderServi - Loading from file system: file:/C:/Users/23256/Desktop/QQBOMB/Game2p_final/target/classes/assets/textures/music.png
23:24:08.473 [FXGL Background Thread 4 ] DEBUG FXGLAssetLoaderServi - Loading from file system: file:/C:/Users/23256/Desktop/QQBOMB/Game2p_final/target/classes/assets/textures/musicOFF.png
23:24:08.475 [FXGL Background Thread 4 ] DEBUG FXGLAssetLoaderServi - Loading from file system: file:/C:/Users/23256/Desktop/QQBOMB/Game2p_final/target/classes/assets/textures/game_background.png
23:24:08.486 [FXGL Background Thread 4 ] DEBUG FXGLAssetLoaderServi - Loading from file system: file:/C:/Users/23256/Desktop/QQBOMB/Game2p_final/target/classes/assets/textures/f2.png
23:24:08.592 [FXGL Background Thread 4 ] DEBUG FXGLAssetLoaderServi - Loading from file system: file:/C:/Users/23256/Desktop/QQBOMB/Game2p_final/target/classes/assets/textures/GrassLevel.png
23:24:08.625 [FXGL Background Thread 4 ] DEBUG FXGLAssetLoaderServi - Loading from file system: file:/C:/Users/23256/Desktop/QQBOMB/Game2p_final/target/classes/assets/textures/scarecow.png
23:24:08.626 [FXGL Background Thread 4 ] DEBUG FXGLAssetLoaderServi - Loading from file system: file:/C:/Users/23256/Desktop/QQBOMB/Game2p_final/target/classes/assets/textures/grave.png
23:24:08.673 [FXGL Background Thread 4 ] DEBUG FXGLAssetLoaderServi - Loading from file system: file:/C:/Users/23256/Desktop/QQBOMB/Game2p_final/target/classes/assets/textures/player1.png
23:24:08.681 [FXGL Background Thread 4 ] DEBUG FXGLAssetLoaderServi - Loading from file system: file:/C:/Users/23256/Desktop/QQBOMB/Game2p_final/target/classes/assets/textures/player2.png
23:24:08.682 [FXGL Background Thread 4 ] DEBUG Input                - Registered new binding: playBomb_server - Space
23:24:08.683 [FXGL Background Thread 4 ] DEBUG Input                - Registered new binding: moveup - W
23:24:08.683 [FXGL Background Thread 4 ] DEBUG Input                - Registered new binding: movedown - S
23:24:08.683 [FXGL Background Thread 4 ] DEBUG Input                - Registered new binding: moveleft - A
23:24:08.683 [FXGL Background Thread 4 ] DEBUG Input                - Registered new binding: moveright - D
23:24:08.683 [FXGL Background Thread 4 ] DEBUG Input                - Registered new binding: playBomb2 - Enter
23:24:08.684 [FXGL Background Thread 4 ] DEBUG Input                - Registered new binding: action0 - Up
23:24:08.684 [FXGL Background Thread 4 ] DEBUG Input                - Registered new binding: action1 - Down
23:24:08.684 [FXGL Background Thread 4 ] DEBUG Input                - Registered new binding: action2 - Left
23:24:08.684 [FXGL Background Thread 4 ] DEBUG Input                - Registered new binding: action3 - Right
23:24:08.684 [FXGL Background Thread 4 ] DEBUG Input                - Registered new binding: pause - Esc
23:24:08.686 [FXGL Background Thread 4 ] DEBUG FXGLAssetLoaderServi - Loading from file system: file:/C:/Users/23256/Desktop/QQBOMB/Game2p_final/target/classes/assets/textures/player1head.png
23:24:08.697 [FXGL Background Thread 4 ] DEBUG FXGLAssetLoaderServi - Loading from file system: file:/C:/Users/23256/Desktop/QQBOMB/Game2p_final/target/classes/assets/textures/player2head.png
23:24:08.709 [FXGL Background Thread 4 ] DEBUG FXGLAssetLoaderServi - Loading from file system: file:/C:/Users/23256/Desktop/QQBOMB/Game2p_final/target/classes/assets/textures/player3head.png
23:24:08.716 [FXGL Background Thread 4 ] DEBUG FXGLAssetLoaderServi - Loading from file system: file:/C:/Users/23256/Desktop/QQBOMB/Game2p_final/target/classes/assets/textures/player4head.png
23:24:08.729 [FXGL Background Thread 4 ] DEBUG FXGLAssetLoaderServi - Loading from file system: file:/C:/Users/23256/Desktop/QQBOMB/Game2p_final/target/classes/assets/textures/life.png
23:24:08.734 [FXGL Background Thread 4 ] DEBUG FXGLAssetLoaderServi - Loading from file system: file:/C:/Users/23256/Desktop/QQBOMB/Game2p_final/target/classes/assets/textures/imgboob.png
23:24:08.735 [FXGL Background Thread 4 ] DEBUG FXGLAssetLoaderServi - Loading from file system: file:/C:/Users/23256/Desktop/QQBOMB/Game2p_final/target/classes/assets/textures/redme.png
23:24:08.735 [FXGL Background Thread 4 ] DEBUG FXGLAssetLoaderServi - Loading from file system: file:/C:/Users/23256/Desktop/QQBOMB/Game2p_final/target/classes/assets/textures/moveboot.png
23:24:08.737 [FXGL Background Thread 4 ] INFO  FXGLApplication      - Game initialization took: 0.280 sec
23:24:08.737 [JavaFX Application Thread] DEBUG Input                - Clearing active input actions
23:24:08.743 [JavaFX Application Thread] DEBUG GameApplicationServi - Removing overlay from FXGLLoadingScene and adding to GameScene
23:24:08.743 [JavaFX Application Thread] DEBUG PrimaryStageWindow   - FXGLLoadingScene -> GameScene
23:24:09.178 [JavaFX Application Thread] DEBUG FXGLAssetLoaderServi - Loading from file system: file:/C:/Users/23256/Desktop/QQBOMB/Game2p_final/target/classes/assets/textures/bomb.png
23:24:09.178 [Thread-512               ] DEBUG FXGLAssetLoaderServi - Loading from file system: file:/C:/Users/23256/Desktop/QQBOMB/Game2p_final/target/classes/assets/sounds/put.wav
23:24:10.683 [JavaFX Application Thread] DEBUG FXGLAssetLoaderServi - Loading from file system: file:/C:/Users/23256/Desktop/QQBOMB/Game2p_final/target/classes/assets/textures/singleboom.png
23:24:10.683 [Thread-546               ] DEBUG FXGLAssetLoaderServi - Loading from file system: file:/C:/Users/23256/Desktop/QQBOMB/Game2p_final/target/classes/assets/sounds/Fire.wav
23:24:10.693 [JavaFX Application Thread] DEBUG FXGLAssetLoaderServi - Loading from file system: file:/C:/Users/23256/Desktop/QQBOMB/Game2p_final/target/classes/assets/textures/e.png
23:24:14.015 [JavaFX Application Thread] DEBUG FXGLAssetLoaderServi - Loading from file system: file:/C:/Users/23256/Desktop/QQBOMB/Game2p_final/target/classes/assets/textures/toyShoe.png
23:24:14.034 [Thread-782               ] DEBUG FXGLAssetLoaderServi - Loading from file system: file:/C:/Users/23256/Desktop/QQBOMB/Game2p_final/target/classes/assets/sounds/pick.wav
23:24:17.887 [JavaFX Application Thread] DEBUG FXGLAssetLoaderServi - Loading from file system: file:/C:/Users/23256/Desktop/QQBOMB/Game2p_final/target/classes/assets/textures/explode.png
23:24:21.022 [JavaFX Application Thread] DEBUG PrimaryStageWindow   - Push state: Player2win
23:24:21.022 [JavaFX Application Thread] DEBUG Input                - Clearing active input actions
23:24:21.022 [JavaFX Application Thread] DEBUG GameApplicationServi - Removing overlay from GameScene and adding to Player2win
23:24:21.022 [JavaFX Application Thread] DEBUG PrimaryStageWindow   - GameScene -> Player2win
23:24:25.232 [JavaFX Application Thread] DEBUG PrimaryStageWindow   - Pop state: Player2win
23:24:25.232 [JavaFX Application Thread] DEBUG Input                - Clearing active input actions
23:24:25.233 [JavaFX Application Thread] DEBUG GameApplicationServi - Removing overlay from Player2win and adding to GameScene
23:24:25.233 [JavaFX Application Thread] DEBUG PrimaryStageWindow   - GameScene <- Player2win
23:24:25.233 [JavaFX Application Thread] DEBUG Input                - Clearing active input actions
23:24:25.235 [JavaFX Application Thread] DEBUG GameApplicationServi - Removing overlay from GameScene and adding to FXGLMainMenuDummyScene
23:24:25.235 [JavaFX Application Thread] DEBUG PrimaryStageWindow   - GameScene -> FXGLMainMenuDummyScene
23:24:25.235 [JavaFX Application Thread] DEBUG PrimaryStageWindow   - Push state: MyMainMenu
23:24:25.235 [JavaFX Application Thread] DEBUG Input                - Clearing active input actions
23:24:25.235 [JavaFX Application Thread] DEBUG GameApplicationServi - Removing overlay from FXGLMainMenuDummyScene and adding to MyMainMenu
23:24:25.235 [JavaFX Application Thread] DEBUG PrimaryStageWindow   - FXGLMainMenuDummyScene -> MyMainMenu
23:24:25.443 [FXGL Background Thread 2 ] WARN  UpdaterService       - Failed to find updates: java.net.ConnectException: Connection timed out: connect
23:24:27.123 [JavaFX Application Thread] DEBUG FXGLApplication      - Exiting FXGL
23:24:27.124 [JavaFX Application Thread] DEBUG LoopRunner           - Stopping loop
23:24:27.124 [JavaFX Application Thread] DEBUG SystemBundleService  - Saving FXGL system data
23:24:27.125 [JavaFX Application Thread] DEBUG FileSystemAccess     - Writing to: C:\Users\23256\Desktop\QQBOMB\Game2p_final\system\fxgl.bundle
23:24:27.126 [JavaFX Application Thread] DEBUG Async                - Shutting down background threads
23:24:27.126 [JavaFX Application Thread] DEBUG PrimaryStageWindow   - Closing main window
23:24:27.139 [JavaFX Application Thread] DEBUG Logger               - Closing Logger
